{"uid":"2aaa489fdb4f3c5a","name":"Visualizar usuários cadastrados","fullName":"Acessar a página de login e testar fluxo de tela de usuários: Visualizar usuários cadastrados","historyId":"c41715af70144ff9305360ead9a0813e","time":{"start":1744228263307,"stop":1744228263341,"duration":34},"status":"broken","statusMessage":"selenium.common.exceptions.NoSuchWindowException: Message: no such window: target window already closed\nfrom unknown error: web view not found\n  (Session info: chrome=135.0.7049.43)\nStacktrace:\n\tGetHandleVerifier [0x00007FF735065335+78597]\n\tGetHandleVerifier [0x00007FF735065390+78688]\n\t(No symbol) [0x00007FF734E191AA]\n\t(No symbol) [0x00007FF734DF1B63]\n\t(No symbol) [0x00007FF734E9EB6E]\n\t(No symbol) [0x00007FF734EBEBB2]\n\t(No symbol) [0x00007FF734E96EC3]\n\t(No symbol) [0x00007FF734E603F8]\n\t(No symbol) [0x00007FF734E61163]\n\tGetHandleVerifier [0x00007FF73530EEED+2870973]\n\tGetHandleVerifier [0x00007FF735309698+2848360]\n\tGetHandleVerifier [0x00007FF735326973+2967875]\n\tGetHandleVerifier [0x00007FF73508017A+188746]\n\tGetHandleVerifier [0x00007FF73508845F+222255]\n\tGetHandleVerifier [0x00007FF73506D2B4+111236]\n\tGetHandleVerifier [0x00007FF73506D462+111666]\n\tGetHandleVerifier [0x00007FF735053589+5465]\n\tBaseThreadInitThunk [0x00007FF97A067374+20]\n\tRtlUserThreadStart [0x00007FF97AEBCC91+33]\n\n","statusTrace":"  File \"C:\\Users\\mferreio\\OneDrive - NTT DATA EMEAL\\Documents\\__Github_Projetos__\\AutomacaoDeTeste\\venv\\Lib\\site-packages\\behave\\model.py\", line 1329, in run\n    match.run(runner.context)\n  File \"C:\\Users\\mferreio\\OneDrive - NTT DATA EMEAL\\Documents\\__Github_Projetos__\\AutomacaoDeTeste\\venv\\Lib\\site-packages\\behave\\matchers.py\", line 98, in run\n    self.func(context, *args, **kwargs)\n  File \"C:\\Users\\mferreio\\OneDrive - NTT DATA EMEAL\\Documents\\__Github_Projetos__\\AutomacaoDeTeste\\venv\\Lib\\site-packages\\allure_commons\\_allure.py\", line 202, in impl\n    return func(*a, **kw)\n           ^^^^^^^^^^^^^^\n  File \"features\\steps\\test_login_steps.py\", line 89, in validar_usuario_administrador\n    context.login_page.validar_usuario_administrador()\n  File \"C:\\Users\\mferreio\\OneDrive - NTT DATA EMEAL\\Documents\\__Github_Projetos__\\neo_liberalizados-automacao\\pages\\login_page.py\", line 69, in validar_usuario_administrador\n    elemento = self.driver.find_element(*LoginPageLocators.VALIDAR_ADMINISTRADOR)\n               ^^^^^^^^^^^^^^^^^^^^^^^^^^^^^^^^^^^^^^^^^^^^^^^^^^^^^^^^^^^^^^^^^^\n  File \"C:\\Users\\mferreio\\OneDrive - NTT DATA EMEAL\\Documents\\__Github_Projetos__\\AutomacaoDeTeste\\venv\\Lib\\site-packages\\selenium\\webdriver\\remote\\webdriver.py\", line 898, in find_element\n    return self.execute(Command.FIND_ELEMENT, {\"using\": by, \"value\": value})[\"value\"]\n           ^^^^^^^^^^^^^^^^^^^^^^^^^^^^^^^^^^^^^^^^^^^^^^^^^^^^^^^^^^^^^^^^^\n  File \"C:\\Users\\mferreio\\OneDrive - NTT DATA EMEAL\\Documents\\__Github_Projetos__\\AutomacaoDeTeste\\venv\\Lib\\site-packages\\selenium\\webdriver\\remote\\webdriver.py\", line 429, in execute\n    self.error_handler.check_response(response)\n  File \"C:\\Users\\mferreio\\OneDrive - NTT DATA EMEAL\\Documents\\__Github_Projetos__\\AutomacaoDeTeste\\venv\\Lib\\site-packages\\selenium\\webdriver\\remote\\errorhandler.py\", line 232, in check_response\n    raise exception_class(message, screen, stacktrace)\n","flaky":false,"newFailed":false,"newBroken":false,"newPassed":false,"retriesCount":0,"retriesStatusChange":false,"beforeStages":[],"testStage":{"status":"broken","statusMessage":"selenium.common.exceptions.NoSuchWindowException: Message: no such window: target window already closed\nfrom unknown error: web view not found\n  (Session info: chrome=135.0.7049.43)\nStacktrace:\n\tGetHandleVerifier [0x00007FF735065335+78597]\n\tGetHandleVerifier [0x00007FF735065390+78688]\n\t(No symbol) [0x00007FF734E191AA]\n\t(No symbol) [0x00007FF734DF1B63]\n\t(No symbol) [0x00007FF734E9EB6E]\n\t(No symbol) [0x00007FF734EBEBB2]\n\t(No symbol) [0x00007FF734E96EC3]\n\t(No symbol) [0x00007FF734E603F8]\n\t(No symbol) [0x00007FF734E61163]\n\tGetHandleVerifier [0x00007FF73530EEED+2870973]\n\tGetHandleVerifier [0x00007FF735309698+2848360]\n\tGetHandleVerifier [0x00007FF735326973+2967875]\n\tGetHandleVerifier [0x00007FF73508017A+188746]\n\tGetHandleVerifier [0x00007FF73508845F+222255]\n\tGetHandleVerifier [0x00007FF73506D2B4+111236]\n\tGetHandleVerifier [0x00007FF73506D462+111666]\n\tGetHandleVerifier [0x00007FF735053589+5465]\n\tBaseThreadInitThunk [0x00007FF97A067374+20]\n\tRtlUserThreadStart [0x00007FF97AEBCC91+33]\n\n","statusTrace":"  File \"C:\\Users\\mferreio\\OneDrive - NTT DATA EMEAL\\Documents\\__Github_Projetos__\\AutomacaoDeTeste\\venv\\Lib\\site-packages\\behave\\model.py\", line 1329, in run\n    match.run(runner.context)\n  File \"C:\\Users\\mferreio\\OneDrive - NTT DATA EMEAL\\Documents\\__Github_Projetos__\\AutomacaoDeTeste\\venv\\Lib\\site-packages\\behave\\matchers.py\", line 98, in run\n    self.func(context, *args, **kwargs)\n  File \"C:\\Users\\mferreio\\OneDrive - NTT DATA EMEAL\\Documents\\__Github_Projetos__\\AutomacaoDeTeste\\venv\\Lib\\site-packages\\allure_commons\\_allure.py\", line 202, in impl\n    return func(*a, **kw)\n           ^^^^^^^^^^^^^^\n  File \"features\\steps\\test_login_steps.py\", line 89, in validar_usuario_administrador\n    context.login_page.validar_usuario_administrador()\n  File \"C:\\Users\\mferreio\\OneDrive - NTT DATA EMEAL\\Documents\\__Github_Projetos__\\neo_liberalizados-automacao\\pages\\login_page.py\", line 69, in validar_usuario_administrador\n    elemento = self.driver.find_element(*LoginPageLocators.VALIDAR_ADMINISTRADOR)\n               ^^^^^^^^^^^^^^^^^^^^^^^^^^^^^^^^^^^^^^^^^^^^^^^^^^^^^^^^^^^^^^^^^^\n  File \"C:\\Users\\mferreio\\OneDrive - NTT DATA EMEAL\\Documents\\__Github_Projetos__\\AutomacaoDeTeste\\venv\\Lib\\site-packages\\selenium\\webdriver\\remote\\webdriver.py\", line 898, in find_element\n    return self.execute(Command.FIND_ELEMENT, {\"using\": by, \"value\": value})[\"value\"]\n           ^^^^^^^^^^^^^^^^^^^^^^^^^^^^^^^^^^^^^^^^^^^^^^^^^^^^^^^^^^^^^^^^^\n  File \"C:\\Users\\mferreio\\OneDrive - NTT DATA EMEAL\\Documents\\__Github_Projetos__\\AutomacaoDeTeste\\venv\\Lib\\site-packages\\selenium\\webdriver\\remote\\webdriver.py\", line 429, in execute\n    self.error_handler.check_response(response)\n  File \"C:\\Users\\mferreio\\OneDrive - NTT DATA EMEAL\\Documents\\__Github_Projetos__\\AutomacaoDeTeste\\venv\\Lib\\site-packages\\selenium\\webdriver\\remote\\errorhandler.py\", line 232, in check_response\n    raise exception_class(message, screen, stacktrace)\n","steps":[{"name":"Given que o usuário está logado como \"Administrador\"","time":{"start":1744228263311,"stop":1744228263331,"duration":20},"status":"broken","statusMessage":"selenium.common.exceptions.NoSuchWindowException: Message: no such window: target window already closed\nfrom unknown error: web view not found\n  (Session info: chrome=135.0.7049.43)\nStacktrace:\n\tGetHandleVerifier [0x00007FF735065335+78597]\n\tGetHandleVerifier [0x00007FF735065390+78688]\n\t(No symbol) [0x00007FF734E191AA]\n\t(No symbol) [0x00007FF734DF1B63]\n\t(No symbol) [0x00007FF734E9EB6E]\n\t(No symbol) [0x00007FF734EBEBB2]\n\t(No symbol) [0x00007FF734E96EC3]\n\t(No symbol) [0x00007FF734E603F8]\n\t(No symbol) [0x00007FF734E61163]\n\tGetHandleVerifier [0x00007FF73530EEED+2870973]\n\tGetHandleVerifier [0x00007FF735309698+2848360]\n\tGetHandleVerifier [0x00007FF735326973+2967875]\n\tGetHandleVerifier [0x00007FF73508017A+188746]\n\tGetHandleVerifier [0x00007FF73508845F+222255]\n\tGetHandleVerifier [0x00007FF73506D2B4+111236]\n\tGetHandleVerifier [0x00007FF73506D462+111666]\n\tGetHandleVerifier [0x00007FF735053589+5465]\n\tBaseThreadInitThunk [0x00007FF97A067374+20]\n\tRtlUserThreadStart [0x00007FF97AEBCC91+33]\n\n","statusTrace":"  File \"C:\\Users\\mferreio\\OneDrive - NTT DATA EMEAL\\Documents\\__Github_Projetos__\\AutomacaoDeTeste\\venv\\Lib\\site-packages\\behave\\model.py\", line 1329, in run\n    match.run(runner.context)\n  File \"C:\\Users\\mferreio\\OneDrive - NTT DATA EMEAL\\Documents\\__Github_Projetos__\\AutomacaoDeTeste\\venv\\Lib\\site-packages\\behave\\matchers.py\", line 98, in run\n    self.func(context, *args, **kwargs)\n  File \"C:\\Users\\mferreio\\OneDrive - NTT DATA EMEAL\\Documents\\__Github_Projetos__\\AutomacaoDeTeste\\venv\\Lib\\site-packages\\allure_commons\\_allure.py\", line 202, in impl\n    return func(*a, **kw)\n           ^^^^^^^^^^^^^^\n  File \"features\\steps\\test_login_steps.py\", line 89, in validar_usuario_administrador\n    context.login_page.validar_usuario_administrador()\n  File \"C:\\Users\\mferreio\\OneDrive - NTT DATA EMEAL\\Documents\\__Github_Projetos__\\neo_liberalizados-automacao\\pages\\login_page.py\", line 69, in validar_usuario_administrador\n    elemento = self.driver.find_element(*LoginPageLocators.VALIDAR_ADMINISTRADOR)\n               ^^^^^^^^^^^^^^^^^^^^^^^^^^^^^^^^^^^^^^^^^^^^^^^^^^^^^^^^^^^^^^^^^^\n  File \"C:\\Users\\mferreio\\OneDrive - NTT DATA EMEAL\\Documents\\__Github_Projetos__\\AutomacaoDeTeste\\venv\\Lib\\site-packages\\selenium\\webdriver\\remote\\webdriver.py\", line 898, in find_element\n    return self.execute(Command.FIND_ELEMENT, {\"using\": by, \"value\": value})[\"value\"]\n           ^^^^^^^^^^^^^^^^^^^^^^^^^^^^^^^^^^^^^^^^^^^^^^^^^^^^^^^^^^^^^^^^^\n  File \"C:\\Users\\mferreio\\OneDrive - NTT DATA EMEAL\\Documents\\__Github_Projetos__\\AutomacaoDeTeste\\venv\\Lib\\site-packages\\selenium\\webdriver\\remote\\webdriver.py\", line 429, in execute\n    self.error_handler.check_response(response)\n  File \"C:\\Users\\mferreio\\OneDrive - NTT DATA EMEAL\\Documents\\__Github_Projetos__\\AutomacaoDeTeste\\venv\\Lib\\site-packages\\selenium\\webdriver\\remote\\errorhandler.py\", line 232, in check_response\n    raise exception_class(message, screen, stacktrace)\n","steps":[{"name":"Validando que o usuário está logado como Administrador","time":{"start":1744228263313,"stop":1744228263324,"duration":11},"status":"broken","statusMessage":"selenium.common.exceptions.NoSuchWindowException: Message: no such window: target window already closed\nfrom unknown error: web view not found\n  (Session info: chrome=135.0.7049.43)\nStacktrace:\n\tGetHandleVerifier [0x00007FF735065335+78597]\n\tGetHandleVerifier [0x00007FF735065390+78688]\n\t(No symbol) [0x00007FF734E191AA]\n\t(No symbol) [0x00007FF734DF1B63]\n\t(No symbol) [0x00007FF734E9EB6E]\n\t(No symbol) [0x00007FF734EBEBB2]\n\t(No symbol) [0x00007FF734E96EC3]\n\t(No symbol) [0x00007FF734E603F8]\n\t(No symbol) [0x00007FF734E61163]\n\tGetHandleVerifier [0x00007FF73530EEED+2870973]\n\tGetHandleVerifier [0x00007FF735309698+2848360]\n\tGetHandleVerifier [0x00007FF735326973+2967875]\n\tGetHandleVerifier [0x00007FF73508017A+188746]\n\tGetHandleVerifier [0x00007FF73508845F+222255]\n\tGetHandleVerifier [0x00007FF73506D2B4+111236]\n\tGetHandleVerifier [0x00007FF73506D462+111666]\n\tGetHandleVerifier [0x00007FF735053589+5465]\n\tBaseThreadInitThunk [0x00007FF97A067374+20]\n\tRtlUserThreadStart [0x00007FF97AEBCC91+33]\n\n","statusTrace":"  File \"C:\\Users\\mferreio\\OneDrive - NTT DATA EMEAL\\Documents\\__Github_Projetos__\\AutomacaoDeTeste\\venv\\Lib\\site-packages\\allure_commons\\_allure.py\", line 202, in impl\n    return func(*a, **kw)\n           ^^^^^^^^^^^^^^\n  File \"features\\steps\\test_login_steps.py\", line 89, in validar_usuario_administrador\n    context.login_page.validar_usuario_administrador()\n  File \"C:\\Users\\mferreio\\OneDrive - NTT DATA EMEAL\\Documents\\__Github_Projetos__\\neo_liberalizados-automacao\\pages\\login_page.py\", line 69, in validar_usuario_administrador\n    elemento = self.driver.find_element(*LoginPageLocators.VALIDAR_ADMINISTRADOR)\n               ^^^^^^^^^^^^^^^^^^^^^^^^^^^^^^^^^^^^^^^^^^^^^^^^^^^^^^^^^^^^^^^^^^\n  File \"C:\\Users\\mferreio\\OneDrive - NTT DATA EMEAL\\Documents\\__Github_Projetos__\\AutomacaoDeTeste\\venv\\Lib\\site-packages\\selenium\\webdriver\\remote\\webdriver.py\", line 898, in find_element\n    return self.execute(Command.FIND_ELEMENT, {\"using\": by, \"value\": value})[\"value\"]\n           ^^^^^^^^^^^^^^^^^^^^^^^^^^^^^^^^^^^^^^^^^^^^^^^^^^^^^^^^^^^^^^^^^\n  File \"C:\\Users\\mferreio\\OneDrive - NTT DATA EMEAL\\Documents\\__Github_Projetos__\\AutomacaoDeTeste\\venv\\Lib\\site-packages\\selenium\\webdriver\\remote\\webdriver.py\", line 429, in execute\n    self.error_handler.check_response(response)\n  File \"C:\\Users\\mferreio\\OneDrive - NTT DATA EMEAL\\Documents\\__Github_Projetos__\\AutomacaoDeTeste\\venv\\Lib\\site-packages\\selenium\\webdriver\\remote\\errorhandler.py\", line 232, in check_response\n    raise exception_class(message, screen, stacktrace)\n","steps":[],"attachments":[],"parameters":[{"name":"context","value":"<behave.runner.Context object at 0x0000022550911AF0>"}],"stepsCount":0,"attachmentStep":false,"hasContent":true,"shouldDisplayMessage":true,"attachmentsCount":0}],"attachments":[],"parameters":[],"stepsCount":1,"attachmentStep":false,"hasContent":true,"shouldDisplayMessage":false,"attachmentsCount":0},{"name":"When navega até a tela de usuários - Perfil","time":{"start":1744228263341,"stop":1744228263341,"duration":0},"status":"skipped","steps":[],"attachments":[],"parameters":[],"stepsCount":0,"attachmentStep":false,"hasContent":false,"shouldDisplayMessage":false,"attachmentsCount":0},{"name":"Then valida os usuarios cadastrados","time":{"start":1744228263341,"stop":1744228263341,"duration":0},"status":"skipped","steps":[],"attachments":[],"parameters":[],"stepsCount":0,"attachmentStep":false,"hasContent":false,"shouldDisplayMessage":false,"attachmentsCount":0}],"attachments":[],"parameters":[],"stepsCount":4,"attachmentStep":false,"hasContent":true,"shouldDisplayMessage":false,"attachmentsCount":0},"afterStages":[],"labels":[{"name":"severity","value":"normal"},{"name":"feature","value":"Acessar a página de login e testar fluxo de tela de usuários"},{"name":"framework","value":"behave"},{"name":"language","value":"cpython3"},{"name":"resultFormat","value":"allure2"}],"parameters":[],"links":[],"hidden":true,"retry":true,"extra":{"categories":[],"tags":[]},"source":"2aaa489fdb4f3c5a.json","parameterValues":[]}