{"uid":"93c7cc763bdf293b","name":"Verificar o login com sucesso","fullName":"Testar o login no site da Neoenergia: Verificar o login com sucesso","historyId":"7160aeb25fb02f2772049519f98b707a","time":{"start":1743047549016,"stop":1743047577866,"duration":28850},"status":"broken","statusMessage":"selenium.common.exceptions.TimeoutException: Message: \nStacktrace:\n\tGetHandleVerifier [0x00007FF6F7474C25+3179557]\n\t(No symbol) [0x00007FF6F70D88A0]\n\t(No symbol) [0x00007FF6F6F691CA]\n\t(No symbol) [0x00007FF6F6FBFA67]\n\t(No symbol) [0x00007FF6F6FBFC9C]\n\t(No symbol) [0x00007FF6F7013627]\n\t(No symbol) [0x00007FF6F6FE7C6F]\n\t(No symbol) [0x00007FF6F70102F3]\n\t(No symbol) [0x00007FF6F6FE7A03]\n\t(No symbol) [0x00007FF6F6FB06D0]\n\t(No symbol) [0x00007FF6F6FB1983]\n\tGetHandleVerifier [0x00007FF6F74D67CD+3579853]\n\tGetHandleVerifier [0x00007FF6F74ED1D2+3672530]\n\tGetHandleVerifier [0x00007FF6F74E2153+3627347]\n\tGetHandleVerifier [0x00007FF6F724092A+868650]\n\t(No symbol) [0x00007FF6F70E2FFF]\n\t(No symbol) [0x00007FF6F70DF4A4]\n\t(No symbol) [0x00007FF6F70DF646]\n\t(No symbol) [0x00007FF6F70CEAA9]\n\tBaseThreadInitThunk [0x00007FFF3FDE7374+20]\n\tRtlUserThreadStart [0x00007FFF4173CC91+33]\n\n","statusTrace":"  File \"C:\\Users\\mferreio\\OneDrive - NTT DATA EMEAL\\Documents\\__Github_Projetos__\\AutomacaoDeTeste\\venv\\Lib\\site-packages\\behave\\model.py\", line 1329, in run\n    match.run(runner.context)\n  File \"C:\\Users\\mferreio\\OneDrive - NTT DATA EMEAL\\Documents\\__Github_Projetos__\\AutomacaoDeTeste\\venv\\Lib\\site-packages\\behave\\matchers.py\", line 98, in run\n    self.func(context, *args, **kwargs)\n  File \"C:\\Users\\mferreio\\OneDrive - NTT DATA EMEAL\\Documents\\__Github_Projetos__\\AutomacaoDeTeste\\venv\\Lib\\site-packages\\allure_commons\\_allure.py\", line 192, in impl\n    return func(*a, **kw)\n           ^^^^^^^^^^^^^^\n  File \"features\\steps\\test_login_steps.py\", line 28, in step_insert_email\n    esperar_e_executar(context, LoginPageLocators.EMAIL_FIELD, context.login_page.enter_email, LOGIN_EMAIL)\n  File \"C:\\Users\\mferreio\\OneDrive - NTT DATA EMEAL\\Documents\\__Github_Projetos__\\AutomacaoDeTeste\\features\\environment.py\", line 51, in esperar_e_executar\n    WebDriverWait(context.driver, 20).until(\n  File \"C:\\Users\\mferreio\\OneDrive - NTT DATA EMEAL\\Documents\\__Github_Projetos__\\AutomacaoDeTeste\\venv\\Lib\\site-packages\\selenium\\webdriver\\support\\wait.py\", line 146, in until\n    raise TimeoutException(message, screen, stacktrace)\n","flaky":false,"newFailed":false,"newBroken":false,"newPassed":false,"retriesCount":2,"retriesStatusChange":false,"beforeStages":[],"testStage":{"status":"broken","statusMessage":"selenium.common.exceptions.TimeoutException: Message: \nStacktrace:\n\tGetHandleVerifier [0x00007FF6F7474C25+3179557]\n\t(No symbol) [0x00007FF6F70D88A0]\n\t(No symbol) [0x00007FF6F6F691CA]\n\t(No symbol) [0x00007FF6F6FBFA67]\n\t(No symbol) [0x00007FF6F6FBFC9C]\n\t(No symbol) [0x00007FF6F7013627]\n\t(No symbol) [0x00007FF6F6FE7C6F]\n\t(No symbol) [0x00007FF6F70102F3]\n\t(No symbol) [0x00007FF6F6FE7A03]\n\t(No symbol) [0x00007FF6F6FB06D0]\n\t(No symbol) [0x00007FF6F6FB1983]\n\tGetHandleVerifier [0x00007FF6F74D67CD+3579853]\n\tGetHandleVerifier [0x00007FF6F74ED1D2+3672530]\n\tGetHandleVerifier [0x00007FF6F74E2153+3627347]\n\tGetHandleVerifier [0x00007FF6F724092A+868650]\n\t(No symbol) [0x00007FF6F70E2FFF]\n\t(No symbol) [0x00007FF6F70DF4A4]\n\t(No symbol) [0x00007FF6F70DF646]\n\t(No symbol) [0x00007FF6F70CEAA9]\n\tBaseThreadInitThunk [0x00007FFF3FDE7374+20]\n\tRtlUserThreadStart [0x00007FFF4173CC91+33]\n\n","statusTrace":"  File \"C:\\Users\\mferreio\\OneDrive - NTT DATA EMEAL\\Documents\\__Github_Projetos__\\AutomacaoDeTeste\\venv\\Lib\\site-packages\\behave\\model.py\", line 1329, in run\n    match.run(runner.context)\n  File \"C:\\Users\\mferreio\\OneDrive - NTT DATA EMEAL\\Documents\\__Github_Projetos__\\AutomacaoDeTeste\\venv\\Lib\\site-packages\\behave\\matchers.py\", line 98, in run\n    self.func(context, *args, **kwargs)\n  File \"C:\\Users\\mferreio\\OneDrive - NTT DATA EMEAL\\Documents\\__Github_Projetos__\\AutomacaoDeTeste\\venv\\Lib\\site-packages\\allure_commons\\_allure.py\", line 192, in impl\n    return func(*a, **kw)\n           ^^^^^^^^^^^^^^\n  File \"features\\steps\\test_login_steps.py\", line 28, in step_insert_email\n    esperar_e_executar(context, LoginPageLocators.EMAIL_FIELD, context.login_page.enter_email, LOGIN_EMAIL)\n  File \"C:\\Users\\mferreio\\OneDrive - NTT DATA EMEAL\\Documents\\__Github_Projetos__\\AutomacaoDeTeste\\features\\environment.py\", line 51, in esperar_e_executar\n    WebDriverWait(context.driver, 20).until(\n  File \"C:\\Users\\mferreio\\OneDrive - NTT DATA EMEAL\\Documents\\__Github_Projetos__\\AutomacaoDeTeste\\venv\\Lib\\site-packages\\selenium\\webdriver\\support\\wait.py\", line 146, in until\n    raise TimeoutException(message, screen, stacktrace)\n","steps":[{"name":"Iniciando cenário: Verificar o login com sucesso","time":{"start":1743047549017,"stop":1743047549017,"duration":0},"status":"passed","steps":[],"attachments":[],"parameters":[],"stepsCount":0,"attachmentStep":false,"shouldDisplayMessage":false,"attachmentsCount":0,"hasContent":false},{"name":"Given que eu acesso a página de login","time":{"start":1743047549018,"stop":1743047549390,"duration":372},"status":"passed","steps":[{"name":"Iniciando passo: que eu acesso a página de login","time":{"start":1743047549019,"stop":1743047549019,"duration":0},"status":"passed","steps":[],"attachments":[],"parameters":[],"stepsCount":0,"attachmentStep":false,"shouldDisplayMessage":false,"attachmentsCount":0,"hasContent":false},{"name":"Acessando a página de login","time":{"start":1743047549019,"stop":1743047549243,"duration":224},"status":"passed","steps":[],"attachments":[],"parameters":[{"name":"context","value":"<behave.runner.Context object at 0x000001A118217A70>"}],"stepsCount":0,"attachmentStep":false,"shouldDisplayMessage":false,"attachmentsCount":0,"hasContent":true}],"attachments":[],"parameters":[],"stepsCount":2,"attachmentStep":false,"shouldDisplayMessage":false,"attachmentsCount":0,"hasContent":true},{"name":"When eu clico no botão Entrar","time":{"start":1743047549391,"stop":1743047555785,"duration":6394},"status":"passed","steps":[{"name":"Iniciando passo: eu clico no botão Entrar","time":{"start":1743047549391,"stop":1743047549391,"duration":0},"status":"passed","steps":[],"attachments":[],"parameters":[],"stepsCount":0,"attachmentStep":false,"shouldDisplayMessage":false,"attachmentsCount":0,"hasContent":false},{"name":"Clicando no botão Entrar","time":{"start":1743047549392,"stop":1743047555484,"duration":6092},"status":"passed","steps":[],"attachments":[],"parameters":[{"name":"context","value":"<behave.runner.Context object at 0x000001A118217A70>"}],"stepsCount":0,"attachmentStep":false,"shouldDisplayMessage":false,"attachmentsCount":0,"hasContent":true}],"attachments":[],"parameters":[],"stepsCount":2,"attachmentStep":false,"shouldDisplayMessage":false,"attachmentsCount":0,"hasContent":true},{"name":"When eu insiro o email de usuario","time":{"start":1743047555785,"stop":1743047577861,"duration":22076},"status":"broken","statusMessage":"selenium.common.exceptions.TimeoutException: Message: \nStacktrace:\n\tGetHandleVerifier [0x00007FF6F7474C25+3179557]\n\t(No symbol) [0x00007FF6F70D88A0]\n\t(No symbol) [0x00007FF6F6F691CA]\n\t(No symbol) [0x00007FF6F6FBFA67]\n\t(No symbol) [0x00007FF6F6FBFC9C]\n\t(No symbol) [0x00007FF6F7013627]\n\t(No symbol) [0x00007FF6F6FE7C6F]\n\t(No symbol) [0x00007FF6F70102F3]\n\t(No symbol) [0x00007FF6F6FE7A03]\n\t(No symbol) [0x00007FF6F6FB06D0]\n\t(No symbol) [0x00007FF6F6FB1983]\n\tGetHandleVerifier [0x00007FF6F74D67CD+3579853]\n\tGetHandleVerifier [0x00007FF6F74ED1D2+3672530]\n\tGetHandleVerifier [0x00007FF6F74E2153+3627347]\n\tGetHandleVerifier [0x00007FF6F724092A+868650]\n\t(No symbol) [0x00007FF6F70E2FFF]\n\t(No symbol) [0x00007FF6F70DF4A4]\n\t(No symbol) [0x00007FF6F70DF646]\n\t(No symbol) [0x00007FF6F70CEAA9]\n\tBaseThreadInitThunk [0x00007FFF3FDE7374+20]\n\tRtlUserThreadStart [0x00007FFF4173CC91+33]\n\n","statusTrace":"  File \"C:\\Users\\mferreio\\OneDrive - NTT DATA EMEAL\\Documents\\__Github_Projetos__\\AutomacaoDeTeste\\venv\\Lib\\site-packages\\behave\\model.py\", line 1329, in run\n    match.run(runner.context)\n  File \"C:\\Users\\mferreio\\OneDrive - NTT DATA EMEAL\\Documents\\__Github_Projetos__\\AutomacaoDeTeste\\venv\\Lib\\site-packages\\behave\\matchers.py\", line 98, in run\n    self.func(context, *args, **kwargs)\n  File \"C:\\Users\\mferreio\\OneDrive - NTT DATA EMEAL\\Documents\\__Github_Projetos__\\AutomacaoDeTeste\\venv\\Lib\\site-packages\\allure_commons\\_allure.py\", line 192, in impl\n    return func(*a, **kw)\n           ^^^^^^^^^^^^^^\n  File \"features\\steps\\test_login_steps.py\", line 28, in step_insert_email\n    esperar_e_executar(context, LoginPageLocators.EMAIL_FIELD, context.login_page.enter_email, LOGIN_EMAIL)\n  File \"C:\\Users\\mferreio\\OneDrive - NTT DATA EMEAL\\Documents\\__Github_Projetos__\\AutomacaoDeTeste\\features\\environment.py\", line 51, in esperar_e_executar\n    WebDriverWait(context.driver, 20).until(\n  File \"C:\\Users\\mferreio\\OneDrive - NTT DATA EMEAL\\Documents\\__Github_Projetos__\\AutomacaoDeTeste\\venv\\Lib\\site-packages\\selenium\\webdriver\\support\\wait.py\", line 146, in until\n    raise TimeoutException(message, screen, stacktrace)\n","steps":[{"name":"Iniciando passo: eu insiro o email de usuario","time":{"start":1743047555785,"stop":1743047555785,"duration":0},"status":"passed","steps":[],"attachments":[],"parameters":[],"stepsCount":0,"attachmentStep":false,"shouldDisplayMessage":false,"attachmentsCount":0,"hasContent":false},{"name":"Inserindo o email do usuário","time":{"start":1743047555786,"stop":1743047577326,"duration":21540},"status":"broken","statusMessage":"selenium.common.exceptions.TimeoutException: Message: \nStacktrace:\n\tGetHandleVerifier [0x00007FF6F7474C25+3179557]\n\t(No symbol) [0x00007FF6F70D88A0]\n\t(No symbol) [0x00007FF6F6F691CA]\n\t(No symbol) [0x00007FF6F6FBFA67]\n\t(No symbol) [0x00007FF6F6FBFC9C]\n\t(No symbol) [0x00007FF6F7013627]\n\t(No symbol) [0x00007FF6F6FE7C6F]\n\t(No symbol) [0x00007FF6F70102F3]\n\t(No symbol) [0x00007FF6F6FE7A03]\n\t(No symbol) [0x00007FF6F6FB06D0]\n\t(No symbol) [0x00007FF6F6FB1983]\n\tGetHandleVerifier [0x00007FF6F74D67CD+3579853]\n\tGetHandleVerifier [0x00007FF6F74ED1D2+3672530]\n\tGetHandleVerifier [0x00007FF6F74E2153+3627347]\n\tGetHandleVerifier [0x00007FF6F724092A+868650]\n\t(No symbol) [0x00007FF6F70E2FFF]\n\t(No symbol) [0x00007FF6F70DF4A4]\n\t(No symbol) [0x00007FF6F70DF646]\n\t(No symbol) [0x00007FF6F70CEAA9]\n\tBaseThreadInitThunk [0x00007FFF3FDE7374+20]\n\tRtlUserThreadStart [0x00007FFF4173CC91+33]\n\n","statusTrace":"  File \"C:\\Users\\mferreio\\OneDrive - NTT DATA EMEAL\\Documents\\__Github_Projetos__\\AutomacaoDeTeste\\venv\\Lib\\site-packages\\allure_commons\\_allure.py\", line 192, in impl\n    return func(*a, **kw)\n           ^^^^^^^^^^^^^^\n  File \"features\\steps\\test_login_steps.py\", line 28, in step_insert_email\n    esperar_e_executar(context, LoginPageLocators.EMAIL_FIELD, context.login_page.enter_email, LOGIN_EMAIL)\n  File \"C:\\Users\\mferreio\\OneDrive - NTT DATA EMEAL\\Documents\\__Github_Projetos__\\AutomacaoDeTeste\\features\\environment.py\", line 51, in esperar_e_executar\n    WebDriverWait(context.driver, 20).until(\n  File \"C:\\Users\\mferreio\\OneDrive - NTT DATA EMEAL\\Documents\\__Github_Projetos__\\AutomacaoDeTeste\\venv\\Lib\\site-packages\\selenium\\webdriver\\support\\wait.py\", line 146, in until\n    raise TimeoutException(message, screen, stacktrace)\n","steps":[],"attachments":[],"parameters":[{"name":"context","value":"<behave.runner.Context object at 0x000001A118217A70>"}],"stepsCount":0,"attachmentStep":false,"shouldDisplayMessage":true,"attachmentsCount":0,"hasContent":true}],"attachments":[{"uid":"99a1dd8ad0d78ee5","name":"eu insiro o email de usuario","source":"99a1dd8ad0d78ee5.png","type":"image/png","size":373812}],"parameters":[],"stepsCount":2,"attachmentStep":false,"shouldDisplayMessage":false,"attachmentsCount":1,"hasContent":true},{"name":"When eu clico no botão Seguinte","time":{"start":1743047577866,"stop":1743047577866,"duration":0},"status":"skipped","steps":[],"attachments":[],"parameters":[],"stepsCount":0,"attachmentStep":false,"shouldDisplayMessage":false,"attachmentsCount":0,"hasContent":false},{"name":"When eu preencho o ADFS com usuário e senha","time":{"start":1743047577866,"stop":1743047577866,"duration":0},"status":"skipped","steps":[],"attachments":[],"parameters":[],"stepsCount":0,"attachmentStep":false,"shouldDisplayMessage":false,"attachmentsCount":0,"hasContent":false},{"name":"Then eu verifico que o usuário acessou o sistema","time":{"start":1743047577866,"stop":1743047577866,"duration":0},"status":"skipped","steps":[],"attachments":[],"parameters":[],"stepsCount":0,"attachmentStep":false,"shouldDisplayMessage":false,"attachmentsCount":0,"hasContent":false}],"attachments":[{"uid":"16290dfa6268de7d","name":"Detalhes do Cenário","source":"16290dfa6268de7d.txt","type":"text/plain","size":46}],"parameters":[],"stepsCount":13,"attachmentStep":false,"shouldDisplayMessage":false,"attachmentsCount":2,"hasContent":true},"afterStages":[],"labels":[{"name":"severity","value":"normal"},{"name":"feature","value":"Testar o login no site da Neoenergia"},{"name":"framework","value":"behave"},{"name":"language","value":"cpython3"},{"name":"resultFormat","value":"allure2"}],"parameters":[],"links":[],"hidden":false,"retry":false,"extra":{"severity":"normal","retries":[{"uid":"5674cc181f23d118","status":"broken","statusDetails":"selenium.common.exceptions.TimeoutException: Message: \nStacktrace:\n\tGetHandleVerifier [0x00007FF6F7474C25+3179557]\n\t(No symbol) [0x00007FF6F70D88A0]\n\t(No symbol) [0x00007FF6F6F691CA]\n\t(No symbol) [0x00007FF6F6FBFA67]\n\t(No symbol) [0x00007FF6F6FBFC9C]\n\t(No symbol) [0x00007FF6F7013627]\n\t(No symbol) [0x00007FF6F6FE7C6F]\n\t(No symbol) [0x00007FF6F70102F3]\n\t(No symbol) [0x00007FF6F6FE7A03]\n\t(No symbol) [0x00007FF6F6FB06D0]\n\t(No symbol) [0x00007FF6F6FB1983]\n\tGetHandleVerifier [0x00007FF6F74D67CD+3579853]\n\tGetHandleVerifier [0x00007FF6F74ED1D2+3672530]\n\tGetHandleVerifier [0x00007FF6F74E2153+3627347]\n\tGetHandleVerifier [0x00007FF6F724092A+868650]\n\t(No symbol) [0x00007FF6F70E2FFF]\n\t(No symbol) [0x00007FF6F70DF4A4]\n\t(No symbol) [0x00007FF6F70DF646]\n\t(No symbol) [0x00007FF6F70CEAA9]\n\tBaseThreadInitThunk [0x00007FFF3FDE7374+20]\n\tRtlUserThreadStart [0x00007FFF4173CC91+33]\n\n","time":{"start":1743046505627,"stop":1743046535111,"duration":29484}},{"uid":"b988ae273491bd27","status":"broken","statusDetails":"selenium.common.exceptions.TimeoutException: Message: \nStacktrace:\n\tGetHandleVerifier [0x00007FF6F7474C25+3179557]\n\t(No symbol) [0x00007FF6F70D88A0]\n\t(No symbol) [0x00007FF6F6F691CA]\n\t(No symbol) [0x00007FF6F6FBFA67]\n\t(No symbol) [0x00007FF6F6FBFC9C]\n\t(No symbol) [0x00007FF6F7013627]\n\t(No symbol) [0x00007FF6F6FE7C6F]\n\t(No symbol) [0x00007FF6F70102F3]\n\t(No symbol) [0x00007FF6F6FE7A03]\n\t(No symbol) [0x00007FF6F6FB06D0]\n\t(No symbol) [0x00007FF6F6FB1983]\n\tGetHandleVerifier [0x00007FF6F74D67CD+3579853]\n\tGetHandleVerifier [0x00007FF6F74ED1D2+3672530]\n\tGetHandleVerifier [0x00007FF6F74E2153+3627347]\n\tGetHandleVerifier [0x00007FF6F724092A+868650]\n\t(No symbol) [0x00007FF6F70E2FFF]\n\t(No symbol) [0x00007FF6F70DF4A4]\n\t(No symbol) [0x00007FF6F70DF646]\n\t(No symbol) [0x00007FF6F70CEAA9]\n\tBaseThreadInitThunk [0x00007FFF3FDE7374+20]\n\tRtlUserThreadStart [0x00007FFF4173CC91+33]\n\n","time":{"start":1743045550744,"stop":1743045579461,"duration":28717}}],"categories":[{"name":"Test defects","matchedStatuses":[]}],"tags":[]},"source":"93c7cc763bdf293b.json","parameterValues":[]}