{"uid":"ce4a768951c996d0","name":"Cancelar exclusão de um usuário","fullName":"Acessar a página de login e testar fluxo de tela de usuários: Cancelar exclusão de um usuário","historyId":"decee6f137a95e1aaec409ffb75b4692","time":{"start":1743789018737,"stop":1743789019856,"duration":1119},"status":"broken","statusMessage":"selenium.common.exceptions.ElementClickInterceptedException: Message: element click intercepted: Element <li app-menuitem=\"\" class=\"ng-tns-c183498709-4 ng-tns-c183498709-3 ng-star-inserted active-menuitem\" style=\"\">...</li> is not clickable at point (150, 276). Other element would receive the click: <div class=\"ng-tns-c131382906-18 p-dialog-mask p-component-overlay p-component-overlay-enter p-dialog-mask-scrollblocker ng-star-inserted\" style=\"z-index: 1101;\">...</div>\n  (Session info: chrome=134.0.6998.178)\nStacktrace:\n\tGetHandleVerifier [0x00007FF70D004C25+3179557]\n\t(No symbol) [0x00007FF70CC688A0]\n\t(No symbol) [0x00007FF70CAF91CA]\n\t(No symbol) [0x00007FF70CB57929]\n\t(No symbol) [0x00007FF70CB552E2]\n\t(No symbol) [0x00007FF70CB52381]\n\t(No symbol) [0x00007FF70CB51281]\n\t(No symbol) [0x00007FF70CB42A24]\n\t(No symbol) [0x00007FF70CB77C2A]\n\t(No symbol) [0x00007FF70CB422D6]\n\t(No symbol) [0x00007FF70CB77E40]\n\t(No symbol) [0x00007FF70CBA02F3]\n\t(No symbol) [0x00007FF70CB77A03]\n\t(No symbol) [0x00007FF70CB406D0]\n\t(No symbol) [0x00007FF70CB41983]\n\tGetHandleVerifier [0x00007FF70D0667CD+3579853]\n\tGetHandleVerifier [0x00007FF70D07D1D2+3672530]\n\tGetHandleVerifier [0x00007FF70D072153+3627347]\n\tGetHandleVerifier [0x00007FF70CDD092A+868650]\n\t(No symbol) [0x00007FF70CC72FFF]\n\t(No symbol) [0x00007FF70CC6F4A4]\n\t(No symbol) [0x00007FF70CC6F646]\n\t(No symbol) [0x00007FF70CC5EAA9]\n\tBaseThreadInitThunk [0x00007FF9F6BB7374+20]\n\tRtlUserThreadStart [0x00007FF9F75BCC91+33]\n\n","statusTrace":"  File \"C:\\Users\\mferreio\\OneDrive - NTT DATA EMEAL\\Documents\\__Github_Projetos__\\AutomacaoDeTeste\\venv\\Lib\\site-packages\\behave\\model.py\", line 1329, in run\n    match.run(runner.context)\n  File \"C:\\Users\\mferreio\\OneDrive - NTT DATA EMEAL\\Documents\\__Github_Projetos__\\AutomacaoDeTeste\\venv\\Lib\\site-packages\\behave\\matchers.py\", line 98, in run\n    self.func(context, *args, **kwargs)\n  File \"C:\\Users\\mferreio\\OneDrive - NTT DATA EMEAL\\Documents\\__Github_Projetos__\\AutomacaoDeTeste\\venv\\Lib\\site-packages\\allure_commons\\_allure.py\", line 192, in impl\n    return func(*a, **kw)\n           ^^^^^^^^^^^^^^\n  File \"features\\steps\\test_tela_de_usuarios_steps.py\", line 30, in navegar_tela_usuarios\n    context.tela_de_usuarios_page.clicar_botao_perfil()\n  File \"C:\\Users\\mferreio\\OneDrive - NTT DATA EMEAL\\Documents\\__Github_Projetos__\\neo_liberalizados-automacao\\features\\pages\\tela_de_usuarios_pages.py\", line 56, in clicar_botao_perfil\n    botao_perfil.click()\n  File \"C:\\Users\\mferreio\\OneDrive - NTT DATA EMEAL\\Documents\\__Github_Projetos__\\AutomacaoDeTeste\\venv\\Lib\\site-packages\\selenium\\webdriver\\remote\\webelement.py\", line 119, in click\n    self._execute(Command.CLICK_ELEMENT)\n  File \"C:\\Users\\mferreio\\OneDrive - NTT DATA EMEAL\\Documents\\__Github_Projetos__\\AutomacaoDeTeste\\venv\\Lib\\site-packages\\selenium\\webdriver\\remote\\webelement.py\", line 572, in _execute\n    return self._parent.execute(command, params)\n           ^^^^^^^^^^^^^^^^^^^^^^^^^^^^^^^^^^^^^\n  File \"C:\\Users\\mferreio\\OneDrive - NTT DATA EMEAL\\Documents\\__Github_Projetos__\\AutomacaoDeTeste\\venv\\Lib\\site-packages\\selenium\\webdriver\\remote\\webdriver.py\", line 429, in execute\n    self.error_handler.check_response(response)\n  File \"C:\\Users\\mferreio\\OneDrive - NTT DATA EMEAL\\Documents\\__Github_Projetos__\\AutomacaoDeTeste\\venv\\Lib\\site-packages\\selenium\\webdriver\\remote\\errorhandler.py\", line 232, in check_response\n    raise exception_class(message, screen, stacktrace)\n","flaky":false,"newFailed":false,"newBroken":false,"newPassed":false,"retriesCount":7,"retriesStatusChange":true,"beforeStages":[],"testStage":{"status":"broken","statusMessage":"selenium.common.exceptions.ElementClickInterceptedException: Message: element click intercepted: Element <li app-menuitem=\"\" class=\"ng-tns-c183498709-4 ng-tns-c183498709-3 ng-star-inserted active-menuitem\" style=\"\">...</li> is not clickable at point (150, 276). Other element would receive the click: <div class=\"ng-tns-c131382906-18 p-dialog-mask p-component-overlay p-component-overlay-enter p-dialog-mask-scrollblocker ng-star-inserted\" style=\"z-index: 1101;\">...</div>\n  (Session info: chrome=134.0.6998.178)\nStacktrace:\n\tGetHandleVerifier [0x00007FF70D004C25+3179557]\n\t(No symbol) [0x00007FF70CC688A0]\n\t(No symbol) [0x00007FF70CAF91CA]\n\t(No symbol) [0x00007FF70CB57929]\n\t(No symbol) [0x00007FF70CB552E2]\n\t(No symbol) [0x00007FF70CB52381]\n\t(No symbol) [0x00007FF70CB51281]\n\t(No symbol) [0x00007FF70CB42A24]\n\t(No symbol) [0x00007FF70CB77C2A]\n\t(No symbol) [0x00007FF70CB422D6]\n\t(No symbol) [0x00007FF70CB77E40]\n\t(No symbol) [0x00007FF70CBA02F3]\n\t(No symbol) [0x00007FF70CB77A03]\n\t(No symbol) [0x00007FF70CB406D0]\n\t(No symbol) [0x00007FF70CB41983]\n\tGetHandleVerifier [0x00007FF70D0667CD+3579853]\n\tGetHandleVerifier [0x00007FF70D07D1D2+3672530]\n\tGetHandleVerifier [0x00007FF70D072153+3627347]\n\tGetHandleVerifier [0x00007FF70CDD092A+868650]\n\t(No symbol) [0x00007FF70CC72FFF]\n\t(No symbol) [0x00007FF70CC6F4A4]\n\t(No symbol) [0x00007FF70CC6F646]\n\t(No symbol) [0x00007FF70CC5EAA9]\n\tBaseThreadInitThunk [0x00007FF9F6BB7374+20]\n\tRtlUserThreadStart [0x00007FF9F75BCC91+33]\n\n","statusTrace":"  File \"C:\\Users\\mferreio\\OneDrive - NTT DATA EMEAL\\Documents\\__Github_Projetos__\\AutomacaoDeTeste\\venv\\Lib\\site-packages\\behave\\model.py\", line 1329, in run\n    match.run(runner.context)\n  File \"C:\\Users\\mferreio\\OneDrive - NTT DATA EMEAL\\Documents\\__Github_Projetos__\\AutomacaoDeTeste\\venv\\Lib\\site-packages\\behave\\matchers.py\", line 98, in run\n    self.func(context, *args, **kwargs)\n  File \"C:\\Users\\mferreio\\OneDrive - NTT DATA EMEAL\\Documents\\__Github_Projetos__\\AutomacaoDeTeste\\venv\\Lib\\site-packages\\allure_commons\\_allure.py\", line 192, in impl\n    return func(*a, **kw)\n           ^^^^^^^^^^^^^^\n  File \"features\\steps\\test_tela_de_usuarios_steps.py\", line 30, in navegar_tela_usuarios\n    context.tela_de_usuarios_page.clicar_botao_perfil()\n  File \"C:\\Users\\mferreio\\OneDrive - NTT DATA EMEAL\\Documents\\__Github_Projetos__\\neo_liberalizados-automacao\\features\\pages\\tela_de_usuarios_pages.py\", line 56, in clicar_botao_perfil\n    botao_perfil.click()\n  File \"C:\\Users\\mferreio\\OneDrive - NTT DATA EMEAL\\Documents\\__Github_Projetos__\\AutomacaoDeTeste\\venv\\Lib\\site-packages\\selenium\\webdriver\\remote\\webelement.py\", line 119, in click\n    self._execute(Command.CLICK_ELEMENT)\n  File \"C:\\Users\\mferreio\\OneDrive - NTT DATA EMEAL\\Documents\\__Github_Projetos__\\AutomacaoDeTeste\\venv\\Lib\\site-packages\\selenium\\webdriver\\remote\\webelement.py\", line 572, in _execute\n    return self._parent.execute(command, params)\n           ^^^^^^^^^^^^^^^^^^^^^^^^^^^^^^^^^^^^^\n  File \"C:\\Users\\mferreio\\OneDrive - NTT DATA EMEAL\\Documents\\__Github_Projetos__\\AutomacaoDeTeste\\venv\\Lib\\site-packages\\selenium\\webdriver\\remote\\webdriver.py\", line 429, in execute\n    self.error_handler.check_response(response)\n  File \"C:\\Users\\mferreio\\OneDrive - NTT DATA EMEAL\\Documents\\__Github_Projetos__\\AutomacaoDeTeste\\venv\\Lib\\site-packages\\selenium\\webdriver\\remote\\errorhandler.py\", line 232, in check_response\n    raise exception_class(message, screen, stacktrace)\n","steps":[{"name":"Given que o usuário está logado como \"Administrador\"","time":{"start":1743789018738,"stop":1743789018748,"duration":10},"status":"passed","steps":[{"name":"Validando que o usuário está logado como Administrador","time":{"start":1743789018739,"stop":1743789018748,"duration":9},"status":"passed","steps":[],"attachments":[],"parameters":[{"name":"context","value":"<behave.runner.Context object at 0x0000024DB073A660>"}],"attachmentStep":false,"stepsCount":0,"hasContent":true,"shouldDisplayMessage":false,"attachmentsCount":0}],"attachments":[],"parameters":[],"attachmentStep":false,"stepsCount":1,"hasContent":true,"shouldDisplayMessage":false,"attachmentsCount":0},{"name":"When navega até a tela de usuários - Perfil","time":{"start":1743789018748,"stop":1743789019853,"duration":1105},"status":"broken","statusMessage":"selenium.common.exceptions.ElementClickInterceptedException: Message: element click intercepted: Element <li app-menuitem=\"\" class=\"ng-tns-c183498709-4 ng-tns-c183498709-3 ng-star-inserted active-menuitem\" style=\"\">...</li> is not clickable at point (150, 276). Other element would receive the click: <div class=\"ng-tns-c131382906-18 p-dialog-mask p-component-overlay p-component-overlay-enter p-dialog-mask-scrollblocker ng-star-inserted\" style=\"z-index: 1101;\">...</div>\n  (Session info: chrome=134.0.6998.178)\nStacktrace:\n\tGetHandleVerifier [0x00007FF70D004C25+3179557]\n\t(No symbol) [0x00007FF70CC688A0]\n\t(No symbol) [0x00007FF70CAF91CA]\n\t(No symbol) [0x00007FF70CB57929]\n\t(No symbol) [0x00007FF70CB552E2]\n\t(No symbol) [0x00007FF70CB52381]\n\t(No symbol) [0x00007FF70CB51281]\n\t(No symbol) [0x00007FF70CB42A24]\n\t(No symbol) [0x00007FF70CB77C2A]\n\t(No symbol) [0x00007FF70CB422D6]\n\t(No symbol) [0x00007FF70CB77E40]\n\t(No symbol) [0x00007FF70CBA02F3]\n\t(No symbol) [0x00007FF70CB77A03]\n\t(No symbol) [0x00007FF70CB406D0]\n\t(No symbol) [0x00007FF70CB41983]\n\tGetHandleVerifier [0x00007FF70D0667CD+3579853]\n\tGetHandleVerifier [0x00007FF70D07D1D2+3672530]\n\tGetHandleVerifier [0x00007FF70D072153+3627347]\n\tGetHandleVerifier [0x00007FF70CDD092A+868650]\n\t(No symbol) [0x00007FF70CC72FFF]\n\t(No symbol) [0x00007FF70CC6F4A4]\n\t(No symbol) [0x00007FF70CC6F646]\n\t(No symbol) [0x00007FF70CC5EAA9]\n\tBaseThreadInitThunk [0x00007FF9F6BB7374+20]\n\tRtlUserThreadStart [0x00007FF9F75BCC91+33]\n\n","statusTrace":"  File \"C:\\Users\\mferreio\\OneDrive - NTT DATA EMEAL\\Documents\\__Github_Projetos__\\AutomacaoDeTeste\\venv\\Lib\\site-packages\\behave\\model.py\", line 1329, in run\n    match.run(runner.context)\n  File \"C:\\Users\\mferreio\\OneDrive - NTT DATA EMEAL\\Documents\\__Github_Projetos__\\AutomacaoDeTeste\\venv\\Lib\\site-packages\\behave\\matchers.py\", line 98, in run\n    self.func(context, *args, **kwargs)\n  File \"C:\\Users\\mferreio\\OneDrive - NTT DATA EMEAL\\Documents\\__Github_Projetos__\\AutomacaoDeTeste\\venv\\Lib\\site-packages\\allure_commons\\_allure.py\", line 192, in impl\n    return func(*a, **kw)\n           ^^^^^^^^^^^^^^\n  File \"features\\steps\\test_tela_de_usuarios_steps.py\", line 30, in navegar_tela_usuarios\n    context.tela_de_usuarios_page.clicar_botao_perfil()\n  File \"C:\\Users\\mferreio\\OneDrive - NTT DATA EMEAL\\Documents\\__Github_Projetos__\\neo_liberalizados-automacao\\features\\pages\\tela_de_usuarios_pages.py\", line 56, in clicar_botao_perfil\n    botao_perfil.click()\n  File \"C:\\Users\\mferreio\\OneDrive - NTT DATA EMEAL\\Documents\\__Github_Projetos__\\AutomacaoDeTeste\\venv\\Lib\\site-packages\\selenium\\webdriver\\remote\\webelement.py\", line 119, in click\n    self._execute(Command.CLICK_ELEMENT)\n  File \"C:\\Users\\mferreio\\OneDrive - NTT DATA EMEAL\\Documents\\__Github_Projetos__\\AutomacaoDeTeste\\venv\\Lib\\site-packages\\selenium\\webdriver\\remote\\webelement.py\", line 572, in _execute\n    return self._parent.execute(command, params)\n           ^^^^^^^^^^^^^^^^^^^^^^^^^^^^^^^^^^^^^\n  File \"C:\\Users\\mferreio\\OneDrive - NTT DATA EMEAL\\Documents\\__Github_Projetos__\\AutomacaoDeTeste\\venv\\Lib\\site-packages\\selenium\\webdriver\\remote\\webdriver.py\", line 429, in execute\n    self.error_handler.check_response(response)\n  File \"C:\\Users\\mferreio\\OneDrive - NTT DATA EMEAL\\Documents\\__Github_Projetos__\\AutomacaoDeTeste\\venv\\Lib\\site-packages\\selenium\\webdriver\\remote\\errorhandler.py\", line 232, in check_response\n    raise exception_class(message, screen, stacktrace)\n","steps":[{"name":"Navegando até a tela de usuários - Perfil","time":{"start":1743789018749,"stop":1743789019847,"duration":1098},"status":"broken","statusMessage":"selenium.common.exceptions.ElementClickInterceptedException: Message: element click intercepted: Element <li app-menuitem=\"\" class=\"ng-tns-c183498709-4 ng-tns-c183498709-3 ng-star-inserted active-menuitem\" style=\"\">...</li> is not clickable at point (150, 276). Other element would receive the click: <div class=\"ng-tns-c131382906-18 p-dialog-mask p-component-overlay p-component-overlay-enter p-dialog-mask-scrollblocker ng-star-inserted\" style=\"z-index: 1101;\">...</div>\n  (Session info: chrome=134.0.6998.178)\nStacktrace:\n\tGetHandleVerifier [0x00007FF70D004C25+3179557]\n\t(No symbol) [0x00007FF70CC688A0]\n\t(No symbol) [0x00007FF70CAF91CA]\n\t(No symbol) [0x00007FF70CB57929]\n\t(No symbol) [0x00007FF70CB552E2]\n\t(No symbol) [0x00007FF70CB52381]\n\t(No symbol) [0x00007FF70CB51281]\n\t(No symbol) [0x00007FF70CB42A24]\n\t(No symbol) [0x00007FF70CB77C2A]\n\t(No symbol) [0x00007FF70CB422D6]\n\t(No symbol) [0x00007FF70CB77E40]\n\t(No symbol) [0x00007FF70CBA02F3]\n\t(No symbol) [0x00007FF70CB77A03]\n\t(No symbol) [0x00007FF70CB406D0]\n\t(No symbol) [0x00007FF70CB41983]\n\tGetHandleVerifier [0x00007FF70D0667CD+3579853]\n\tGetHandleVerifier [0x00007FF70D07D1D2+3672530]\n\tGetHandleVerifier [0x00007FF70D072153+3627347]\n\tGetHandleVerifier [0x00007FF70CDD092A+868650]\n\t(No symbol) [0x00007FF70CC72FFF]\n\t(No symbol) [0x00007FF70CC6F4A4]\n\t(No symbol) [0x00007FF70CC6F646]\n\t(No symbol) [0x00007FF70CC5EAA9]\n\tBaseThreadInitThunk [0x00007FF9F6BB7374+20]\n\tRtlUserThreadStart [0x00007FF9F75BCC91+33]\n\n","statusTrace":"  File \"C:\\Users\\mferreio\\OneDrive - NTT DATA EMEAL\\Documents\\__Github_Projetos__\\AutomacaoDeTeste\\venv\\Lib\\site-packages\\allure_commons\\_allure.py\", line 192, in impl\n    return func(*a, **kw)\n           ^^^^^^^^^^^^^^\n  File \"features\\steps\\test_tela_de_usuarios_steps.py\", line 30, in navegar_tela_usuarios\n    context.tela_de_usuarios_page.clicar_botao_perfil()\n  File \"C:\\Users\\mferreio\\OneDrive - NTT DATA EMEAL\\Documents\\__Github_Projetos__\\neo_liberalizados-automacao\\features\\pages\\tela_de_usuarios_pages.py\", line 56, in clicar_botao_perfil\n    botao_perfil.click()\n  File \"C:\\Users\\mferreio\\OneDrive - NTT DATA EMEAL\\Documents\\__Github_Projetos__\\AutomacaoDeTeste\\venv\\Lib\\site-packages\\selenium\\webdriver\\remote\\webelement.py\", line 119, in click\n    self._execute(Command.CLICK_ELEMENT)\n  File \"C:\\Users\\mferreio\\OneDrive - NTT DATA EMEAL\\Documents\\__Github_Projetos__\\AutomacaoDeTeste\\venv\\Lib\\site-packages\\selenium\\webdriver\\remote\\webelement.py\", line 572, in _execute\n    return self._parent.execute(command, params)\n           ^^^^^^^^^^^^^^^^^^^^^^^^^^^^^^^^^^^^^\n  File \"C:\\Users\\mferreio\\OneDrive - NTT DATA EMEAL\\Documents\\__Github_Projetos__\\AutomacaoDeTeste\\venv\\Lib\\site-packages\\selenium\\webdriver\\remote\\webdriver.py\", line 429, in execute\n    self.error_handler.check_response(response)\n  File \"C:\\Users\\mferreio\\OneDrive - NTT DATA EMEAL\\Documents\\__Github_Projetos__\\AutomacaoDeTeste\\venv\\Lib\\site-packages\\selenium\\webdriver\\remote\\errorhandler.py\", line 232, in check_response\n    raise exception_class(message, screen, stacktrace)\n","steps":[],"attachments":[],"parameters":[{"name":"context","value":"<behave.runner.Context object at 0x0000024DB073A660>"}],"attachmentStep":false,"stepsCount":0,"hasContent":true,"shouldDisplayMessage":true,"attachmentsCount":0}],"attachments":[],"parameters":[],"attachmentStep":false,"stepsCount":1,"hasContent":true,"shouldDisplayMessage":false,"attachmentsCount":0},{"name":"When pesquisa um usuario cadastrado","time":{"start":1743789019855,"stop":1743789019855,"duration":0},"status":"skipped","steps":[],"attachments":[],"parameters":[],"attachmentStep":false,"stepsCount":0,"hasContent":false,"shouldDisplayMessage":false,"attachmentsCount":0},{"name":"When clica em excluir e cancela a exclusao","time":{"start":1743789019856,"stop":1743789019856,"duration":0},"status":"skipped","steps":[],"attachments":[],"parameters":[],"attachmentStep":false,"stepsCount":0,"hasContent":false,"shouldDisplayMessage":false,"attachmentsCount":0},{"name":"Then navega até a tela de usuários - Perfil","time":{"start":1743789019856,"stop":1743789019856,"duration":0},"status":"skipped","steps":[],"attachments":[],"parameters":[],"attachmentStep":false,"stepsCount":0,"hasContent":false,"shouldDisplayMessage":false,"attachmentsCount":0}],"attachments":[],"parameters":[],"attachmentStep":false,"stepsCount":7,"hasContent":true,"shouldDisplayMessage":false,"attachmentsCount":0},"afterStages":[],"labels":[{"name":"severity","value":"normal"},{"name":"feature","value":"Acessar a página de login e testar fluxo de tela de usuários"},{"name":"framework","value":"behave"},{"name":"language","value":"cpython3"},{"name":"resultFormat","value":"allure2"}],"parameters":[],"links":[],"hidden":false,"retry":false,"extra":{"severity":"normal","retries":[{"uid":"9a276b62bcdb0e9d","status":"broken","statusDetails":"selenium.common.exceptions.ElementClickInterceptedException: Message: element click intercepted: Element <li app-menuitem=\"\" class=\"ng-tns-c183498709-4 ng-tns-c183498709-3 ng-star-inserted active-menuitem\" style=\"\">...</li> is not clickable at point (150, 276). Other element would receive the click: <div class=\"ng-tns-c131382906-18 p-dialog-mask p-component-overlay p-component-overlay-enter p-dialog-mask-scrollblocker ng-star-inserted\" style=\"z-index: 1101;\">...</div>\n  (Session info: chrome=134.0.6998.178)\nStacktrace:\n\tGetHandleVerifier [0x00007FF70D004C25+3179557]\n\t(No symbol) [0x00007FF70CC688A0]\n\t(No symbol) [0x00007FF70CAF91CA]\n\t(No symbol) [0x00007FF70CB57929]\n\t(No symbol) [0x00007FF70CB552E2]\n\t(No symbol) [0x00007FF70CB52381]\n\t(No symbol) [0x00007FF70CB51281]\n\t(No symbol) [0x00007FF70CB42A24]\n\t(No symbol) [0x00007FF70CB77C2A]\n\t(No symbol) [0x00007FF70CB422D6]\n\t(No symbol) [0x00007FF70CB77E40]\n\t(No symbol) [0x00007FF70CBA02F3]\n\t(No symbol) [0x00007FF70CB77A03]\n\t(No symbol) [0x00007FF70CB406D0]\n\t(No symbol) [0x00007FF70CB41983]\n\tGetHandleVerifier [0x00007FF70D0667CD+3579853]\n\tGetHandleVerifier [0x00007FF70D07D1D2+3672530]\n\tGetHandleVerifier [0x00007FF70D072153+3627347]\n\tGetHandleVerifier [0x00007FF70CDD092A+868650]\n\t(No symbol) [0x00007FF70CC72FFF]\n\t(No symbol) [0x00007FF70CC6F4A4]\n\t(No symbol) [0x00007FF70CC6F646]\n\t(No symbol) [0x00007FF70CC5EAA9]\n\tBaseThreadInitThunk [0x00007FF9F6BB7374+20]\n\tRtlUserThreadStart [0x00007FF9F75BCC91+33]\n\n","time":{"start":1743788112341,"stop":1743788113432,"duration":1091}},{"uid":"d81a14e251d25f33","status":"broken","statusDetails":"selenium.common.exceptions.ElementClickInterceptedException: Message: element click intercepted: Element <li app-menuitem=\"\" class=\"ng-tns-c183498709-4 ng-tns-c183498709-3 ng-star-inserted active-menuitem\" style=\"\">...</li> is not clickable at point (150, 276). Other element would receive the click: <div class=\"ng-tns-c131382906-18 p-dialog-mask p-component-overlay p-component-overlay-enter p-dialog-mask-scrollblocker ng-star-inserted\" style=\"z-index: 1101;\">...</div>\n  (Session info: chrome=134.0.6998.178)\nStacktrace:\n\tGetHandleVerifier [0x00007FF70D004C25+3179557]\n\t(No symbol) [0x00007FF70CC688A0]\n\t(No symbol) [0x00007FF70CAF91CA]\n\t(No symbol) [0x00007FF70CB57929]\n\t(No symbol) [0x00007FF70CB552E2]\n\t(No symbol) [0x00007FF70CB52381]\n\t(No symbol) [0x00007FF70CB51281]\n\t(No symbol) [0x00007FF70CB42A24]\n\t(No symbol) [0x00007FF70CB77C2A]\n\t(No symbol) [0x00007FF70CB422D6]\n\t(No symbol) [0x00007FF70CB77E40]\n\t(No symbol) [0x00007FF70CBA02F3]\n\t(No symbol) [0x00007FF70CB77A03]\n\t(No symbol) [0x00007FF70CB406D0]\n\t(No symbol) [0x00007FF70CB41983]\n\tGetHandleVerifier [0x00007FF70D0667CD+3579853]\n\tGetHandleVerifier [0x00007FF70D07D1D2+3672530]\n\tGetHandleVerifier [0x00007FF70D072153+3627347]\n\tGetHandleVerifier [0x00007FF70CDD092A+868650]\n\t(No symbol) [0x00007FF70CC72FFF]\n\t(No symbol) [0x00007FF70CC6F4A4]\n\t(No symbol) [0x00007FF70CC6F646]\n\t(No symbol) [0x00007FF70CC5EAA9]\n\tBaseThreadInitThunk [0x00007FF9F6BB7374+20]\n\tRtlUserThreadStart [0x00007FF9F75BCC91+33]\n\n","time":{"start":1743787761299,"stop":1743787762422,"duration":1123}},{"uid":"70150726649daab1","status":"broken","statusDetails":"selenium.common.exceptions.ElementClickInterceptedException: Message: element click intercepted: Element <li app-menuitem=\"\" class=\"ng-tns-c183498709-4 ng-tns-c183498709-3 ng-star-inserted active-menuitem\" style=\"\">...</li> is not clickable at point (150, 276). Other element would receive the click: <div class=\"ng-tns-c131382906-18 p-dialog-mask p-component-overlay p-component-overlay-enter p-dialog-mask-scrollblocker ng-star-inserted\" style=\"z-index: 1101;\">...</div>\n  (Session info: chrome=134.0.6998.178)\nStacktrace:\n\tGetHandleVerifier [0x00007FF70D004C25+3179557]\n\t(No symbol) [0x00007FF70CC688A0]\n\t(No symbol) [0x00007FF70CAF91CA]\n\t(No symbol) [0x00007FF70CB57929]\n\t(No symbol) [0x00007FF70CB552E2]\n\t(No symbol) [0x00007FF70CB52381]\n\t(No symbol) [0x00007FF70CB51281]\n\t(No symbol) [0x00007FF70CB42A24]\n\t(No symbol) [0x00007FF70CB77C2A]\n\t(No symbol) [0x00007FF70CB422D6]\n\t(No symbol) [0x00007FF70CB77E40]\n\t(No symbol) [0x00007FF70CBA02F3]\n\t(No symbol) [0x00007FF70CB77A03]\n\t(No symbol) [0x00007FF70CB406D0]\n\t(No symbol) [0x00007FF70CB41983]\n\tGetHandleVerifier [0x00007FF70D0667CD+3579853]\n\tGetHandleVerifier [0x00007FF70D07D1D2+3672530]\n\tGetHandleVerifier [0x00007FF70D072153+3627347]\n\tGetHandleVerifier [0x00007FF70CDD092A+868650]\n\t(No symbol) [0x00007FF70CC72FFF]\n\t(No symbol) [0x00007FF70CC6F4A4]\n\t(No symbol) [0x00007FF70CC6F646]\n\t(No symbol) [0x00007FF70CC5EAA9]\n\tBaseThreadInitThunk [0x00007FF9F6BB7374+20]\n\tRtlUserThreadStart [0x00007FF9F75BCC91+33]\n\n","time":{"start":1743787125489,"stop":1743787126615,"duration":1126}},{"uid":"5c186e35cb79f347","status":"broken","statusDetails":"selenium.common.exceptions.ElementClickInterceptedException: Message: element click intercepted: Element <li app-menuitem=\"\" class=\"ng-tns-c183498709-4 ng-tns-c183498709-3 ng-star-inserted active-menuitem\" style=\"\">...</li> is not clickable at point (150, 276). Other element would receive the click: <div class=\"ng-tns-c131382906-18 p-dialog-mask p-component-overlay p-component-overlay-enter p-dialog-mask-scrollblocker ng-star-inserted\" style=\"z-index: 1101;\">...</div>\n  (Session info: chrome=134.0.6998.178)\nStacktrace:\n\tGetHandleVerifier [0x00007FF70D004C25+3179557]\n\t(No symbol) [0x00007FF70CC688A0]\n\t(No symbol) [0x00007FF70CAF91CA]\n\t(No symbol) [0x00007FF70CB57929]\n\t(No symbol) [0x00007FF70CB552E2]\n\t(No symbol) [0x00007FF70CB52381]\n\t(No symbol) [0x00007FF70CB51281]\n\t(No symbol) [0x00007FF70CB42A24]\n\t(No symbol) [0x00007FF70CB77C2A]\n\t(No symbol) [0x00007FF70CB422D6]\n\t(No symbol) [0x00007FF70CB77E40]\n\t(No symbol) [0x00007FF70CBA02F3]\n\t(No symbol) [0x00007FF70CB77A03]\n\t(No symbol) [0x00007FF70CB406D0]\n\t(No symbol) [0x00007FF70CB41983]\n\tGetHandleVerifier [0x00007FF70D0667CD+3579853]\n\tGetHandleVerifier [0x00007FF70D07D1D2+3672530]\n\tGetHandleVerifier [0x00007FF70D072153+3627347]\n\tGetHandleVerifier [0x00007FF70CDD092A+868650]\n\t(No symbol) [0x00007FF70CC72FFF]\n\t(No symbol) [0x00007FF70CC6F4A4]\n\t(No symbol) [0x00007FF70CC6F646]\n\t(No symbol) [0x00007FF70CC5EAA9]\n\tBaseThreadInitThunk [0x00007FF9F6BB7374+20]\n\tRtlUserThreadStart [0x00007FF9F75BCC91+33]\n\n","time":{"start":1743786557905,"stop":1743786559044,"duration":1139}},{"uid":"aaf9978c409fe1a6","status":"broken","statusDetails":"selenium.common.exceptions.ElementClickInterceptedException: Message: element click intercepted: Element <li app-menuitem=\"\" class=\"ng-tns-c183498709-4 ng-tns-c183498709-3 ng-star-inserted active-menuitem\" style=\"\">...</li> is not clickable at point (150, 276). Other element would receive the click: <div class=\"ng-tns-c131382906-18 p-dialog-mask p-component-overlay p-component-overlay-enter p-dialog-mask-scrollblocker ng-star-inserted\" style=\"z-index: 1101;\">...</div>\n  (Session info: chrome=134.0.6998.178)\nStacktrace:\n\tGetHandleVerifier [0x00007FF70D004C25+3179557]\n\t(No symbol) [0x00007FF70CC688A0]\n\t(No symbol) [0x00007FF70CAF91CA]\n\t(No symbol) [0x00007FF70CB57929]\n\t(No symbol) [0x00007FF70CB552E2]\n\t(No symbol) [0x00007FF70CB52381]\n\t(No symbol) [0x00007FF70CB51281]\n\t(No symbol) [0x00007FF70CB42A24]\n\t(No symbol) [0x00007FF70CB77C2A]\n\t(No symbol) [0x00007FF70CB422D6]\n\t(No symbol) [0x00007FF70CB77E40]\n\t(No symbol) [0x00007FF70CBA02F3]\n\t(No symbol) [0x00007FF70CB77A03]\n\t(No symbol) [0x00007FF70CB406D0]\n\t(No symbol) [0x00007FF70CB41983]\n\tGetHandleVerifier [0x00007FF70D0667CD+3579853]\n\tGetHandleVerifier [0x00007FF70D07D1D2+3672530]\n\tGetHandleVerifier [0x00007FF70D072153+3627347]\n\tGetHandleVerifier [0x00007FF70CDD092A+868650]\n\t(No symbol) [0x00007FF70CC72FFF]\n\t(No symbol) [0x00007FF70CC6F4A4]\n\t(No symbol) [0x00007FF70CC6F646]\n\t(No symbol) [0x00007FF70CC5EAA9]\n\tBaseThreadInitThunk [0x00007FF9F6BB7374+20]\n\tRtlUserThreadStart [0x00007FF9F75BCC91+33]\n\n","time":{"start":1743785841059,"stop":1743785842201,"duration":1142}},{"uid":"2347adca70d4471f","status":"broken","statusDetails":"selenium.common.exceptions.ElementClickInterceptedException: Message: element click intercepted: Element <li app-menuitem=\"\" class=\"ng-tns-c183498709-4 ng-tns-c183498709-3 ng-star-inserted active-menuitem\" style=\"\">...</li> is not clickable at point (150, 276). Other element would receive the click: <div class=\"ng-tns-c131382906-18 p-dialog-mask p-component-overlay p-component-overlay-enter p-dialog-mask-scrollblocker ng-star-inserted\" style=\"z-index: 1101;\">...</div>\n  (Session info: chrome=134.0.6998.178)\nStacktrace:\n\tGetHandleVerifier [0x00007FF70D004C25+3179557]\n\t(No symbol) [0x00007FF70CC688A0]\n\t(No symbol) [0x00007FF70CAF91CA]\n\t(No symbol) [0x00007FF70CB57929]\n\t(No symbol) [0x00007FF70CB552E2]\n\t(No symbol) [0x00007FF70CB52381]\n\t(No symbol) [0x00007FF70CB51281]\n\t(No symbol) [0x00007FF70CB42A24]\n\t(No symbol) [0x00007FF70CB77C2A]\n\t(No symbol) [0x00007FF70CB422D6]\n\t(No symbol) [0x00007FF70CB77E40]\n\t(No symbol) [0x00007FF70CBA02F3]\n\t(No symbol) [0x00007FF70CB77A03]\n\t(No symbol) [0x00007FF70CB406D0]\n\t(No symbol) [0x00007FF70CB41983]\n\tGetHandleVerifier [0x00007FF70D0667CD+3579853]\n\tGetHandleVerifier [0x00007FF70D07D1D2+3672530]\n\tGetHandleVerifier [0x00007FF70D072153+3627347]\n\tGetHandleVerifier [0x00007FF70CDD092A+868650]\n\t(No symbol) [0x00007FF70CC72FFF]\n\t(No symbol) [0x00007FF70CC6F4A4]\n\t(No symbol) [0x00007FF70CC6F646]\n\t(No symbol) [0x00007FF70CC5EAA9]\n\tBaseThreadInitThunk [0x00007FF9F6BB7374+20]\n\tRtlUserThreadStart [0x00007FF9F75BCC91+33]\n\n","time":{"start":1743785658183,"stop":1743785659423,"duration":1240}},{"uid":"b62f67299b3276b6","status":"failed","statusDetails":"AssertionError: Elemento de validação de Administrador não encontrado.\n","time":{"start":1743784796350,"stop":1743784796436,"duration":86}}],"categories":[{"name":"Test defects","matchedStatuses":[]}],"tags":[]},"source":"ce4a768951c996d0.json","parameterValues":[]}