{"2c3a4d8032dc593ec9f631414db49272":{"statistic":{"failed":0,"broken":1,"skipped":0,"passed":0,"unknown":0,"total":1},"items":[{"uid":"ca29479aff003c6a","status":"broken","statusDetails":"selenium.common.exceptions.TimeoutException: Message: \nStacktrace:\n\tGetHandleVerifier [0x00007FF70F56CF45+75717]\n\tGetHandleVerifier [0x00007FF70F56CFA0+75808]\n\t(No symbol) [0x00007FF70F338F9A]\n\t(No symbol) [0x00007FF70F38F4C6]\n\t(No symbol) [0x00007FF70F38F77C]\n\t(No symbol) [0x00007FF70F3E2577]\n\t(No symbol) [0x00007FF70F3B73BF]\n\t(No symbol) [0x00007FF70F3DF39C]\n\t(No symbol) [0x00007FF70F3B7153]\n\t(No symbol) [0x00007FF70F380421]\n\t(No symbol) [0x00007FF70F3811B3]\n\tGetHandleVerifier [0x00007FF70F86D71D+3223453]\n\tGetHandleVerifier [0x00007FF70F867CC2+3200322]\n\tGetHandleVerifier [0x00007FF70F885AF3+3322739]\n\tGetHandleVerifier [0x00007FF70F586A1A+180890]\n\tGetHandleVerifier [0x00007FF70F58E11F+211359]\n\tGetHandleVerifier [0x00007FF70F575294+109332]\n\tGetHandleVerifier [0x00007FF70F575442+109762]\n\tGetHandleVerifier [0x00007FF70F55BA59+4825]\n\tBaseThreadInitThunk [0x00007FF891CBE8D7+23]\n\tRtlUserThreadStart [0x00007FF892E514FC+44]\n\n","time":{"start":1747950935937,"stop":1747950949125,"duration":13188}}]},"dcf412d86e5b9301180c7f00a4fcba1f":{"statistic":{"failed":0,"broken":1,"skipped":0,"passed":0,"unknown":0,"total":1},"items":[{"uid":"8ded7553a686429a","status":"broken","statusDetails":"selenium.common.exceptions.NoSuchElementException: Message: no such element: Unable to locate element: {\"method\":\"xpath\",\"selector\":\"//span[@id='mes' and @role='combobox' and @class='p-element p-dropdown-label p-inputtext p-placeholder ng-star-inserted']\"}\n  (Session info: chrome=136.0.7103.114); For documentation on this error, please visit: https://www.selenium.dev/documentation/webdriver/troubleshooting/errors#no-such-element-exception\nStacktrace:\n\tGetHandleVerifier [0x00007FF70F56CF45+75717]\n\tGetHandleVerifier [0x00007FF70F56CFA0+75808]\n\t(No symbol) [0x00007FF70F338F9A]\n\t(No symbol) [0x00007FF70F38F4C6]\n\t(No symbol) [0x00007FF70F38F77C]\n\t(No symbol) [0x00007FF70F3E2577]\n\t(No symbol) [0x00007FF70F3B73BF]\n\t(No symbol) [0x00007FF70F3DF39C]\n\t(No symbol) [0x00007FF70F3B7153]\n\t(No symbol) [0x00007FF70F380421]\n\t(No symbol) [0x00007FF70F3811B3]\n\tGetHandleVerifier [0x00007FF70F86D71D+3223453]\n\tGetHandleVerifier [0x00007FF70F867CC2+3200322]\n\tGetHandleVerifier [0x00007FF70F885AF3+3322739]\n\tGetHandleVerifier [0x00007FF70F586A1A+180890]\n\tGetHandleVerifier [0x00007FF70F58E11F+211359]\n\tGetHandleVerifier [0x00007FF70F575294+109332]\n\tGetHandleVerifier [0x00007FF70F575442+109762]\n\tGetHandleVerifier [0x00007FF70F55BA59+4825]\n\tBaseThreadInitThunk [0x00007FF891CBE8D7+23]\n\tRtlUserThreadStart [0x00007FF892E514FC+44]\n\n","time":{"start":1747950978572,"stop":1747950994509,"duration":15937}}]},"b956800da42347f65bb31f3bfc6ce8f3":{"statistic":{"failed":1,"broken":0,"skipped":0,"passed":0,"unknown":0,"total":1},"items":[{"uid":"993e5b0a5f1dc54b","status":"failed","statusDetails":"AssertionError: Erro ao clicar no módulo 'Semanal Diario'.\n","time":{"start":1747950697149,"stop":1747950709808,"duration":12659}}]},"0c12aee4df422ac321ffd00d569bfba6":{"statistic":{"failed":0,"broken":1,"skipped":0,"passed":0,"unknown":0,"total":1},"items":[{"uid":"9958c6a1ad30def8","status":"broken","statusDetails":"selenium.common.exceptions.NoSuchElementException: Message: no such element: Unable to locate element: {\"method\":\"xpath\",\"selector\":\".//td[span[@class='p-column-title'][text()='Submercado']]\"}\n  (Session info: chrome=136.0.7103.114); For documentation on this error, please visit: https://www.selenium.dev/documentation/webdriver/troubleshooting/errors#no-such-element-exception\nStacktrace:\n\tGetHandleVerifier [0x00007FF70F56CF45+75717]\n\tGetHandleVerifier [0x00007FF70F56CFA0+75808]\n\t(No symbol) [0x00007FF70F338F9A]\n\t(No symbol) [0x00007FF70F38F4C6]\n\t(No symbol) [0x00007FF70F38F77C]\n\t(No symbol) [0x00007FF70F381D7C]\n\t(No symbol) [0x00007FF70F3B73BF]\n\t(No symbol) [0x00007FF70F381C46]\n\t(No symbol) [0x00007FF70F3B7590]\n\t(No symbol) [0x00007FF70F3DF39C]\n\t(No symbol) [0x00007FF70F3B7153]\n\t(No symbol) [0x00007FF70F380421]\n\t(No symbol) [0x00007FF70F3811B3]\n\tGetHandleVerifier [0x00007FF70F86D71D+3223453]\n\tGetHandleVerifier [0x00007FF70F867CC2+3200322]\n\tGetHandleVerifier [0x00007FF70F885AF3+3322739]\n\tGetHandleVerifier [0x00007FF70F586A1A+180890]\n\tGetHandleVerifier [0x00007FF70F58E11F+211359]\n\tGetHandleVerifier [0x00007FF70F575294+109332]\n\tGetHandleVerifier [0x00007FF70F575442+109762]\n\tGetHandleVerifier [0x00007FF70F55BA59+4825]\n\tBaseThreadInitThunk [0x00007FF891CBE8D7+23]\n\tRtlUserThreadStart [0x00007FF892E514FC+44]\n\n","time":{"start":1747950694063,"stop":1747950697145,"duration":3082}}]},"956dbcd40d1c12376ee430d8d67ce09c":{"statistic":{"failed":0,"broken":1,"skipped":0,"passed":0,"unknown":0,"total":1},"items":[{"uid":"446a79e6ff131352","status":"broken","statusDetails":"AttributeError: 'Context' object has no attribute 'perfil_de_acesso_page'\n","time":{"start":1747950724825,"stop":1747950727795,"duration":2970}}]},"4e9256b6c4c3e014d259665a5668548e":{"statistic":{"failed":1,"broken":0,"skipped":0,"passed":0,"unknown":0,"total":1},"items":[{"uid":"8be6c3cd4533ae5c","status":"failed","statusDetails":"AssertionError: Erro ao clicar no módulo 'Semanal Diario'.\n","time":{"start":1747950821554,"stop":1747950834312,"duration":12758}}]},"a5743bcf6a2fa8fb905d207c851aacb1":{"statistic":{"failed":0,"broken":1,"skipped":0,"passed":0,"unknown":0,"total":1},"items":[{"uid":"e9cc5247a3bf683","status":"broken","statusDetails":"selenium.common.exceptions.ElementNotInteractableException: Message: element not interactable\n  (Session info: chrome=136.0.7103.114)\nStacktrace:\n\tGetHandleVerifier [0x00007FF70F56CF45+75717]\n\tGetHandleVerifier [0x00007FF70F56CFA0+75808]\n\t(No symbol) [0x00007FF70F338DCC]\n\t(No symbol) [0x00007FF70F3909C4]\n\t(No symbol) [0x00007FF70F382394]\n\t(No symbol) [0x00007FF70F3B737A]\n\t(No symbol) [0x00007FF70F381C46]\n\t(No symbol) [0x00007FF70F3B7590]\n\t(No symbol) [0x00007FF70F3DF39C]\n\t(No symbol) [0x00007FF70F3B7153]\n\t(No symbol) [0x00007FF70F380421]\n\t(No symbol) [0x00007FF70F3811B3]\n\tGetHandleVerifier [0x00007FF70F86D71D+3223453]\n\tGetHandleVerifier [0x00007FF70F867CC2+3200322]\n\tGetHandleVerifier [0x00007FF70F885AF3+3322739]\n\tGetHandleVerifier [0x00007FF70F586A1A+180890]\n\tGetHandleVerifier [0x00007FF70F58E11F+211359]\n\tGetHandleVerifier [0x00007FF70F575294+109332]\n\tGetHandleVerifier [0x00007FF70F575442+109762]\n\tGetHandleVerifier [0x00007FF70F55BA59+4825]\n\tBaseThreadInitThunk [0x00007FF891CBE8D7+23]\n\tRtlUserThreadStart [0x00007FF892E514FC+44]\n\n","time":{"start":1747951050680,"stop":1747951053462,"duration":2782}}]},"740d90e5656b00adf527b987a925f637":{"statistic":{"failed":0,"broken":1,"skipped":0,"passed":0,"unknown":0,"total":1},"items":[{"uid":"4cb8f0b4de52b252","status":"broken","statusDetails":"selenium.common.exceptions.NoSuchElementException: Message: no such element: Unable to locate element: {\"method\":\"xpath\",\"selector\":\"//span[@id='mes' and @role='combobox' and @class='p-element p-dropdown-label p-inputtext p-placeholder ng-star-inserted']\"}\n  (Session info: chrome=136.0.7103.114); For documentation on this error, please visit: https://www.selenium.dev/documentation/webdriver/troubleshooting/errors#no-such-element-exception\nStacktrace:\n\tGetHandleVerifier [0x00007FF70F56CF45+75717]\n\tGetHandleVerifier [0x00007FF70F56CFA0+75808]\n\t(No symbol) [0x00007FF70F338F9A]\n\t(No symbol) [0x00007FF70F38F4C6]\n\t(No symbol) [0x00007FF70F38F77C]\n\t(No symbol) [0x00007FF70F3E2577]\n\t(No symbol) [0x00007FF70F3B73BF]\n\t(No symbol) [0x00007FF70F3DF39C]\n\t(No symbol) [0x00007FF70F3B7153]\n\t(No symbol) [0x00007FF70F380421]\n\t(No symbol) [0x00007FF70F3811B3]\n\tGetHandleVerifier [0x00007FF70F86D71D+3223453]\n\tGetHandleVerifier [0x00007FF70F867CC2+3200322]\n\tGetHandleVerifier [0x00007FF70F885AF3+3322739]\n\tGetHandleVerifier [0x00007FF70F586A1A+180890]\n\tGetHandleVerifier [0x00007FF70F58E11F+211359]\n\tGetHandleVerifier [0x00007FF70F575294+109332]\n\tGetHandleVerifier [0x00007FF70F575442+109762]\n\tGetHandleVerifier [0x00007FF70F55BA59+4825]\n\tBaseThreadInitThunk [0x00007FF891CBE8D7+23]\n\tRtlUserThreadStart [0x00007FF892E514FC+44]\n\n","time":{"start":1747950994852,"stop":1747951010765,"duration":15913}}]},"b5e622a74899fb57bc7c40926613f74e":{"statistic":{"failed":1,"broken":0,"skipped":0,"passed":0,"unknown":0,"total":1},"items":[{"uid":"f4897a7e95d76f91","status":"failed","statusDetails":"AssertionError: Erro ao clicar no módulo 'Semanal Diario'.\n","time":{"start":1747950965746,"stop":1747950978569,"duration":12823}}]},"b7f6289b2617f0995a9cde67fd920581":{"statistic":{"failed":0,"broken":1,"skipped":0,"passed":0,"unknown":0,"total":1},"items":[{"uid":"cca95763e39a26ac","status":"broken","statusDetails":"selenium.common.exceptions.StaleElementReferenceException: Message: stale element reference: stale element not found in the current frame\n  (Session info: chrome=136.0.7103.114); For documentation on this error, please visit: https://www.selenium.dev/documentation/webdriver/troubleshooting/errors#stale-element-reference-exception\nStacktrace:\n\tGetHandleVerifier [0x00007FF70F56CF45+75717]\n\tGetHandleVerifier [0x00007FF70F56CFA0+75808]\n\t(No symbol) [0x00007FF70F338F9A]\n\t(No symbol) [0x00007FF70F340998]\n\t(No symbol) [0x00007FF70F343A0C]\n\t(No symbol) [0x00007FF70F343ADF]\n\t(No symbol) [0x00007FF70F3895C1]\n\t(No symbol) [0x00007FF70F3B737A]\n\t(No symbol) [0x00007FF70F381C46]\n\t(No symbol) [0x00007FF70F3B7590]\n\t(No symbol) [0x00007FF70F3DF39C]\n\t(No symbol) [0x00007FF70F3B7153]\n\t(No symbol) [0x00007FF70F380421]\n\t(No symbol) [0x00007FF70F3811B3]\n\tGetHandleVerifier [0x00007FF70F86D71D+3223453]\n\tGetHandleVerifier [0x00007FF70F867CC2+3200322]\n\tGetHandleVerifier [0x00007FF70F885AF3+3322739]\n\tGetHandleVerifier [0x00007FF70F586A1A+180890]\n\tGetHandleVerifier [0x00007FF70F58E11F+211359]\n\tGetHandleVerifier [0x00007FF70F575294+109332]\n\tGetHandleVerifier [0x00007FF70F575442+109762]\n\tGetHandleVerifier [0x00007FF70F55BA59+4825]\n\tBaseThreadInitThunk [0x00007FF891CBE8D7+23]\n\tRtlUserThreadStart [0x00007FF892E514FC+44]\n\n","time":{"start":1747950709811,"stop":1747950712912,"duration":3101}}]},"9918e257f4543ed13db1d109808cceb6":{"statistic":{"failed":1,"broken":0,"skipped":0,"passed":0,"unknown":0,"total":1},"items":[{"uid":"287ebd3025b184e9","status":"failed","statusDetails":"AssertionError: Erro ao clicar no módulo 'Semanal Diario'.\n","time":{"start":1747950754297,"stop":1747950767019,"duration":12722}}]},"b7836925769b098bf8e2604e2e6b601a":{"statistic":{"failed":1,"broken":0,"skipped":0,"passed":0,"unknown":0,"total":1},"items":[{"uid":"631fbf3f4bb0e78a","status":"failed","statusDetails":"AssertionError: Erro ao clicar no módulo 'IREC'.\n","time":{"start":1747951010768,"stop":1747951023484,"duration":12716}}]},"1e8366c2186e853b0023b658eba6ceaa":{"statistic":{"failed":0,"broken":1,"skipped":0,"passed":0,"unknown":0,"total":1},"items":[{"uid":"3d63c559e5bf48ff","status":"broken","statusDetails":"selenium.common.exceptions.TimeoutException: Message: \nStacktrace:\n\tGetHandleVerifier [0x00007FF70F56CF45+75717]\n\tGetHandleVerifier [0x00007FF70F56CFA0+75808]\n\t(No symbol) [0x00007FF70F338F9A]\n\t(No symbol) [0x00007FF70F38F4C6]\n\t(No symbol) [0x00007FF70F38F77C]\n\t(No symbol) [0x00007FF70F3E2577]\n\t(No symbol) [0x00007FF70F3B73BF]\n\t(No symbol) [0x00007FF70F3DF39C]\n\t(No symbol) [0x00007FF70F3B7153]\n\t(No symbol) [0x00007FF70F380421]\n\t(No symbol) [0x00007FF70F3811B3]\n\tGetHandleVerifier [0x00007FF70F86D71D+3223453]\n\tGetHandleVerifier [0x00007FF70F867CC2+3200322]\n\tGetHandleVerifier [0x00007FF70F885AF3+3322739]\n\tGetHandleVerifier [0x00007FF70F586A1A+180890]\n\tGetHandleVerifier [0x00007FF70F58E11F+211359]\n\tGetHandleVerifier [0x00007FF70F575294+109332]\n\tGetHandleVerifier [0x00007FF70F575442+109762]\n\tGetHandleVerifier [0x00007FF70F55BA59+4825]\n\tBaseThreadInitThunk [0x00007FF891CBE8D7+23]\n\tRtlUserThreadStart [0x00007FF892E514FC+44]\n\n","time":{"start":1747950896072,"stop":1747950909366,"duration":13294}}]},"30c7d8744686972186f56863d35be0a0":{"statistic":{"failed":1,"broken":0,"skipped":0,"passed":0,"unknown":0,"total":1},"items":[{"uid":"721ce475f9c48900","status":"failed","statusDetails":"AssertionError: Erro ao clicar no módulo 'Semanal Diario'.\n","time":{"start":1747950769912,"stop":1747950782813,"duration":12901}}]},"ef6b6410b3cf03bc2d6a744bb834027b":{"statistic":{"failed":0,"broken":1,"skipped":0,"passed":0,"unknown":0,"total":1},"items":[{"uid":"1a908b931b60a5b8","status":"broken","statusDetails":"selenium.common.exceptions.ElementNotInteractableException: Message: element not interactable\n  (Session info: chrome=136.0.7103.114)\nStacktrace:\n\tGetHandleVerifier [0x00007FF70F56CF45+75717]\n\tGetHandleVerifier [0x00007FF70F56CFA0+75808]\n\t(No symbol) [0x00007FF70F338DCC]\n\t(No symbol) [0x00007FF70F3909C4]\n\t(No symbol) [0x00007FF70F382394]\n\t(No symbol) [0x00007FF70F3B737A]\n\t(No symbol) [0x00007FF70F381C46]\n\t(No symbol) [0x00007FF70F3B7590]\n\t(No symbol) [0x00007FF70F3DF39C]\n\t(No symbol) [0x00007FF70F3B7153]\n\t(No symbol) [0x00007FF70F380421]\n\t(No symbol) [0x00007FF70F3811B3]\n\tGetHandleVerifier [0x00007FF70F86D71D+3223453]\n\tGetHandleVerifier [0x00007FF70F867CC2+3200322]\n\tGetHandleVerifier [0x00007FF70F885AF3+3322739]\n\tGetHandleVerifier [0x00007FF70F586A1A+180890]\n\tGetHandleVerifier [0x00007FF70F58E11F+211359]\n\tGetHandleVerifier [0x00007FF70F575294+109332]\n\tGetHandleVerifier [0x00007FF70F575442+109762]\n\tGetHandleVerifier [0x00007FF70F55BA59+4825]\n\tBaseThreadInitThunk [0x00007FF891CBE8D7+23]\n\tRtlUserThreadStart [0x00007FF892E514FC+44]\n\n","time":{"start":1747951044344,"stop":1747951045967,"duration":1623}}]},"524f370c58debd065ba0ec8eca5bc852":{"statistic":{"failed":1,"broken":0,"skipped":0,"passed":0,"unknown":0,"total":1},"items":[{"uid":"a86e5186d504551f","status":"failed","statusDetails":"AssertionError: Erro ao clicar no módulo 'Semanal Diario'.\n","time":{"start":1747950785720,"stop":1747950798346,"duration":12626}}]},"ec31f8da356d301b5a2b111aa46b0870":{"statistic":{"failed":1,"broken":0,"skipped":0,"passed":0,"unknown":0,"total":1},"items":[{"uid":"d5d5a7eeaf64178","status":"failed","statusDetails":"AssertionError: Erro ao tentar inativar o produto.\n","time":{"start":1747950740696,"stop":1747950754295,"duration":13599}}]},"449976a45a5b17017833b8bfbf460048":{"statistic":{"failed":0,"broken":1,"skipped":0,"passed":0,"unknown":0,"total":1},"items":[{"uid":"44f8705a9f77c7bb","status":"broken","statusDetails":"selenium.common.exceptions.TimeoutException: Message: \nStacktrace:\n\tGetHandleVerifier [0x00007FF70F56CF45+75717]\n\tGetHandleVerifier [0x00007FF70F56CFA0+75808]\n\t(No symbol) [0x00007FF70F338F9A]\n\t(No symbol) [0x00007FF70F38F4C6]\n\t(No symbol) [0x00007FF70F38F77C]\n\t(No symbol) [0x00007FF70F3E2577]\n\t(No symbol) [0x00007FF70F3B73BF]\n\t(No symbol) [0x00007FF70F3DF39C]\n\t(No symbol) [0x00007FF70F3B7153]\n\t(No symbol) [0x00007FF70F380421]\n\t(No symbol) [0x00007FF70F3811B3]\n\tGetHandleVerifier [0x00007FF70F86D71D+3223453]\n\tGetHandleVerifier [0x00007FF70F867CC2+3200322]\n\tGetHandleVerifier [0x00007FF70F885AF3+3322739]\n\tGetHandleVerifier [0x00007FF70F586A1A+180890]\n\tGetHandleVerifier [0x00007FF70F58E11F+211359]\n\tGetHandleVerifier [0x00007FF70F575294+109332]\n\tGetHandleVerifier [0x00007FF70F575442+109762]\n\tGetHandleVerifier [0x00007FF70F55BA59+4825]\n\tBaseThreadInitThunk [0x00007FF891CBE8D7+23]\n\tRtlUserThreadStart [0x00007FF892E514FC+44]\n\n","time":{"start":1747950882560,"stop":1747950896067,"duration":13507}}]},"8c27c5f8967801f76bf70a823c7f13fb":{"statistic":{"failed":0,"broken":1,"skipped":0,"passed":0,"unknown":0,"total":1},"items":[{"uid":"870080077d8226a2","status":"broken","statusDetails":"selenium.common.exceptions.TimeoutException: Message: \nStacktrace:\n\tGetHandleVerifier [0x00007FF70F56CF45+75717]\n\tGetHandleVerifier [0x00007FF70F56CFA0+75808]\n\t(No symbol) [0x00007FF70F338F9A]\n\t(No symbol) [0x00007FF70F38F4C6]\n\t(No symbol) [0x00007FF70F38F77C]\n\t(No symbol) [0x00007FF70F3E2577]\n\t(No symbol) [0x00007FF70F3B73BF]\n\t(No symbol) [0x00007FF70F3DF39C]\n\t(No symbol) [0x00007FF70F3B7153]\n\t(No symbol) [0x00007FF70F380421]\n\t(No symbol) [0x00007FF70F3811B3]\n\tGetHandleVerifier [0x00007FF70F86D71D+3223453]\n\tGetHandleVerifier [0x00007FF70F867CC2+3200322]\n\tGetHandleVerifier [0x00007FF70F885AF3+3322739]\n\tGetHandleVerifier [0x00007FF70F586A1A+180890]\n\tGetHandleVerifier [0x00007FF70F58E11F+211359]\n\tGetHandleVerifier [0x00007FF70F575294+109332]\n\tGetHandleVerifier [0x00007FF70F575442+109762]\n\tGetHandleVerifier [0x00007FF70F55BA59+4825]\n\tBaseThreadInitThunk [0x00007FF891CBE8D7+23]\n\tRtlUserThreadStart [0x00007FF892E514FC+44]\n\n","time":{"start":1747950922636,"stop":1747950935924,"duration":13288}}]},"1ce8b2f1fd568252e8a650f0fe4afc46":{"statistic":{"failed":1,"broken":0,"skipped":0,"passed":0,"unknown":0,"total":1},"items":[{"uid":"ff0a389e7aad87a5","status":"failed","statusDetails":"AssertionError: Erro ao clicar no módulo 'Semanal Diario'.\n","time":{"start":1747950852588,"stop":1747950865534,"duration":12946}}]},"d95c834d8fcb8293e56a1bb36fa834c9":{"statistic":{"failed":1,"broken":0,"skipped":0,"passed":0,"unknown":0,"total":1},"items":[{"uid":"202acd0f57ff8bfe","status":"failed","statusDetails":"AssertionError: Erro ao clicar no módulo 'Semanal Diario'.\n","time":{"start":1747950727797,"stop":1747950740692,"duration":12895}}]},"2bbee10c2bfdda1cfb275492f3a2194d":{"statistic":{"failed":0,"broken":1,"skipped":0,"passed":0,"unknown":0,"total":1},"items":[{"uid":"f0a575c0e966e6db","status":"broken","statusDetails":"\nYou can implement step definitions for undefined steps with these snippets:\n\n@when(u'o usuário ativar um produto anteriormente inativo')\ndef step_impl(context):\n    raise NotImplementedError(u'STEP: When o usuário ativar um produto anteriormente inativo')\n\n","time":{"start":1747950849816,"stop":1747950852584,"duration":2768}}]},"6026f62f91bc971b3a9d7097ca620242":{"statistic":{"failed":0,"broken":1,"skipped":0,"passed":0,"unknown":0,"total":1},"items":[{"uid":"4abda9cf96b9c73","status":"broken","statusDetails":"\nYou can implement step definitions for undefined steps with these snippets:\n\n@when(u'o usuário tiver um produto inativo')\ndef step_impl(context):\n    raise NotImplementedError(u'STEP: When o usuário tiver um produto inativo')\n\n","time":{"start":1747950767022,"stop":1747950769909,"duration":2887}}]},"875a9a7b10873fbf0e4b635fd849684d":{"statistic":{"failed":0,"broken":1,"skipped":0,"passed":0,"unknown":0,"total":1},"items":[{"uid":"65fb80dc22cba430","status":"broken","statusDetails":"selenium.common.exceptions.NoSuchElementException: Message: no such element: Unable to locate element: {\"method\":\"xpath\",\"selector\":\"//span[@id='mes' and @role='combobox' and @class='p-element p-dropdown-label p-inputtext p-placeholder ng-star-inserted']\"}\n  (Session info: chrome=136.0.7103.114); For documentation on this error, please visit: https://www.selenium.dev/documentation/webdriver/troubleshooting/errors#no-such-element-exception\nStacktrace:\n\tGetHandleVerifier [0x00007FF70F56CF45+75717]\n\tGetHandleVerifier [0x00007FF70F56CFA0+75808]\n\t(No symbol) [0x00007FF70F338F9A]\n\t(No symbol) [0x00007FF70F38F4C6]\n\t(No symbol) [0x00007FF70F38F77C]\n\t(No symbol) [0x00007FF70F3E2577]\n\t(No symbol) [0x00007FF70F3B73BF]\n\t(No symbol) [0x00007FF70F3DF39C]\n\t(No symbol) [0x00007FF70F3B7153]\n\t(No symbol) [0x00007FF70F380421]\n\t(No symbol) [0x00007FF70F3811B3]\n\tGetHandleVerifier [0x00007FF70F86D71D+3223453]\n\tGetHandleVerifier [0x00007FF70F867CC2+3200322]\n\tGetHandleVerifier [0x00007FF70F885AF3+3322739]\n\tGetHandleVerifier [0x00007FF70F586A1A+180890]\n\tGetHandleVerifier [0x00007FF70F58E11F+211359]\n\tGetHandleVerifier [0x00007FF70F575294+109332]\n\tGetHandleVerifier [0x00007FF70F575442+109762]\n\tGetHandleVerifier [0x00007FF70F55BA59+4825]\n\tBaseThreadInitThunk [0x00007FF891CBE8D7+23]\n\tRtlUserThreadStart [0x00007FF892E514FC+44]\n\n","time":{"start":1747951029003,"stop":1747951044342,"duration":15339}}]},"175db350a4cfdb74f970af36aec9710b":{"statistic":{"failed":1,"broken":0,"skipped":0,"passed":0,"unknown":0,"total":1},"items":[{"uid":"91d3ead16984449e","status":"failed","statusDetails":"AssertionError: Erro ao clicar no módulo 'IREC'.\n","time":{"start":1747950681383,"stop":1747950694056,"duration":12673}}]},"10d0955dd47d24f9df5b481d307f76c4":{"statistic":{"failed":0,"broken":1,"skipped":0,"passed":0,"unknown":0,"total":1},"items":[{"uid":"f766f0d64a9c36f8","status":"broken","statusDetails":"\nYou can implement step definitions for undefined steps with these snippets:\n\n@when(u'Usuário preenche os campos obrigatórios com dados inválidos')\ndef step_impl(context):\n    raise NotImplementedError(u'STEP: When Usuário preenche os campos obrigatórios com dados inválidos')\n\n","time":{"start":1747950798354,"stop":1747950803653,"duration":5299}}]},"1f931cf1ad690e4d24468b4f05a1e962":{"statistic":{"failed":0,"broken":1,"skipped":0,"passed":0,"unknown":0,"total":1},"items":[{"uid":"4cd5e58405e5b69c","status":"broken","statusDetails":"AttributeError: 'Context' object has no attribute 'perfil_de_acesso_page'\n","time":{"start":1747950865538,"stop":1747950868845,"duration":3307}}]},"dbcf2e9f4d0637e0187f08ff129c0c79":{"statistic":{"failed":1,"broken":0,"skipped":0,"passed":0,"unknown":0,"total":1},"items":[{"uid":"96a1638839d8c7a4","status":"failed","statusDetails":"AssertionError: Erro ao clicar no módulo 'Curto Prazo'.\n","time":{"start":1747950712915,"stop":1747950724822,"duration":11907}}]},"486272a1b499038f51f931c1b5dfd6a7":{"statistic":{"failed":0,"broken":1,"skipped":0,"passed":0,"unknown":0,"total":1},"items":[{"uid":"9ff0edc098b4db6b","status":"broken","statusDetails":"selenium.common.exceptions.NoSuchElementException: Message: no such element: Unable to locate element: {\"method\":\"xpath\",\"selector\":\"//span[@id='mes' and @role='combobox' and @class='p-element p-dropdown-label p-inputtext p-placeholder ng-star-inserted']\"}\n  (Session info: chrome=136.0.7103.114); For documentation on this error, please visit: https://www.selenium.dev/documentation/webdriver/troubleshooting/errors#no-such-element-exception\nStacktrace:\n\tGetHandleVerifier [0x00007FF70F56CF45+75717]\n\tGetHandleVerifier [0x00007FF70F56CFA0+75808]\n\t(No symbol) [0x00007FF70F338F9A]\n\t(No symbol) [0x00007FF70F38F4C6]\n\t(No symbol) [0x00007FF70F38F77C]\n\t(No symbol) [0x00007FF70F3E2577]\n\t(No symbol) [0x00007FF70F3B73BF]\n\t(No symbol) [0x00007FF70F3DF39C]\n\t(No symbol) [0x00007FF70F3B7153]\n\t(No symbol) [0x00007FF70F380421]\n\t(No symbol) [0x00007FF70F3811B3]\n\tGetHandleVerifier [0x00007FF70F86D71D+3223453]\n\tGetHandleVerifier [0x00007FF70F867CC2+3200322]\n\tGetHandleVerifier [0x00007FF70F885AF3+3322739]\n\tGetHandleVerifier [0x00007FF70F586A1A+180890]\n\tGetHandleVerifier [0x00007FF70F58E11F+211359]\n\tGetHandleVerifier [0x00007FF70F575294+109332]\n\tGetHandleVerifier [0x00007FF70F575442+109762]\n\tGetHandleVerifier [0x00007FF70F55BA59+4825]\n\tBaseThreadInitThunk [0x00007FF891CBE8D7+23]\n\tRtlUserThreadStart [0x00007FF892E514FC+44]\n\n","time":{"start":1747950950113,"stop":1747950965742,"duration":15629}}]},"f8d5e19ae5164f1c1c05e9f538967570":{"statistic":{"failed":0,"broken":1,"skipped":0,"passed":0,"unknown":0,"total":1},"items":[{"uid":"7977ce76532a7a5d","status":"broken","statusDetails":"\nYou can implement step definitions for undefined steps with these snippets:\n\n@when(u'Usuário preenche parcialmente os campos obrigatórios')\ndef step_impl(context):\n    raise NotImplementedError(u'STEP: When Usuário preenche parcialmente os campos obrigatórios')\n\n","time":{"start":1747951045971,"stop":1747951050677,"duration":4706}}]},"740a0b3f05d4a9dd5eed51269d7dabcb":{"statistic":{"failed":0,"broken":1,"skipped":0,"passed":0,"unknown":0,"total":1},"items":[{"uid":"2a82f82c22216289","status":"broken","statusDetails":"\nYou can implement step definitions for undefined steps with these snippets:\n\n@when(u'Usuário não preenche os campos obrigatórios')\ndef step_impl(context):\n    raise NotImplementedError(u'STEP: When Usuário não preenche os campos obrigatórios')\n\n","time":{"start":1747950816298,"stop":1747950821545,"duration":5247}}]},"4bb420c0b01eec48b63bb188c9e09200":{"statistic":{"failed":0,"broken":1,"skipped":0,"passed":0,"unknown":0,"total":1},"items":[{"uid":"b0cbd4bba439e950","status":"broken","statusDetails":"AttributeError: 'Context' object has no attribute 'perfil_de_acesso_page'\n","time":{"start":1747950782817,"stop":1747950785717,"duration":2900}}]},"3a9f10613eea7f2e0626364845695917":{"statistic":{"failed":1,"broken":0,"skipped":0,"passed":0,"unknown":0,"total":1},"items":[{"uid":"b0ffbab9851ff56e","status":"failed","statusDetails":"AssertionError: Erro ao clicar no módulo 'Semanal Diario'.\n","time":{"start":1747950868853,"stop":1747950881871,"duration":13018}}]},"fbf07a868ad7dc663d7bde8cb8854fef":{"statistic":{"failed":0,"broken":1,"skipped":0,"passed":0,"unknown":0,"total":1},"items":[{"uid":"bfe5ae2865c42b6b","status":"broken","statusDetails":"selenium.common.exceptions.TimeoutException: Message: \nStacktrace:\n\tGetHandleVerifier [0x00007FF70F56CF45+75717]\n\tGetHandleVerifier [0x00007FF70F56CFA0+75808]\n\t(No symbol) [0x00007FF70F338F9A]\n\t(No symbol) [0x00007FF70F38F4C6]\n\t(No symbol) [0x00007FF70F38F77C]\n\t(No symbol) [0x00007FF70F3E2577]\n\t(No symbol) [0x00007FF70F3B73BF]\n\t(No symbol) [0x00007FF70F3DF39C]\n\t(No symbol) [0x00007FF70F3B7153]\n\t(No symbol) [0x00007FF70F380421]\n\t(No symbol) [0x00007FF70F3811B3]\n\tGetHandleVerifier [0x00007FF70F86D71D+3223453]\n\tGetHandleVerifier [0x00007FF70F867CC2+3200322]\n\tGetHandleVerifier [0x00007FF70F885AF3+3322739]\n\tGetHandleVerifier [0x00007FF70F586A1A+180890]\n\tGetHandleVerifier [0x00007FF70F58E11F+211359]\n\tGetHandleVerifier [0x00007FF70F575294+109332]\n\tGetHandleVerifier [0x00007FF70F575442+109762]\n\tGetHandleVerifier [0x00007FF70F55BA59+4825]\n\tBaseThreadInitThunk [0x00007FF891CBE8D7+23]\n\tRtlUserThreadStart [0x00007FF892E514FC+44]\n\n","time":{"start":1747950909373,"stop":1747950922633,"duration":13260}}]},"2b5d8df50a2801c536320320860faae9":{"statistic":{"failed":1,"broken":0,"skipped":0,"passed":0,"unknown":0,"total":1},"items":[{"uid":"7aa92d880ee9dbd7","status":"failed","statusDetails":"AssertionError: Erro ao clicar no módulo 'Semanal Diario'.\n","time":{"start":1747950837129,"stop":1747950849813,"duration":12684}}]},"fb40b44e5734c80fa475e246bc63d4b2":{"statistic":{"failed":1,"broken":0,"skipped":0,"passed":0,"unknown":0,"total":1},"items":[{"uid":"9cae3f9168455169","status":"failed","statusDetails":"AssertionError: Erro ao clicar no módulo 'Semanal Diario'.\n","time":{"start":1747950803657,"stop":1747950816296,"duration":12639}}]},"addf4ed644f02c8125a18104f94e3924":{"statistic":{"failed":0,"broken":1,"skipped":0,"passed":0,"unknown":0,"total":1},"items":[{"uid":"ea559ba0f8ec74dd","status":"broken","statusDetails":"\nYou can implement step definitions for undefined steps with these snippets:\n\n@when(u'o usuário consulta um produto inativo')\ndef step_impl(context):\n    raise NotImplementedError(u'STEP: When o usuário consulta um produto inativo')\n\n","time":{"start":1747950834314,"stop":1747950837126,"duration":2812}}]},"5d37f5ceafb791fc631be5dc04042361":{"statistic":{"failed":0,"broken":1,"skipped":0,"passed":0,"unknown":0,"total":1},"items":[{"uid":"11ee343aaf621436","status":"broken","statusDetails":"selenium.common.exceptions.NoSuchElementException: Message: no such element: Unable to locate element: {\"method\":\"xpath\",\"selector\":\".//td[1][span[@class='p-column-title' and text()='Mês']]\"}\n  (Session info: chrome=136.0.7103.114); For documentation on this error, please visit: https://www.selenium.dev/documentation/webdriver/troubleshooting/errors#no-such-element-exception\nStacktrace:\n\tGetHandleVerifier [0x00007FF70F56CF45+75717]\n\tGetHandleVerifier [0x00007FF70F56CFA0+75808]\n\t(No symbol) [0x00007FF70F338F9A]\n\t(No symbol) [0x00007FF70F38F4C6]\n\t(No symbol) [0x00007FF70F38F77C]\n\t(No symbol) [0x00007FF70F381D7C]\n\t(No symbol) [0x00007FF70F3B73BF]\n\t(No symbol) [0x00007FF70F381C46]\n\t(No symbol) [0x00007FF70F3B7590]\n\t(No symbol) [0x00007FF70F3DF39C]\n\t(No symbol) [0x00007FF70F3B7153]\n\t(No symbol) [0x00007FF70F380421]\n\t(No symbol) [0x00007FF70F3811B3]\n\tGetHandleVerifier [0x00007FF70F86D71D+3223453]\n\tGetHandleVerifier [0x00007FF70F867CC2+3200322]\n\tGetHandleVerifier [0x00007FF70F885AF3+3322739]\n\tGetHandleVerifier [0x00007FF70F586A1A+180890]\n\tGetHandleVerifier [0x00007FF70F58E11F+211359]\n\tGetHandleVerifier [0x00007FF70F575294+109332]\n\tGetHandleVerifier [0x00007FF70F575442+109762]\n\tGetHandleVerifier [0x00007FF70F55BA59+4825]\n\tBaseThreadInitThunk [0x00007FF891CBE8D7+23]\n\tRtlUserThreadStart [0x00007FF892E514FC+44]\n\n","time":{"start":1747950678141,"stop":1747950681379,"duration":3238}}]},"41a739a13f98ff17c048f9670f8e867f":{"statistic":{"failed":0,"broken":1,"skipped":0,"passed":0,"unknown":0,"total":1},"items":[{"uid":"42de2ba450fdeac5","status":"broken","statusDetails":"\nYou can implement step definitions for undefined steps with these snippets:\n\n@when(u'Usuário não preenche os campos obrigatórios')\ndef step_impl(context):\n    raise NotImplementedError(u'STEP: When Usuário não preenche os campos obrigatórios')\n\n","time":{"start":1747951023486,"stop":1747951028640,"duration":5154}}]}}