{"uid":"6ac604f1de9697db","name":"Data de início da vigência válida","fullName":"Tela de Cadastro de Diretriz I-REC: Data de início da vigência válida","historyId":"65931637f6ddaa011f80b1e59dcdd684","time":{"start":1748024099277,"stop":1748024101720,"duration":2443},"status":"broken","statusMessage":"selenium.common.exceptions.NoSuchElementException: Message: no such element: Unable to locate element: {\"method\":\"xpath\",\"selector\":\"//span[@class='ng-tns-c4209099177-26 p-calendar p-calendar-w-btn p-calendar-disabled']/input[@aria-controls='pn_id_15_panel']\"}\n  (Session info: chrome=136.0.7103.114); For documentation on this error, please visit: https://www.selenium.dev/documentation/webdriver/troubleshooting/errors#no-such-element-exception\nStacktrace:\n\tGetHandleVerifier [0x00007FF6C87BCF45+75717]\n\tGetHandleVerifier [0x00007FF6C87BCFA0+75808]\n\t(No symbol) [0x00007FF6C8588F9A]\n\t(No symbol) [0x00007FF6C85DF4C6]\n\t(No symbol) [0x00007FF6C85DF77C]\n\t(No symbol) [0x00007FF6C8632577]\n\t(No symbol) [0x00007FF6C86073BF]\n\t(No symbol) [0x00007FF6C862F39C]\n\t(No symbol) [0x00007FF6C8607153]\n\t(No symbol) [0x00007FF6C85D0421]\n\t(No symbol) [0x00007FF6C85D11B3]\n\tGetHandleVerifier [0x00007FF6C8ABD71D+3223453]\n\tGetHandleVerifier [0x00007FF6C8AB7CC2+3200322]\n\tGetHandleVerifier [0x00007FF6C8AD5AF3+3322739]\n\tGetHandleVerifier [0x00007FF6C87D6A1A+180890]\n\tGetHandleVerifier [0x00007FF6C87DE11F+211359]\n\tGetHandleVerifier [0x00007FF6C87C5294+109332]\n\tGetHandleVerifier [0x00007FF6C87C5442+109762]\n\tGetHandleVerifier [0x00007FF6C87ABA59+4825]\n\tBaseThreadInitThunk [0x00007FFE465CE8D7+23]\n\tRtlUserThreadStart [0x00007FFE480D14FC+44]\n\n","statusTrace":"  File \"C:\\Automação de Testes\\neo_liberalizados-automacao\\venv\\Lib\\site-packages\\behave\\model.py\", line 1329, in run\n    match.run(runner.context)\n  File \"C:\\Automação de Testes\\neo_liberalizados-automacao\\venv\\Lib\\site-packages\\behave\\matchers.py\", line 98, in run\n    self.func(context, *args, **kwargs)\n  File \"features\\steps\\diretriz_irec_steps.py\", line 184, in step_validar_data_inicio_vigencia_atual\n    context.diretriz_irec_page.validar_data_inicio_vigencia_atual()\n  File \"C:\\Automação de Testes\\neo_liberalizados-automacao\\features\\pages\\diretriz_irec_pages.py\", line 549, in validar_data_inicio_vigencia_atual\n    campo_data = self.driver.find_element(*DiretrizIrecLocators.VALIDA_DATA_ATUAL)\n                 ^^^^^^^^^^^^^^^^^^^^^^^^^^^^^^^^^^^^^^^^^^^^^^^^^^^^^^^^^^^^^^^^^\n  File \"C:\\Automação de Testes\\neo_liberalizados-automacao\\venv\\Lib\\site-packages\\selenium\\webdriver\\remote\\webdriver.py\", line 917, in find_element\n    return self.execute(Command.FIND_ELEMENT, {\"using\": by, \"value\": value})[\"value\"]\n           ^^^^^^^^^^^^^^^^^^^^^^^^^^^^^^^^^^^^^^^^^^^^^^^^^^^^^^^^^^^^^^^^^\n  File \"C:\\Automação de Testes\\neo_liberalizados-automacao\\venv\\Lib\\site-packages\\selenium\\webdriver\\remote\\webdriver.py\", line 448, in execute\n    self.error_handler.check_response(response)\n  File \"C:\\Automação de Testes\\neo_liberalizados-automacao\\venv\\Lib\\site-packages\\selenium\\webdriver\\remote\\errorhandler.py\", line 232, in check_response\n    raise exception_class(message, screen, stacktrace)\n","flaky":false,"newFailed":false,"newBroken":false,"newPassed":false,"retriesCount":0,"retriesStatusChange":false,"beforeStages":[],"testStage":{"status":"broken","statusMessage":"selenium.common.exceptions.NoSuchElementException: Message: no such element: Unable to locate element: {\"method\":\"xpath\",\"selector\":\"//span[@class='ng-tns-c4209099177-26 p-calendar p-calendar-w-btn p-calendar-disabled']/input[@aria-controls='pn_id_15_panel']\"}\n  (Session info: chrome=136.0.7103.114); For documentation on this error, please visit: https://www.selenium.dev/documentation/webdriver/troubleshooting/errors#no-such-element-exception\nStacktrace:\n\tGetHandleVerifier [0x00007FF6C87BCF45+75717]\n\tGetHandleVerifier [0x00007FF6C87BCFA0+75808]\n\t(No symbol) [0x00007FF6C8588F9A]\n\t(No symbol) [0x00007FF6C85DF4C6]\n\t(No symbol) [0x00007FF6C85DF77C]\n\t(No symbol) [0x00007FF6C8632577]\n\t(No symbol) [0x00007FF6C86073BF]\n\t(No symbol) [0x00007FF6C862F39C]\n\t(No symbol) [0x00007FF6C8607153]\n\t(No symbol) [0x00007FF6C85D0421]\n\t(No symbol) [0x00007FF6C85D11B3]\n\tGetHandleVerifier [0x00007FF6C8ABD71D+3223453]\n\tGetHandleVerifier [0x00007FF6C8AB7CC2+3200322]\n\tGetHandleVerifier [0x00007FF6C8AD5AF3+3322739]\n\tGetHandleVerifier [0x00007FF6C87D6A1A+180890]\n\tGetHandleVerifier [0x00007FF6C87DE11F+211359]\n\tGetHandleVerifier [0x00007FF6C87C5294+109332]\n\tGetHandleVerifier [0x00007FF6C87C5442+109762]\n\tGetHandleVerifier [0x00007FF6C87ABA59+4825]\n\tBaseThreadInitThunk [0x00007FFE465CE8D7+23]\n\tRtlUserThreadStart [0x00007FFE480D14FC+44]\n\n","statusTrace":"  File \"C:\\Automação de Testes\\neo_liberalizados-automacao\\venv\\Lib\\site-packages\\behave\\model.py\", line 1329, in run\n    match.run(runner.context)\n  File \"C:\\Automação de Testes\\neo_liberalizados-automacao\\venv\\Lib\\site-packages\\behave\\matchers.py\", line 98, in run\n    self.func(context, *args, **kwargs)\n  File \"features\\steps\\diretriz_irec_steps.py\", line 184, in step_validar_data_inicio_vigencia_atual\n    context.diretriz_irec_page.validar_data_inicio_vigencia_atual()\n  File \"C:\\Automação de Testes\\neo_liberalizados-automacao\\features\\pages\\diretriz_irec_pages.py\", line 549, in validar_data_inicio_vigencia_atual\n    campo_data = self.driver.find_element(*DiretrizIrecLocators.VALIDA_DATA_ATUAL)\n                 ^^^^^^^^^^^^^^^^^^^^^^^^^^^^^^^^^^^^^^^^^^^^^^^^^^^^^^^^^^^^^^^^^\n  File \"C:\\Automação de Testes\\neo_liberalizados-automacao\\venv\\Lib\\site-packages\\selenium\\webdriver\\remote\\webdriver.py\", line 917, in find_element\n    return self.execute(Command.FIND_ELEMENT, {\"using\": by, \"value\": value})[\"value\"]\n           ^^^^^^^^^^^^^^^^^^^^^^^^^^^^^^^^^^^^^^^^^^^^^^^^^^^^^^^^^^^^^^^^^\n  File \"C:\\Automação de Testes\\neo_liberalizados-automacao\\venv\\Lib\\site-packages\\selenium\\webdriver\\remote\\webdriver.py\", line 448, in execute\n    self.error_handler.check_response(response)\n  File \"C:\\Automação de Testes\\neo_liberalizados-automacao\\venv\\Lib\\site-packages\\selenium\\webdriver\\remote\\errorhandler.py\", line 232, in check_response\n    raise exception_class(message, screen, stacktrace)\n","steps":[{"name":"Given que o usuário está logado no sistema","time":{"start":1748024099279,"stop":1748024099466,"duration":187},"status":"passed","steps":[],"attachments":[],"parameters":[],"attachmentStep":false,"stepsCount":0,"attachmentsCount":0,"shouldDisplayMessage":false,"hasContent":false},{"name":"When o usuário acessa ao módulo de diretrizes I-REC","time":{"start":1748024099466,"stop":1748024099838,"duration":372},"status":"passed","steps":[],"attachments":[],"parameters":[],"attachmentStep":false,"stepsCount":0,"attachmentsCount":0,"shouldDisplayMessage":false,"hasContent":false},{"name":"When o usuário clica no botão \"Nova Diretriz\"","time":{"start":1748024099838,"stop":1748024100398,"duration":560},"status":"passed","steps":[],"attachments":[],"parameters":[],"attachmentStep":false,"stepsCount":0,"attachmentsCount":0,"shouldDisplayMessage":false,"hasContent":false},{"name":"Then o usuário deve ser direcionado para a tela de cadastro de diretriz I-REC","time":{"start":1748024100398,"stop":1748024101549,"duration":1151},"status":"passed","steps":[],"attachments":[],"parameters":[],"attachmentStep":false,"stepsCount":0,"attachmentsCount":0,"shouldDisplayMessage":false,"hasContent":false},{"name":"Then valida se a data de inicio da vigência é igual a data atual","time":{"start":1748024101549,"stop":1748024101720,"duration":171},"status":"broken","statusMessage":"selenium.common.exceptions.NoSuchElementException: Message: no such element: Unable to locate element: {\"method\":\"xpath\",\"selector\":\"//span[@class='ng-tns-c4209099177-26 p-calendar p-calendar-w-btn p-calendar-disabled']/input[@aria-controls='pn_id_15_panel']\"}\n  (Session info: chrome=136.0.7103.114); For documentation on this error, please visit: https://www.selenium.dev/documentation/webdriver/troubleshooting/errors#no-such-element-exception\nStacktrace:\n\tGetHandleVerifier [0x00007FF6C87BCF45+75717]\n\tGetHandleVerifier [0x00007FF6C87BCFA0+75808]\n\t(No symbol) [0x00007FF6C8588F9A]\n\t(No symbol) [0x00007FF6C85DF4C6]\n\t(No symbol) [0x00007FF6C85DF77C]\n\t(No symbol) [0x00007FF6C8632577]\n\t(No symbol) [0x00007FF6C86073BF]\n\t(No symbol) [0x00007FF6C862F39C]\n\t(No symbol) [0x00007FF6C8607153]\n\t(No symbol) [0x00007FF6C85D0421]\n\t(No symbol) [0x00007FF6C85D11B3]\n\tGetHandleVerifier [0x00007FF6C8ABD71D+3223453]\n\tGetHandleVerifier [0x00007FF6C8AB7CC2+3200322]\n\tGetHandleVerifier [0x00007FF6C8AD5AF3+3322739]\n\tGetHandleVerifier [0x00007FF6C87D6A1A+180890]\n\tGetHandleVerifier [0x00007FF6C87DE11F+211359]\n\tGetHandleVerifier [0x00007FF6C87C5294+109332]\n\tGetHandleVerifier [0x00007FF6C87C5442+109762]\n\tGetHandleVerifier [0x00007FF6C87ABA59+4825]\n\tBaseThreadInitThunk [0x00007FFE465CE8D7+23]\n\tRtlUserThreadStart [0x00007FFE480D14FC+44]\n\n","statusTrace":"  File \"C:\\Automação de Testes\\neo_liberalizados-automacao\\venv\\Lib\\site-packages\\behave\\model.py\", line 1329, in run\n    match.run(runner.context)\n  File \"C:\\Automação de Testes\\neo_liberalizados-automacao\\venv\\Lib\\site-packages\\behave\\matchers.py\", line 98, in run\n    self.func(context, *args, **kwargs)\n  File \"features\\steps\\diretriz_irec_steps.py\", line 184, in step_validar_data_inicio_vigencia_atual\n    context.diretriz_irec_page.validar_data_inicio_vigencia_atual()\n  File \"C:\\Automação de Testes\\neo_liberalizados-automacao\\features\\pages\\diretriz_irec_pages.py\", line 549, in validar_data_inicio_vigencia_atual\n    campo_data = self.driver.find_element(*DiretrizIrecLocators.VALIDA_DATA_ATUAL)\n                 ^^^^^^^^^^^^^^^^^^^^^^^^^^^^^^^^^^^^^^^^^^^^^^^^^^^^^^^^^^^^^^^^^\n  File \"C:\\Automação de Testes\\neo_liberalizados-automacao\\venv\\Lib\\site-packages\\selenium\\webdriver\\remote\\webdriver.py\", line 917, in find_element\n    return self.execute(Command.FIND_ELEMENT, {\"using\": by, \"value\": value})[\"value\"]\n           ^^^^^^^^^^^^^^^^^^^^^^^^^^^^^^^^^^^^^^^^^^^^^^^^^^^^^^^^^^^^^^^^^\n  File \"C:\\Automação de Testes\\neo_liberalizados-automacao\\venv\\Lib\\site-packages\\selenium\\webdriver\\remote\\webdriver.py\", line 448, in execute\n    self.error_handler.check_response(response)\n  File \"C:\\Automação de Testes\\neo_liberalizados-automacao\\venv\\Lib\\site-packages\\selenium\\webdriver\\remote\\errorhandler.py\", line 232, in check_response\n    raise exception_class(message, screen, stacktrace)\n","steps":[],"attachments":[],"parameters":[],"attachmentStep":false,"stepsCount":0,"attachmentsCount":0,"shouldDisplayMessage":true,"hasContent":true},{"name":"When retorna para a tela de diretriz I-REC","time":{"start":1748024101720,"stop":1748024101720,"duration":0},"status":"skipped","steps":[],"attachments":[],"parameters":[],"attachmentStep":false,"stepsCount":0,"attachmentsCount":0,"shouldDisplayMessage":false,"hasContent":false}],"attachments":[],"parameters":[],"attachmentStep":false,"stepsCount":6,"attachmentsCount":0,"shouldDisplayMessage":false,"hasContent":true},"afterStages":[],"labels":[{"name":"severity","value":"normal"},{"name":"feature","value":"Tela de Cadastro de Diretriz I-REC"},{"name":"framework","value":"behave"},{"name":"language","value":"cpython3"},{"name":"resultFormat","value":"allure2"}],"parameters":[],"links":[],"hidden":false,"retry":false,"extra":{"severity":"normal","retries":[],"categories":[{"name":"Test defects","matchedStatuses":[]}],"tags":[]},"source":"6ac604f1de9697db.json","parameterValues":[]}