{"name": "Cadastro de usuário com e-mail inválido", "status": "broken", "statusDetails": {"message": "selenium.common.exceptions.ElementClickInterceptedException: Message: element click intercepted: Element <li app-menuitem=\"\" class=\"ng-tns-c773887693-5 ng-tns-c773887693-4 ng-star-inserted active-menuitem\" style=\"\">...</li> is not clickable at point (142, 276). Other element would receive the click: <div class=\"ng-tns-c1729407856-24 p-dialog-mask p-component-overlay p-component-overlay-enter p-dialog-mask-scrollblocker ng-star-inserted\" style=\"z-index: 1101;\">...</div>\n  (Session info: chrome=136.0.7103.114)\nStacktrace:\n\tGetHandleVerifier [0x00007FF726E9CF45+75717]\n\tGetHandleVerifier [0x00007FF726E9CFA0+75808]\n\t(No symbol) [0x00007FF726C68F9A]\n\t(No symbol) [0x00007FF726CC7439]\n\t(No symbol) [0x00007FF726CC4DF2]\n\t(No symbol) [0x00007FF726CC1EA1]\n\t(No symbol) [0x00007FF726CC0DA1]\n\t(No symbol) [0x00007FF726CB2394]\n\t(No symbol) [0x00007FF726CE737A]\n\t(No symbol) [0x00007FF726CB1C46]\n\t(No symbol) [0x00007FF726CE7590]\n\t(No symbol) [0x00007FF726D0F39C]\n\t(No symbol) [0x00007FF726CE7153]\n\t(No symbol) [0x00007FF726CB0421]\n\t(No symbol) [0x00007FF726CB11B3]\n\tGetHandleVerifier [0x00007FF72719D71D+3223453]\n\tGetHandleVerifier [0x00007FF727197CC2+3200322]\n\tGetHandleVerifier [0x00007FF7271B5AF3+3322739]\n\tGetHandleVerifier [0x00007FF726EB6A1A+180890]\n\tGetHandleVerifier [0x00007FF726EBE11F+211359]\n\tGetHandleVerifier [0x00007FF726EA5294+109332]\n\tGetHandleVerifier [0x00007FF726EA5442+109762]\n\tGetHandleVerifier [0x00007FF726E8BA59+4825]\n\tBaseThreadInitThunk [0x00007FF9E11BE8D7+23]\n\tRtlUserThreadStart [0x00007FF9E31114FC+44]\n\n", "trace": "  File \"C:\\Automação de Testes\\neo_liberalizados-automacao\\venv\\Lib\\site-packages\\behave\\model.py\", line 1329, in run\n    match.run(runner.context)\n  File \"C:\\Automação de Testes\\neo_liberalizados-automacao\\venv\\Lib\\site-packages\\behave\\matchers.py\", line 98, in run\n    self.func(context, *args, **kwargs)\n  File \"C:\\Automação de Testes\\neo_liberalizados-automacao\\venv\\Lib\\site-packages\\allure_commons\\_allure.py\", line 202, in impl\n    return func(*a, **kw)\n           ^^^^^^^^^^^^^^\n  File \"features\\steps\\test_tela_de_usuarios_steps.py\", line 22, in navegar_tela_usuarios\n    context.tela_de_usuarios_page.clicar_botao_perfil()\n  File \"C:\\Automação de Testes\\neo_liberalizados-automacao\\features\\pages\\tela_de_usuarios_pages.py\", line 119, in clicar_botao_perfil\n    botao_perfil.click()\n  File \"C:\\Automação de Testes\\neo_liberalizados-automacao\\venv\\Lib\\site-packages\\selenium\\webdriver\\remote\\webelement.py\", line 119, in click\n    self._execute(Command.CLICK_ELEMENT)\n  File \"C:\\Automação de Testes\\neo_liberalizados-automacao\\venv\\Lib\\site-packages\\selenium\\webdriver\\remote\\webelement.py\", line 572, in _execute\n    return self._parent.execute(command, params)\n           ^^^^^^^^^^^^^^^^^^^^^^^^^^^^^^^^^^^^^\n  File \"C:\\Automação de Testes\\neo_liberalizados-automacao\\venv\\Lib\\site-packages\\selenium\\webdriver\\remote\\webdriver.py\", line 448, in execute\n    self.error_handler.check_response(response)\n  File \"C:\\Automação de Testes\\neo_liberalizados-automacao\\venv\\Lib\\site-packages\\selenium\\webdriver\\remote\\errorhandler.py\", line 232, in check_response\n    raise exception_class(message, screen, stacktrace)\n"}, "steps": [{"name": "Given que o usuário está logado como \"Administrador\"", "status": "passed", "steps": [{"name": "Validando que o usuário está logado como Administrador", "status": "passed", "parameters": [{"name": "context", "value": "<behave.runner.Context object at 0x000001B81508C200>"}], "start": 1747846769686, "stop": 1747846769708}], "start": 1747846769685, "stop": 1747846769915}, {"name": "When navega até a tela de usuários - Perfil", "status": "passed", "steps": [{"name": "Navegando até a tela de usuários - Perfil", "status": "passed", "parameters": [{"name": "context", "value": "<behave.runner.Context object at 0x000001B81508C200>"}], "start": 1747846769915, "stop": 1747846772057}], "start": 1747846769915, "stop": 1747846772242}, {"name": "When o usuário clica no botão \"Novo\" para adicionar usuario", "status": "passed", "start": 1747846772242, "stop": 1747846772628}, {"name": "When clica no dropdown de perfil", "status": "passed", "start": 1747846772628, "stop": 1747846783219}, {"name": "When o usuário seleciona o perfil de administrador, escreve o nome e email invalido", "status": "passed", "start": 1747846783219, "stop": 1747846783777}, {"name": "When o usuário clica em \"Salvar\" para salvar o novo usuário", "status": "passed", "start": 1747846783777, "stop": 1747846794427}, {"name": "Then a notificação \"E-mail inválido\" deve ser exibida", "status": "passed", "start": 1747846794427, "stop": 1747846794629}, {"name": "When o usuário clica em \"Salvar\" para salvar o novo usuário", "status": "passed", "start": 1747846794629, "stop": 1747846805274}, {"name": "Then navega até a tela de usuários - Perfil", "status": "broken", "statusDetails": {"message": "selenium.common.exceptions.ElementClickInterceptedException: Message: element click intercepted: Element <li app-menuitem=\"\" class=\"ng-tns-c773887693-5 ng-tns-c773887693-4 ng-star-inserted active-menuitem\" style=\"\">...</li> is not clickable at point (142, 276). Other element would receive the click: <div class=\"ng-tns-c1729407856-24 p-dialog-mask p-component-overlay p-component-overlay-enter p-dialog-mask-scrollblocker ng-star-inserted\" style=\"z-index: 1101;\">...</div>\n  (Session info: chrome=136.0.7103.114)\nStacktrace:\n\tGetHandleVerifier [0x00007FF726E9CF45+75717]\n\tGetHandleVerifier [0x00007FF726E9CFA0+75808]\n\t(No symbol) [0x00007FF726C68F9A]\n\t(No symbol) [0x00007FF726CC7439]\n\t(No symbol) [0x00007FF726CC4DF2]\n\t(No symbol) [0x00007FF726CC1EA1]\n\t(No symbol) [0x00007FF726CC0DA1]\n\t(No symbol) [0x00007FF726CB2394]\n\t(No symbol) [0x00007FF726CE737A]\n\t(No symbol) [0x00007FF726CB1C46]\n\t(No symbol) [0x00007FF726CE7590]\n\t(No symbol) [0x00007FF726D0F39C]\n\t(No symbol) [0x00007FF726CE7153]\n\t(No symbol) [0x00007FF726CB0421]\n\t(No symbol) [0x00007FF726CB11B3]\n\tGetHandleVerifier [0x00007FF72719D71D+3223453]\n\tGetHandleVerifier [0x00007FF727197CC2+3200322]\n\tGetHandleVerifier [0x00007FF7271B5AF3+3322739]\n\tGetHandleVerifier [0x00007FF726EB6A1A+180890]\n\tGetHandleVerifier [0x00007FF726EBE11F+211359]\n\tGetHandleVerifier [0x00007FF726EA5294+109332]\n\tGetHandleVerifier [0x00007FF726EA5442+109762]\n\tGetHandleVerifier [0x00007FF726E8BA59+4825]\n\tBaseThreadInitThunk [0x00007FF9E11BE8D7+23]\n\tRtlUserThreadStart [0x00007FF9E31114FC+44]\n\n", "trace": "  File \"C:\\Automação de Testes\\neo_liberalizados-automacao\\venv\\Lib\\site-packages\\behave\\model.py\", line 1329, in run\n    match.run(runner.context)\n  File \"C:\\Automação de Testes\\neo_liberalizados-automacao\\venv\\Lib\\site-packages\\behave\\matchers.py\", line 98, in run\n    self.func(context, *args, **kwargs)\n  File \"C:\\Automação de Testes\\neo_liberalizados-automacao\\venv\\Lib\\site-packages\\allure_commons\\_allure.py\", line 202, in impl\n    return func(*a, **kw)\n           ^^^^^^^^^^^^^^\n  File \"features\\steps\\test_tela_de_usuarios_steps.py\", line 22, in navegar_tela_usuarios\n    context.tela_de_usuarios_page.clicar_botao_perfil()\n  File \"C:\\Automação de Testes\\neo_liberalizados-automacao\\features\\pages\\tela_de_usuarios_pages.py\", line 119, in clicar_botao_perfil\n    botao_perfil.click()\n  File \"C:\\Automação de Testes\\neo_liberalizados-automacao\\venv\\Lib\\site-packages\\selenium\\webdriver\\remote\\webelement.py\", line 119, in click\n    self._execute(Command.CLICK_ELEMENT)\n  File \"C:\\Automação de Testes\\neo_liberalizados-automacao\\venv\\Lib\\site-packages\\selenium\\webdriver\\remote\\webelement.py\", line 572, in _execute\n    return self._parent.execute(command, params)\n           ^^^^^^^^^^^^^^^^^^^^^^^^^^^^^^^^^^^^^\n  File \"C:\\Automação de Testes\\neo_liberalizados-automacao\\venv\\Lib\\site-packages\\selenium\\webdriver\\remote\\webdriver.py\", line 448, in execute\n    self.error_handler.check_response(response)\n  File \"C:\\Automação de Testes\\neo_liberalizados-automacao\\venv\\Lib\\site-packages\\selenium\\webdriver\\remote\\errorhandler.py\", line 232, in check_response\n    raise exception_class(message, screen, stacktrace)\n"}, "steps": [{"name": "Navegando até a tela de usuários - Perfil", "status": "broken", "statusDetails": {"message": "selenium.common.exceptions.ElementClickInterceptedException: Message: element click intercepted: Element <li app-menuitem=\"\" class=\"ng-tns-c773887693-5 ng-tns-c773887693-4 ng-star-inserted active-menuitem\" style=\"\">...</li> is not clickable at point (142, 276). Other element would receive the click: <div class=\"ng-tns-c1729407856-24 p-dialog-mask p-component-overlay p-component-overlay-enter p-dialog-mask-scrollblocker ng-star-inserted\" style=\"z-index: 1101;\">...</div>\n  (Session info: chrome=136.0.7103.114)\nStacktrace:\n\tGetHandleVerifier [0x00007FF726E9CF45+75717]\n\tGetHandleVerifier [0x00007FF726E9CFA0+75808]\n\t(No symbol) [0x00007FF726C68F9A]\n\t(No symbol) [0x00007FF726CC7439]\n\t(No symbol) [0x00007FF726CC4DF2]\n\t(No symbol) [0x00007FF726CC1EA1]\n\t(No symbol) [0x00007FF726CC0DA1]\n\t(No symbol) [0x00007FF726CB2394]\n\t(No symbol) [0x00007FF726CE737A]\n\t(No symbol) [0x00007FF726CB1C46]\n\t(No symbol) [0x00007FF726CE7590]\n\t(No symbol) [0x00007FF726D0F39C]\n\t(No symbol) [0x00007FF726CE7153]\n\t(No symbol) [0x00007FF726CB0421]\n\t(No symbol) [0x00007FF726CB11B3]\n\tGetHandleVerifier [0x00007FF72719D71D+3223453]\n\tGetHandleVerifier [0x00007FF727197CC2+3200322]\n\tGetHandleVerifier [0x00007FF7271B5AF3+3322739]\n\tGetHandleVerifier [0x00007FF726EB6A1A+180890]\n\tGetHandleVerifier [0x00007FF726EBE11F+211359]\n\tGetHandleVerifier [0x00007FF726EA5294+109332]\n\tGetHandleVerifier [0x00007FF726EA5442+109762]\n\tGetHandleVerifier [0x00007FF726E8BA59+4825]\n\tBaseThreadInitThunk [0x00007FF9E11BE8D7+23]\n\tRtlUserThreadStart [0x00007FF9E31114FC+44]\n\n", "trace": "  File \"C:\\Automação de Testes\\neo_liberalizados-automacao\\venv\\Lib\\site-packages\\allure_commons\\_allure.py\", line 202, in impl\n    return func(*a, **kw)\n           ^^^^^^^^^^^^^^\n  File \"features\\steps\\test_tela_de_usuarios_steps.py\", line 22, in navegar_tela_usuarios\n    context.tela_de_usuarios_page.clicar_botao_perfil()\n  File \"C:\\Automação de Testes\\neo_liberalizados-automacao\\features\\pages\\tela_de_usuarios_pages.py\", line 119, in clicar_botao_perfil\n    botao_perfil.click()\n  File \"C:\\Automação de Testes\\neo_liberalizados-automacao\\venv\\Lib\\site-packages\\selenium\\webdriver\\remote\\webelement.py\", line 119, in click\n    self._execute(Command.CLICK_ELEMENT)\n  File \"C:\\Automação de Testes\\neo_liberalizados-automacao\\venv\\Lib\\site-packages\\selenium\\webdriver\\remote\\webelement.py\", line 572, in _execute\n    return self._parent.execute(command, params)\n           ^^^^^^^^^^^^^^^^^^^^^^^^^^^^^^^^^^^^^\n  File \"C:\\Automação de Testes\\neo_liberalizados-automacao\\venv\\Lib\\site-packages\\selenium\\webdriver\\remote\\webdriver.py\", line 448, in execute\n    self.error_handler.check_response(response)\n  File \"C:\\Automação de Testes\\neo_liberalizados-automacao\\venv\\Lib\\site-packages\\selenium\\webdriver\\remote\\errorhandler.py\", line 232, in check_response\n    raise exception_class(message, screen, stacktrace)\n"}, "parameters": [{"name": "context", "value": "<behave.runner.Context object at 0x000001B81508C200>"}], "start": 1747846805275, "stop": 1747846816862}], "start": 1747846805275, "stop": 1747846817028}], "start": 1747846769684, "stop": 1747846817028, "uuid": "984e0df9-9c08-4a5e-94f2-536c89a3511c", "historyId": "0a5dde2e96d3fe356bca7cdea65a3c6a", "fullName": "Tela de cadastro de usuário: Cadastro de usuário com e-mail inválido", "labels": [{"name": "severity", "value": "normal"}, {"name": "feature", "value": "Tela de cadastro de usuário"}, {"name": "framework", "value": "behave"}, {"name": "language", "value": "cpython3"}]}