{"uid":"51f7a1d4f9e3391f","name":"Limite de caracteres na busca por intervalo de data","fullName":"Tela de Diretriz I-REC: Limite de caracteres na busca por intervalo de data","historyId":"c05346cea28bb71deb9046bb019ad716","time":{"start":1748008225951,"stop":1748008227245,"duration":1294},"status":"broken","statusMessage":"selenium.common.exceptions.NoSuchElementException: Message: no such element: Unable to locate element: {\"method\":\"xpath\",\"selector\":\"//input[contains(@aria-controls, 'pn_id_74_panel')]\"}\n  (Session info: chrome=136.0.7103.114); For documentation on this error, please visit: https://www.selenium.dev/documentation/webdriver/troubleshooting/errors#no-such-element-exception\nStacktrace:\n\tGetHandleVerifier [0x00007FF6CCE8CF45+75717]\n\tGetHandleVerifier [0x00007FF6CCE8CFA0+75808]\n\t(No symbol) [0x00007FF6CCC58F9A]\n\t(No symbol) [0x00007FF6CCCAF4C6]\n\t(No symbol) [0x00007FF6CCCAF77C]\n\t(No symbol) [0x00007FF6CCD02577]\n\t(No symbol) [0x00007FF6CCCD73BF]\n\t(No symbol) [0x00007FF6CCCFF39C]\n\t(No symbol) [0x00007FF6CCCD7153]\n\t(No symbol) [0x00007FF6CCCA0421]\n\t(No symbol) [0x00007FF6CCCA11B3]\n\tGetHandleVerifier [0x00007FF6CD18D71D+3223453]\n\tGetHandleVerifier [0x00007FF6CD187CC2+3200322]\n\tGetHandleVerifier [0x00007FF6CD1A5AF3+3322739]\n\tGetHandleVerifier [0x00007FF6CCEA6A1A+180890]\n\tGetHandleVerifier [0x00007FF6CCEAE11F+211359]\n\tGetHandleVerifier [0x00007FF6CCE95294+109332]\n\tGetHandleVerifier [0x00007FF6CCE95442+109762]\n\tGetHandleVerifier [0x00007FF6CCE7BA59+4825]\n\tBaseThreadInitThunk [0x00007FFE465CE8D7+23]\n\tRtlUserThreadStart [0x00007FFE480D14FC+44]\n\n","statusTrace":"  File \"C:\\Automação de Testes\\neo_liberalizados-automacao\\venv\\Lib\\site-packages\\behave\\model.py\", line 1329, in run\n    match.run(runner.context)\n  File \"C:\\Automação de Testes\\neo_liberalizados-automacao\\venv\\Lib\\site-packages\\behave\\matchers.py\", line 98, in run\n    self.func(context, *args, **kwargs)\n  File \"features\\steps\\diretriz_irec_steps.py\", line 72, in step_inserir_intervalo_data_invalido\n    context.diretriz_irec_page.inserir_intervalo_data_invalido()\n  File \"C:\\Automação de Testes\\neo_liberalizados-automacao\\features\\pages\\diretriz_irec_pages.py\", line 390, in inserir_intervalo_data_invalido\n    campo_inicio = self.driver.find_element(*DiretrizIrecLocators.CONSULTAR_DATA_INICIO_VIGENCIA)\n                   ^^^^^^^^^^^^^^^^^^^^^^^^^^^^^^^^^^^^^^^^^^^^^^^^^^^^^^^^^^^^^^^^^^^^^^^^^^^^^^\n  File \"C:\\Automação de Testes\\neo_liberalizados-automacao\\venv\\Lib\\site-packages\\selenium\\webdriver\\remote\\webdriver.py\", line 917, in find_element\n    return self.execute(Command.FIND_ELEMENT, {\"using\": by, \"value\": value})[\"value\"]\n           ^^^^^^^^^^^^^^^^^^^^^^^^^^^^^^^^^^^^^^^^^^^^^^^^^^^^^^^^^^^^^^^^^\n  File \"C:\\Automação de Testes\\neo_liberalizados-automacao\\venv\\Lib\\site-packages\\selenium\\webdriver\\remote\\webdriver.py\", line 448, in execute\n    self.error_handler.check_response(response)\n  File \"C:\\Automação de Testes\\neo_liberalizados-automacao\\venv\\Lib\\site-packages\\selenium\\webdriver\\remote\\errorhandler.py\", line 232, in check_response\n    raise exception_class(message, screen, stacktrace)\n","flaky":false,"newFailed":false,"newBroken":false,"newPassed":false,"retriesCount":0,"retriesStatusChange":false,"beforeStages":[],"testStage":{"status":"broken","statusMessage":"selenium.common.exceptions.NoSuchElementException: Message: no such element: Unable to locate element: {\"method\":\"xpath\",\"selector\":\"//input[contains(@aria-controls, 'pn_id_74_panel')]\"}\n  (Session info: chrome=136.0.7103.114); For documentation on this error, please visit: https://www.selenium.dev/documentation/webdriver/troubleshooting/errors#no-such-element-exception\nStacktrace:\n\tGetHandleVerifier [0x00007FF6CCE8CF45+75717]\n\tGetHandleVerifier [0x00007FF6CCE8CFA0+75808]\n\t(No symbol) [0x00007FF6CCC58F9A]\n\t(No symbol) [0x00007FF6CCCAF4C6]\n\t(No symbol) [0x00007FF6CCCAF77C]\n\t(No symbol) [0x00007FF6CCD02577]\n\t(No symbol) [0x00007FF6CCCD73BF]\n\t(No symbol) [0x00007FF6CCCFF39C]\n\t(No symbol) [0x00007FF6CCCD7153]\n\t(No symbol) [0x00007FF6CCCA0421]\n\t(No symbol) [0x00007FF6CCCA11B3]\n\tGetHandleVerifier [0x00007FF6CD18D71D+3223453]\n\tGetHandleVerifier [0x00007FF6CD187CC2+3200322]\n\tGetHandleVerifier [0x00007FF6CD1A5AF3+3322739]\n\tGetHandleVerifier [0x00007FF6CCEA6A1A+180890]\n\tGetHandleVerifier [0x00007FF6CCEAE11F+211359]\n\tGetHandleVerifier [0x00007FF6CCE95294+109332]\n\tGetHandleVerifier [0x00007FF6CCE95442+109762]\n\tGetHandleVerifier [0x00007FF6CCE7BA59+4825]\n\tBaseThreadInitThunk [0x00007FFE465CE8D7+23]\n\tRtlUserThreadStart [0x00007FFE480D14FC+44]\n\n","statusTrace":"  File \"C:\\Automação de Testes\\neo_liberalizados-automacao\\venv\\Lib\\site-packages\\behave\\model.py\", line 1329, in run\n    match.run(runner.context)\n  File \"C:\\Automação de Testes\\neo_liberalizados-automacao\\venv\\Lib\\site-packages\\behave\\matchers.py\", line 98, in run\n    self.func(context, *args, **kwargs)\n  File \"features\\steps\\diretriz_irec_steps.py\", line 72, in step_inserir_intervalo_data_invalido\n    context.diretriz_irec_page.inserir_intervalo_data_invalido()\n  File \"C:\\Automação de Testes\\neo_liberalizados-automacao\\features\\pages\\diretriz_irec_pages.py\", line 390, in inserir_intervalo_data_invalido\n    campo_inicio = self.driver.find_element(*DiretrizIrecLocators.CONSULTAR_DATA_INICIO_VIGENCIA)\n                   ^^^^^^^^^^^^^^^^^^^^^^^^^^^^^^^^^^^^^^^^^^^^^^^^^^^^^^^^^^^^^^^^^^^^^^^^^^^^^^\n  File \"C:\\Automação de Testes\\neo_liberalizados-automacao\\venv\\Lib\\site-packages\\selenium\\webdriver\\remote\\webdriver.py\", line 917, in find_element\n    return self.execute(Command.FIND_ELEMENT, {\"using\": by, \"value\": value})[\"value\"]\n           ^^^^^^^^^^^^^^^^^^^^^^^^^^^^^^^^^^^^^^^^^^^^^^^^^^^^^^^^^^^^^^^^^\n  File \"C:\\Automação de Testes\\neo_liberalizados-automacao\\venv\\Lib\\site-packages\\selenium\\webdriver\\remote\\webdriver.py\", line 448, in execute\n    self.error_handler.check_response(response)\n  File \"C:\\Automação de Testes\\neo_liberalizados-automacao\\venv\\Lib\\site-packages\\selenium\\webdriver\\remote\\errorhandler.py\", line 232, in check_response\n    raise exception_class(message, screen, stacktrace)\n","steps":[{"name":"Given que o usuário está na tela de diretriz I-REC","time":{"start":1748008225951,"stop":1748008227090,"duration":1139},"status":"passed","steps":[],"attachments":[],"parameters":[],"hasContent":false,"shouldDisplayMessage":false,"attachmentsCount":0,"attachmentStep":false,"stepsCount":0},{"name":"When o usuário insere um intervalo de data inválido","time":{"start":1748008227090,"stop":1748008227245,"duration":155},"status":"broken","statusMessage":"selenium.common.exceptions.NoSuchElementException: Message: no such element: Unable to locate element: {\"method\":\"xpath\",\"selector\":\"//input[contains(@aria-controls, 'pn_id_74_panel')]\"}\n  (Session info: chrome=136.0.7103.114); For documentation on this error, please visit: https://www.selenium.dev/documentation/webdriver/troubleshooting/errors#no-such-element-exception\nStacktrace:\n\tGetHandleVerifier [0x00007FF6CCE8CF45+75717]\n\tGetHandleVerifier [0x00007FF6CCE8CFA0+75808]\n\t(No symbol) [0x00007FF6CCC58F9A]\n\t(No symbol) [0x00007FF6CCCAF4C6]\n\t(No symbol) [0x00007FF6CCCAF77C]\n\t(No symbol) [0x00007FF6CCD02577]\n\t(No symbol) [0x00007FF6CCCD73BF]\n\t(No symbol) [0x00007FF6CCCFF39C]\n\t(No symbol) [0x00007FF6CCCD7153]\n\t(No symbol) [0x00007FF6CCCA0421]\n\t(No symbol) [0x00007FF6CCCA11B3]\n\tGetHandleVerifier [0x00007FF6CD18D71D+3223453]\n\tGetHandleVerifier [0x00007FF6CD187CC2+3200322]\n\tGetHandleVerifier [0x00007FF6CD1A5AF3+3322739]\n\tGetHandleVerifier [0x00007FF6CCEA6A1A+180890]\n\tGetHandleVerifier [0x00007FF6CCEAE11F+211359]\n\tGetHandleVerifier [0x00007FF6CCE95294+109332]\n\tGetHandleVerifier [0x00007FF6CCE95442+109762]\n\tGetHandleVerifier [0x00007FF6CCE7BA59+4825]\n\tBaseThreadInitThunk [0x00007FFE465CE8D7+23]\n\tRtlUserThreadStart [0x00007FFE480D14FC+44]\n\n","statusTrace":"  File \"C:\\Automação de Testes\\neo_liberalizados-automacao\\venv\\Lib\\site-packages\\behave\\model.py\", line 1329, in run\n    match.run(runner.context)\n  File \"C:\\Automação de Testes\\neo_liberalizados-automacao\\venv\\Lib\\site-packages\\behave\\matchers.py\", line 98, in run\n    self.func(context, *args, **kwargs)\n  File \"features\\steps\\diretriz_irec_steps.py\", line 72, in step_inserir_intervalo_data_invalido\n    context.diretriz_irec_page.inserir_intervalo_data_invalido()\n  File \"C:\\Automação de Testes\\neo_liberalizados-automacao\\features\\pages\\diretriz_irec_pages.py\", line 390, in inserir_intervalo_data_invalido\n    campo_inicio = self.driver.find_element(*DiretrizIrecLocators.CONSULTAR_DATA_INICIO_VIGENCIA)\n                   ^^^^^^^^^^^^^^^^^^^^^^^^^^^^^^^^^^^^^^^^^^^^^^^^^^^^^^^^^^^^^^^^^^^^^^^^^^^^^^\n  File \"C:\\Automação de Testes\\neo_liberalizados-automacao\\venv\\Lib\\site-packages\\selenium\\webdriver\\remote\\webdriver.py\", line 917, in find_element\n    return self.execute(Command.FIND_ELEMENT, {\"using\": by, \"value\": value})[\"value\"]\n           ^^^^^^^^^^^^^^^^^^^^^^^^^^^^^^^^^^^^^^^^^^^^^^^^^^^^^^^^^^^^^^^^^\n  File \"C:\\Automação de Testes\\neo_liberalizados-automacao\\venv\\Lib\\site-packages\\selenium\\webdriver\\remote\\webdriver.py\", line 448, in execute\n    self.error_handler.check_response(response)\n  File \"C:\\Automação de Testes\\neo_liberalizados-automacao\\venv\\Lib\\site-packages\\selenium\\webdriver\\remote\\errorhandler.py\", line 232, in check_response\n    raise exception_class(message, screen, stacktrace)\n","steps":[],"attachments":[],"parameters":[],"hasContent":true,"shouldDisplayMessage":true,"attachmentsCount":0,"attachmentStep":false,"stepsCount":0},{"name":"Then sistema exibe mensagem de erro","time":{"start":1748008227245,"stop":1748008227245,"duration":0},"status":"skipped","steps":[],"attachments":[],"parameters":[],"hasContent":false,"shouldDisplayMessage":false,"attachmentsCount":0,"attachmentStep":false,"stepsCount":0}],"attachments":[],"parameters":[],"hasContent":true,"shouldDisplayMessage":false,"attachmentsCount":0,"attachmentStep":false,"stepsCount":3},"afterStages":[],"labels":[{"name":"severity","value":"normal"},{"name":"feature","value":"Tela de Diretriz I-REC"},{"name":"framework","value":"behave"},{"name":"language","value":"cpython3"},{"name":"resultFormat","value":"allure2"}],"parameters":[],"links":[],"hidden":false,"retry":false,"extra":{"severity":"normal","retries":[],"categories":[{"name":"Test defects","matchedStatuses":[]}],"tags":[]},"source":"51f7a1d4f9e3391f.json","parameterValues":[]}