{"uid":"fa12af6a78ca2d0","name":"Acesso não logado","fullName":"Perfil de acesso não logado: Acesso não logado","historyId":"5192b7543149c52fbc4f8a736f180a63","time":{"start":1747922237107,"stop":1747922261761,"duration":24654},"status":"broken","statusMessage":"selenium.common.exceptions.TimeoutException: Message: \nStacktrace:\n\tGetHandleVerifier [0x00007FF644F9CF45+75717]\n\tGetHandleVerifier [0x00007FF644F9CFA0+75808]\n\t(No symbol) [0x00007FF644D68F9A]\n\t(No symbol) [0x00007FF644DBF4C6]\n\t(No symbol) [0x00007FF644DBF77C]\n\t(No symbol) [0x00007FF644E12577]\n\t(No symbol) [0x00007FF644DE73BF]\n\t(No symbol) [0x00007FF644E0F39C]\n\t(No symbol) [0x00007FF644DE7153]\n\t(No symbol) [0x00007FF644DB0421]\n\t(No symbol) [0x00007FF644DB11B3]\n\tGetHandleVerifier [0x00007FF64529D71D+3223453]\n\tGetHandleVerifier [0x00007FF645297CC2+3200322]\n\tGetHandleVerifier [0x00007FF6452B5AF3+3322739]\n\tGetHandleVerifier [0x00007FF644FB6A1A+180890]\n\tGetHandleVerifier [0x00007FF644FBE11F+211359]\n\tGetHandleVerifier [0x00007FF644FA5294+109332]\n\tGetHandleVerifier [0x00007FF644FA5442+109762]\n\tGetHandleVerifier [0x00007FF644F8BA59+4825]\n\tBaseThreadInitThunk [0x00007FF891CBE8D7+23]\n\tRtlUserThreadStart [0x00007FF892E514FC+44]\n\n","statusTrace":"  File \"C:\\Automação de Testes\\neo_liberalizados-automacao\\venv\\Lib\\site-packages\\behave\\model.py\", line 1329, in run\n    match.run(runner.context)\n  File \"C:\\Automação de Testes\\neo_liberalizados-automacao\\venv\\Lib\\site-packages\\behave\\matchers.py\", line 98, in run\n    self.func(context, *args, **kwargs)\n  File \"features\\steps\\test_perfil_de_acesso_nao_logado_steps.py\", line 25, in step_acessar_aplicacao_com_login\n    step_impl(context)  # @given('que eu acesso a página de login')\n    ^^^^^^^^^^^^^^^^^^\n  File \"C:\\Automação de Testes\\neo_liberalizados-automacao\\features\\steps\\test_login_steps.py\", line 23, in step_impl\n    esperar_e_executar(context, LoginPageLocators.BOTAO_ENTRAR, context.login_page.navegar_para_pagina_de_login)\n  File \"C:\\Automação de Testes\\neo_liberalizados-automacao\\features\\environment.py\", line 198, in esperar_e_executar\n    WebDriverWait(context.driver, 20).until(EC.element_to_be_clickable(locator))\n  File \"C:\\Automação de Testes\\neo_liberalizados-automacao\\venv\\Lib\\site-packages\\selenium\\webdriver\\support\\wait.py\", line 146, in until\n    raise TimeoutException(message, screen, stacktrace)\n","flaky":false,"newFailed":false,"newBroken":false,"newPassed":false,"retriesCount":0,"retriesStatusChange":false,"beforeStages":[],"testStage":{"status":"broken","statusMessage":"selenium.common.exceptions.TimeoutException: Message: \nStacktrace:\n\tGetHandleVerifier [0x00007FF644F9CF45+75717]\n\tGetHandleVerifier [0x00007FF644F9CFA0+75808]\n\t(No symbol) [0x00007FF644D68F9A]\n\t(No symbol) [0x00007FF644DBF4C6]\n\t(No symbol) [0x00007FF644DBF77C]\n\t(No symbol) [0x00007FF644E12577]\n\t(No symbol) [0x00007FF644DE73BF]\n\t(No symbol) [0x00007FF644E0F39C]\n\t(No symbol) [0x00007FF644DE7153]\n\t(No symbol) [0x00007FF644DB0421]\n\t(No symbol) [0x00007FF644DB11B3]\n\tGetHandleVerifier [0x00007FF64529D71D+3223453]\n\tGetHandleVerifier [0x00007FF645297CC2+3200322]\n\tGetHandleVerifier [0x00007FF6452B5AF3+3322739]\n\tGetHandleVerifier [0x00007FF644FB6A1A+180890]\n\tGetHandleVerifier [0x00007FF644FBE11F+211359]\n\tGetHandleVerifier [0x00007FF644FA5294+109332]\n\tGetHandleVerifier [0x00007FF644FA5442+109762]\n\tGetHandleVerifier [0x00007FF644F8BA59+4825]\n\tBaseThreadInitThunk [0x00007FF891CBE8D7+23]\n\tRtlUserThreadStart [0x00007FF892E514FC+44]\n\n","statusTrace":"  File \"C:\\Automação de Testes\\neo_liberalizados-automacao\\venv\\Lib\\site-packages\\behave\\model.py\", line 1329, in run\n    match.run(runner.context)\n  File \"C:\\Automação de Testes\\neo_liberalizados-automacao\\venv\\Lib\\site-packages\\behave\\matchers.py\", line 98, in run\n    self.func(context, *args, **kwargs)\n  File \"features\\steps\\test_perfil_de_acesso_nao_logado_steps.py\", line 25, in step_acessar_aplicacao_com_login\n    step_impl(context)  # @given('que eu acesso a página de login')\n    ^^^^^^^^^^^^^^^^^^\n  File \"C:\\Automação de Testes\\neo_liberalizados-automacao\\features\\steps\\test_login_steps.py\", line 23, in step_impl\n    esperar_e_executar(context, LoginPageLocators.BOTAO_ENTRAR, context.login_page.navegar_para_pagina_de_login)\n  File \"C:\\Automação de Testes\\neo_liberalizados-automacao\\features\\environment.py\", line 198, in esperar_e_executar\n    WebDriverWait(context.driver, 20).until(EC.element_to_be_clickable(locator))\n  File \"C:\\Automação de Testes\\neo_liberalizados-automacao\\venv\\Lib\\site-packages\\selenium\\webdriver\\support\\wait.py\", line 146, in until\n    raise TimeoutException(message, screen, stacktrace)\n","steps":[{"name":"Given que o usuário não está logado","time":{"start":1747922237109,"stop":1747922240276,"duration":3167},"status":"passed","steps":[],"attachments":[],"parameters":[],"attachmentsCount":0,"shouldDisplayMessage":false,"hasContent":false,"attachmentStep":false,"stepsCount":0},{"name":"When eu tento acessar a aplicação","time":{"start":1747922240276,"stop":1747922261761,"duration":21485},"status":"broken","statusMessage":"selenium.common.exceptions.TimeoutException: Message: \nStacktrace:\n\tGetHandleVerifier [0x00007FF644F9CF45+75717]\n\tGetHandleVerifier [0x00007FF644F9CFA0+75808]\n\t(No symbol) [0x00007FF644D68F9A]\n\t(No symbol) [0x00007FF644DBF4C6]\n\t(No symbol) [0x00007FF644DBF77C]\n\t(No symbol) [0x00007FF644E12577]\n\t(No symbol) [0x00007FF644DE73BF]\n\t(No symbol) [0x00007FF644E0F39C]\n\t(No symbol) [0x00007FF644DE7153]\n\t(No symbol) [0x00007FF644DB0421]\n\t(No symbol) [0x00007FF644DB11B3]\n\tGetHandleVerifier [0x00007FF64529D71D+3223453]\n\tGetHandleVerifier [0x00007FF645297CC2+3200322]\n\tGetHandleVerifier [0x00007FF6452B5AF3+3322739]\n\tGetHandleVerifier [0x00007FF644FB6A1A+180890]\n\tGetHandleVerifier [0x00007FF644FBE11F+211359]\n\tGetHandleVerifier [0x00007FF644FA5294+109332]\n\tGetHandleVerifier [0x00007FF644FA5442+109762]\n\tGetHandleVerifier [0x00007FF644F8BA59+4825]\n\tBaseThreadInitThunk [0x00007FF891CBE8D7+23]\n\tRtlUserThreadStart [0x00007FF892E514FC+44]\n\n","statusTrace":"  File \"C:\\Automação de Testes\\neo_liberalizados-automacao\\venv\\Lib\\site-packages\\behave\\model.py\", line 1329, in run\n    match.run(runner.context)\n  File \"C:\\Automação de Testes\\neo_liberalizados-automacao\\venv\\Lib\\site-packages\\behave\\matchers.py\", line 98, in run\n    self.func(context, *args, **kwargs)\n  File \"features\\steps\\test_perfil_de_acesso_nao_logado_steps.py\", line 25, in step_acessar_aplicacao_com_login\n    step_impl(context)  # @given('que eu acesso a página de login')\n    ^^^^^^^^^^^^^^^^^^\n  File \"C:\\Automação de Testes\\neo_liberalizados-automacao\\features\\steps\\test_login_steps.py\", line 23, in step_impl\n    esperar_e_executar(context, LoginPageLocators.BOTAO_ENTRAR, context.login_page.navegar_para_pagina_de_login)\n  File \"C:\\Automação de Testes\\neo_liberalizados-automacao\\features\\environment.py\", line 198, in esperar_e_executar\n    WebDriverWait(context.driver, 20).until(EC.element_to_be_clickable(locator))\n  File \"C:\\Automação de Testes\\neo_liberalizados-automacao\\venv\\Lib\\site-packages\\selenium\\webdriver\\support\\wait.py\", line 146, in until\n    raise TimeoutException(message, screen, stacktrace)\n","steps":[],"attachments":[],"parameters":[],"attachmentsCount":0,"shouldDisplayMessage":true,"hasContent":true,"attachmentStep":false,"stepsCount":0},{"name":"Then eu não devo visualizar nada","time":{"start":1747922261761,"stop":1747922261761,"duration":0},"status":"skipped","steps":[],"attachments":[],"parameters":[],"attachmentsCount":0,"shouldDisplayMessage":false,"hasContent":false,"attachmentStep":false,"stepsCount":0}],"attachments":[],"parameters":[],"attachmentsCount":0,"shouldDisplayMessage":false,"hasContent":true,"attachmentStep":false,"stepsCount":3},"afterStages":[],"labels":[{"name":"severity","value":"normal"},{"name":"feature","value":"Perfil de acesso não logado"},{"name":"framework","value":"behave"},{"name":"language","value":"cpython3"},{"name":"resultFormat","value":"allure2"}],"parameters":[],"links":[],"hidden":false,"retry":false,"extra":{"severity":"normal","retries":[],"categories":[{"name":"Test defects","matchedStatuses":[]}],"tags":[]},"source":"fa12af6a78ca2d0.json","parameterValues":[]}