{"uid":"7d08ac709b1c637c","name":"Acesso não logado","fullName":"Perfil de acesso não logado: Acesso não logado","historyId":"5192b7543149c52fbc4f8a736f180a63","time":{"start":1747774632666,"stop":1747774657206,"duration":24540},"status":"broken","statusMessage":"selenium.common.exceptions.TimeoutException: Message: \nStacktrace:\n\tGetHandleVerifier [0x00007FF699FBCF65+75717]\n\tGetHandleVerifier [0x00007FF699FBCFC0+75808]\n\t(No symbol) [0x00007FF699D88F9A]\n\t(No symbol) [0x00007FF699DDF4C6]\n\t(No symbol) [0x00007FF699DDF77C]\n\t(No symbol) [0x00007FF699E32577]\n\t(No symbol) [0x00007FF699E073BF]\n\t(No symbol) [0x00007FF699E2F39C]\n\t(No symbol) [0x00007FF699E07153]\n\t(No symbol) [0x00007FF699DD0421]\n\t(No symbol) [0x00007FF699DD11B3]\n\tGetHandleVerifier [0x00007FF69A2BD74D+3223469]\n\tGetHandleVerifier [0x00007FF69A2B7CF2+3200338]\n\tGetHandleVerifier [0x00007FF69A2D5B23+3322755]\n\tGetHandleVerifier [0x00007FF699FD6A3A+180890]\n\tGetHandleVerifier [0x00007FF699FDE13F+211359]\n\tGetHandleVerifier [0x00007FF699FC52B4+109332]\n\tGetHandleVerifier [0x00007FF699FC5462+109762]\n\tGetHandleVerifier [0x00007FF699FABA79+4825]\n\tBaseThreadInitThunk [0x00007FFDE070E8D7+23]\n\tRtlUserThreadStart [0x00007FFDE29914FC+44]\n\n","statusTrace":"  File \"C:\\Users\\mferreio\\AppData\\Local\\Programs\\Python\\Python312\\Lib\\site-packages\\behave\\model.py\", line 1329, in run\n    match.run(runner.context)\n  File \"C:\\Users\\mferreio\\AppData\\Local\\Programs\\Python\\Python312\\Lib\\site-packages\\behave\\matchers.py\", line 98, in run\n    self.func(context, *args, **kwargs)\n  File \"features\\steps\\test_perfil_de_acesso_nao_logado_steps.py\", line 26, in step_acessar_aplicacao_com_login\n    step_impl(context)  # @given('que eu acesso a página de login')\n    ^^^^^^^^^^^^^^^^^^\n  File \"C:\\Automação de Testes\\neo_liberalizados-automacao\\features\\steps\\test_login_steps.py\", line 23, in step_impl\n    esperar_e_executar(context, LoginPageLocators.BOTAO_ENTRAR, context.login_page.navegar_para_pagina_de_login)\n  File \"C:\\Automação de Testes\\neo_liberalizados-automacao\\features\\environment.py\", line 198, in esperar_e_executar\n    WebDriverWait(context.driver, 20).until(EC.element_to_be_clickable(locator))\n  File \"C:\\Users\\mferreio\\AppData\\Local\\Programs\\Python\\Python312\\Lib\\site-packages\\selenium\\webdriver\\support\\wait.py\", line 146, in until\n    raise TimeoutException(message, screen, stacktrace)\n","flaky":false,"newFailed":false,"newBroken":false,"newPassed":false,"retriesCount":0,"retriesStatusChange":false,"beforeStages":[],"testStage":{"status":"broken","statusMessage":"selenium.common.exceptions.TimeoutException: Message: \nStacktrace:\n\tGetHandleVerifier [0x00007FF699FBCF65+75717]\n\tGetHandleVerifier [0x00007FF699FBCFC0+75808]\n\t(No symbol) [0x00007FF699D88F9A]\n\t(No symbol) [0x00007FF699DDF4C6]\n\t(No symbol) [0x00007FF699DDF77C]\n\t(No symbol) [0x00007FF699E32577]\n\t(No symbol) [0x00007FF699E073BF]\n\t(No symbol) [0x00007FF699E2F39C]\n\t(No symbol) [0x00007FF699E07153]\n\t(No symbol) [0x00007FF699DD0421]\n\t(No symbol) [0x00007FF699DD11B3]\n\tGetHandleVerifier [0x00007FF69A2BD74D+3223469]\n\tGetHandleVerifier [0x00007FF69A2B7CF2+3200338]\n\tGetHandleVerifier [0x00007FF69A2D5B23+3322755]\n\tGetHandleVerifier [0x00007FF699FD6A3A+180890]\n\tGetHandleVerifier [0x00007FF699FDE13F+211359]\n\tGetHandleVerifier [0x00007FF699FC52B4+109332]\n\tGetHandleVerifier [0x00007FF699FC5462+109762]\n\tGetHandleVerifier [0x00007FF699FABA79+4825]\n\tBaseThreadInitThunk [0x00007FFDE070E8D7+23]\n\tRtlUserThreadStart [0x00007FFDE29914FC+44]\n\n","statusTrace":"  File \"C:\\Users\\mferreio\\AppData\\Local\\Programs\\Python\\Python312\\Lib\\site-packages\\behave\\model.py\", line 1329, in run\n    match.run(runner.context)\n  File \"C:\\Users\\mferreio\\AppData\\Local\\Programs\\Python\\Python312\\Lib\\site-packages\\behave\\matchers.py\", line 98, in run\n    self.func(context, *args, **kwargs)\n  File \"features\\steps\\test_perfil_de_acesso_nao_logado_steps.py\", line 26, in step_acessar_aplicacao_com_login\n    step_impl(context)  # @given('que eu acesso a página de login')\n    ^^^^^^^^^^^^^^^^^^\n  File \"C:\\Automação de Testes\\neo_liberalizados-automacao\\features\\steps\\test_login_steps.py\", line 23, in step_impl\n    esperar_e_executar(context, LoginPageLocators.BOTAO_ENTRAR, context.login_page.navegar_para_pagina_de_login)\n  File \"C:\\Automação de Testes\\neo_liberalizados-automacao\\features\\environment.py\", line 198, in esperar_e_executar\n    WebDriverWait(context.driver, 20).until(EC.element_to_be_clickable(locator))\n  File \"C:\\Users\\mferreio\\AppData\\Local\\Programs\\Python\\Python312\\Lib\\site-packages\\selenium\\webdriver\\support\\wait.py\", line 146, in until\n    raise TimeoutException(message, screen, stacktrace)\n","steps":[{"name":"Given que o usuário não está logado","time":{"start":1747774632669,"stop":1747774635809,"duration":3140},"status":"passed","steps":[],"attachments":[],"parameters":[],"attachmentsCount":0,"shouldDisplayMessage":false,"stepsCount":0,"attachmentStep":false,"hasContent":false},{"name":"When eu tento acessar a aplicação","time":{"start":1747774635809,"stop":1747774657202,"duration":21393},"status":"broken","statusMessage":"selenium.common.exceptions.TimeoutException: Message: \nStacktrace:\n\tGetHandleVerifier [0x00007FF699FBCF65+75717]\n\tGetHandleVerifier [0x00007FF699FBCFC0+75808]\n\t(No symbol) [0x00007FF699D88F9A]\n\t(No symbol) [0x00007FF699DDF4C6]\n\t(No symbol) [0x00007FF699DDF77C]\n\t(No symbol) [0x00007FF699E32577]\n\t(No symbol) [0x00007FF699E073BF]\n\t(No symbol) [0x00007FF699E2F39C]\n\t(No symbol) [0x00007FF699E07153]\n\t(No symbol) [0x00007FF699DD0421]\n\t(No symbol) [0x00007FF699DD11B3]\n\tGetHandleVerifier [0x00007FF69A2BD74D+3223469]\n\tGetHandleVerifier [0x00007FF69A2B7CF2+3200338]\n\tGetHandleVerifier [0x00007FF69A2D5B23+3322755]\n\tGetHandleVerifier [0x00007FF699FD6A3A+180890]\n\tGetHandleVerifier [0x00007FF699FDE13F+211359]\n\tGetHandleVerifier [0x00007FF699FC52B4+109332]\n\tGetHandleVerifier [0x00007FF699FC5462+109762]\n\tGetHandleVerifier [0x00007FF699FABA79+4825]\n\tBaseThreadInitThunk [0x00007FFDE070E8D7+23]\n\tRtlUserThreadStart [0x00007FFDE29914FC+44]\n\n","statusTrace":"  File \"C:\\Users\\mferreio\\AppData\\Local\\Programs\\Python\\Python312\\Lib\\site-packages\\behave\\model.py\", line 1329, in run\n    match.run(runner.context)\n  File \"C:\\Users\\mferreio\\AppData\\Local\\Programs\\Python\\Python312\\Lib\\site-packages\\behave\\matchers.py\", line 98, in run\n    self.func(context, *args, **kwargs)\n  File \"features\\steps\\test_perfil_de_acesso_nao_logado_steps.py\", line 26, in step_acessar_aplicacao_com_login\n    step_impl(context)  # @given('que eu acesso a página de login')\n    ^^^^^^^^^^^^^^^^^^\n  File \"C:\\Automação de Testes\\neo_liberalizados-automacao\\features\\steps\\test_login_steps.py\", line 23, in step_impl\n    esperar_e_executar(context, LoginPageLocators.BOTAO_ENTRAR, context.login_page.navegar_para_pagina_de_login)\n  File \"C:\\Automação de Testes\\neo_liberalizados-automacao\\features\\environment.py\", line 198, in esperar_e_executar\n    WebDriverWait(context.driver, 20).until(EC.element_to_be_clickable(locator))\n  File \"C:\\Users\\mferreio\\AppData\\Local\\Programs\\Python\\Python312\\Lib\\site-packages\\selenium\\webdriver\\support\\wait.py\", line 146, in until\n    raise TimeoutException(message, screen, stacktrace)\n","steps":[],"attachments":[],"parameters":[],"attachmentsCount":0,"shouldDisplayMessage":true,"stepsCount":0,"attachmentStep":false,"hasContent":true},{"name":"Then eu não devo visualizar nada","time":{"start":1747774657206,"stop":1747774657206,"duration":0},"status":"skipped","steps":[],"attachments":[],"parameters":[],"attachmentsCount":0,"shouldDisplayMessage":false,"stepsCount":0,"attachmentStep":false,"hasContent":false}],"attachments":[],"parameters":[],"attachmentsCount":0,"shouldDisplayMessage":false,"stepsCount":3,"attachmentStep":false,"hasContent":true},"afterStages":[],"labels":[{"name":"severity","value":"normal"},{"name":"feature","value":"Perfil de acesso não logado"},{"name":"framework","value":"behave"},{"name":"language","value":"cpython3"},{"name":"resultFormat","value":"allure2"}],"parameters":[],"links":[],"hidden":false,"retry":false,"extra":{"severity":"normal","retries":[],"categories":[{"name":"Test defects","matchedStatuses":[]}],"tags":[]},"source":"7d08ac709b1c637c.json","parameterValues":[]}