{"uid":"7cb62e20e801ffc5","name":"Campos obrigatórios não preenchidos","fullName":"Tela de cadastro de usuário: Campos obrigatórios não preenchidos","historyId":"b2491bd1e907593bcf63782f808a7737","time":{"start":1747836908850,"stop":1747836920496,"duration":11646},"status":"broken","statusMessage":"selenium.common.exceptions.ElementClickInterceptedException: Message: element click intercepted: Element <button pbutton=\"\" pripple=\"\" label=\"Novo\" class=\"p-element p-ripple p-button-success mr-2 w-8rem p-button p-component\">...</button> is not clickable at point (469, 179). Other element would receive the click: <div class=\"ng-tns-c1729407856-24 p-dialog-mask p-component-overlay p-component-overlay-enter p-dialog-mask-scrollblocker ng-star-inserted\" style=\"z-index: 1107;\">...</div>\n  (Session info: chrome=136.0.7103.114)\nStacktrace:\n\tGetHandleVerifier [0x00007FF782BFCF65+75717]\n\tGetHandleVerifier [0x00007FF782BFCFC0+75808]\n\t(No symbol) [0x00007FF7829C8F9A]\n\t(No symbol) [0x00007FF782A27439]\n\t(No symbol) [0x00007FF782A24DF2]\n\t(No symbol) [0x00007FF782A21EA1]\n\t(No symbol) [0x00007FF782A20DA1]\n\t(No symbol) [0x00007FF782A12394]\n\t(No symbol) [0x00007FF782A4737A]\n\t(No symbol) [0x00007FF782A11C46]\n\t(No symbol) [0x00007FF782A47590]\n\t(No symbol) [0x00007FF782A6F39C]\n\t(No symbol) [0x00007FF782A47153]\n\t(No symbol) [0x00007FF782A10421]\n\t(No symbol) [0x00007FF782A111B3]\n\tGetHandleVerifier [0x00007FF782EFD74D+3223469]\n\tGetHandleVerifier [0x00007FF782EF7CF2+3200338]\n\tGetHandleVerifier [0x00007FF782F15B23+3322755]\n\tGetHandleVerifier [0x00007FF782C16A3A+180890]\n\tGetHandleVerifier [0x00007FF782C1E13F+211359]\n\tGetHandleVerifier [0x00007FF782C052B4+109332]\n\tGetHandleVerifier [0x00007FF782C05462+109762]\n\tGetHandleVerifier [0x00007FF782BEBA79+4825]\n\tBaseThreadInitThunk [0x00007FF9E11BE8D7+23]\n\tRtlUserThreadStart [0x00007FF9E31114FC+44]\n\n","statusTrace":"  File \"C:\\Automação de Testes\\neo_liberalizados-automacao\\venv\\Lib\\site-packages\\behave\\model.py\", line 1329, in run\n    match.run(runner.context)\n  File \"C:\\Automação de Testes\\neo_liberalizados-automacao\\venv\\Lib\\site-packages\\behave\\matchers.py\", line 98, in run\n    self.func(context, *args, **kwargs)\n  File \"features\\steps\\test_tela_de_usuarios_steps.py\", line 62, in step_clica_botao_novo\n    context.tela_de_usuarios_page.clicar_botao_novo()\n  File \"C:\\Automação de Testes\\neo_liberalizados-automacao\\features\\pages\\tela_de_usuarios_pages.py\", line 197, in clicar_botao_novo\n    botao_novo.click()\n  File \"C:\\Automação de Testes\\neo_liberalizados-automacao\\venv\\Lib\\site-packages\\selenium\\webdriver\\remote\\webelement.py\", line 119, in click\n    self._execute(Command.CLICK_ELEMENT)\n  File \"C:\\Automação de Testes\\neo_liberalizados-automacao\\venv\\Lib\\site-packages\\selenium\\webdriver\\remote\\webelement.py\", line 572, in _execute\n    return self._parent.execute(command, params)\n           ^^^^^^^^^^^^^^^^^^^^^^^^^^^^^^^^^^^^^\n  File \"C:\\Automação de Testes\\neo_liberalizados-automacao\\venv\\Lib\\site-packages\\selenium\\webdriver\\remote\\webdriver.py\", line 448, in execute\n    self.error_handler.check_response(response)\n  File \"C:\\Automação de Testes\\neo_liberalizados-automacao\\venv\\Lib\\site-packages\\selenium\\webdriver\\remote\\errorhandler.py\", line 232, in check_response\n    raise exception_class(message, screen, stacktrace)\n","flaky":false,"newFailed":false,"newBroken":false,"newPassed":false,"retriesCount":0,"retriesStatusChange":false,"beforeStages":[],"testStage":{"status":"broken","statusMessage":"selenium.common.exceptions.ElementClickInterceptedException: Message: element click intercepted: Element <button pbutton=\"\" pripple=\"\" label=\"Novo\" class=\"p-element p-ripple p-button-success mr-2 w-8rem p-button p-component\">...</button> is not clickable at point (469, 179). Other element would receive the click: <div class=\"ng-tns-c1729407856-24 p-dialog-mask p-component-overlay p-component-overlay-enter p-dialog-mask-scrollblocker ng-star-inserted\" style=\"z-index: 1107;\">...</div>\n  (Session info: chrome=136.0.7103.114)\nStacktrace:\n\tGetHandleVerifier [0x00007FF782BFCF65+75717]\n\tGetHandleVerifier [0x00007FF782BFCFC0+75808]\n\t(No symbol) [0x00007FF7829C8F9A]\n\t(No symbol) [0x00007FF782A27439]\n\t(No symbol) [0x00007FF782A24DF2]\n\t(No symbol) [0x00007FF782A21EA1]\n\t(No symbol) [0x00007FF782A20DA1]\n\t(No symbol) [0x00007FF782A12394]\n\t(No symbol) [0x00007FF782A4737A]\n\t(No symbol) [0x00007FF782A11C46]\n\t(No symbol) [0x00007FF782A47590]\n\t(No symbol) [0x00007FF782A6F39C]\n\t(No symbol) [0x00007FF782A47153]\n\t(No symbol) [0x00007FF782A10421]\n\t(No symbol) [0x00007FF782A111B3]\n\tGetHandleVerifier [0x00007FF782EFD74D+3223469]\n\tGetHandleVerifier [0x00007FF782EF7CF2+3200338]\n\tGetHandleVerifier [0x00007FF782F15B23+3322755]\n\tGetHandleVerifier [0x00007FF782C16A3A+180890]\n\tGetHandleVerifier [0x00007FF782C1E13F+211359]\n\tGetHandleVerifier [0x00007FF782C052B4+109332]\n\tGetHandleVerifier [0x00007FF782C05462+109762]\n\tGetHandleVerifier [0x00007FF782BEBA79+4825]\n\tBaseThreadInitThunk [0x00007FF9E11BE8D7+23]\n\tRtlUserThreadStart [0x00007FF9E31114FC+44]\n\n","statusTrace":"  File \"C:\\Automação de Testes\\neo_liberalizados-automacao\\venv\\Lib\\site-packages\\behave\\model.py\", line 1329, in run\n    match.run(runner.context)\n  File \"C:\\Automação de Testes\\neo_liberalizados-automacao\\venv\\Lib\\site-packages\\behave\\matchers.py\", line 98, in run\n    self.func(context, *args, **kwargs)\n  File \"features\\steps\\test_tela_de_usuarios_steps.py\", line 62, in step_clica_botao_novo\n    context.tela_de_usuarios_page.clicar_botao_novo()\n  File \"C:\\Automação de Testes\\neo_liberalizados-automacao\\features\\pages\\tela_de_usuarios_pages.py\", line 197, in clicar_botao_novo\n    botao_novo.click()\n  File \"C:\\Automação de Testes\\neo_liberalizados-automacao\\venv\\Lib\\site-packages\\selenium\\webdriver\\remote\\webelement.py\", line 119, in click\n    self._execute(Command.CLICK_ELEMENT)\n  File \"C:\\Automação de Testes\\neo_liberalizados-automacao\\venv\\Lib\\site-packages\\selenium\\webdriver\\remote\\webelement.py\", line 572, in _execute\n    return self._parent.execute(command, params)\n           ^^^^^^^^^^^^^^^^^^^^^^^^^^^^^^^^^^^^^\n  File \"C:\\Automação de Testes\\neo_liberalizados-automacao\\venv\\Lib\\site-packages\\selenium\\webdriver\\remote\\webdriver.py\", line 448, in execute\n    self.error_handler.check_response(response)\n  File \"C:\\Automação de Testes\\neo_liberalizados-automacao\\venv\\Lib\\site-packages\\selenium\\webdriver\\remote\\errorhandler.py\", line 232, in check_response\n    raise exception_class(message, screen, stacktrace)\n","steps":[{"name":"When que o usuário está logado como \"Administrador\"","time":{"start":1747836908851,"stop":1747836909004,"duration":153},"status":"passed","steps":[{"name":"Validando que o usuário está logado como Administrador","time":{"start":1747836908851,"stop":1747836908863,"duration":12},"status":"passed","steps":[],"attachments":[],"parameters":[{"name":"context","value":"<behave.runner.Context object at 0x000002641C5FD9D0>"}],"hasContent":true,"attachmentsCount":0,"shouldDisplayMessage":false,"stepsCount":0,"attachmentStep":false}],"attachments":[],"parameters":[],"hasContent":true,"attachmentsCount":0,"shouldDisplayMessage":false,"stepsCount":1,"attachmentStep":false},{"name":"When o usuário clica no botão \"Novo\" para adicionar usuario","time":{"start":1747836909004,"stop":1747836920494,"duration":11490},"status":"broken","statusMessage":"selenium.common.exceptions.ElementClickInterceptedException: Message: element click intercepted: Element <button pbutton=\"\" pripple=\"\" label=\"Novo\" class=\"p-element p-ripple p-button-success mr-2 w-8rem p-button p-component\">...</button> is not clickable at point (469, 179). Other element would receive the click: <div class=\"ng-tns-c1729407856-24 p-dialog-mask p-component-overlay p-component-overlay-enter p-dialog-mask-scrollblocker ng-star-inserted\" style=\"z-index: 1107;\">...</div>\n  (Session info: chrome=136.0.7103.114)\nStacktrace:\n\tGetHandleVerifier [0x00007FF782BFCF65+75717]\n\tGetHandleVerifier [0x00007FF782BFCFC0+75808]\n\t(No symbol) [0x00007FF7829C8F9A]\n\t(No symbol) [0x00007FF782A27439]\n\t(No symbol) [0x00007FF782A24DF2]\n\t(No symbol) [0x00007FF782A21EA1]\n\t(No symbol) [0x00007FF782A20DA1]\n\t(No symbol) [0x00007FF782A12394]\n\t(No symbol) [0x00007FF782A4737A]\n\t(No symbol) [0x00007FF782A11C46]\n\t(No symbol) [0x00007FF782A47590]\n\t(No symbol) [0x00007FF782A6F39C]\n\t(No symbol) [0x00007FF782A47153]\n\t(No symbol) [0x00007FF782A10421]\n\t(No symbol) [0x00007FF782A111B3]\n\tGetHandleVerifier [0x00007FF782EFD74D+3223469]\n\tGetHandleVerifier [0x00007FF782EF7CF2+3200338]\n\tGetHandleVerifier [0x00007FF782F15B23+3322755]\n\tGetHandleVerifier [0x00007FF782C16A3A+180890]\n\tGetHandleVerifier [0x00007FF782C1E13F+211359]\n\tGetHandleVerifier [0x00007FF782C052B4+109332]\n\tGetHandleVerifier [0x00007FF782C05462+109762]\n\tGetHandleVerifier [0x00007FF782BEBA79+4825]\n\tBaseThreadInitThunk [0x00007FF9E11BE8D7+23]\n\tRtlUserThreadStart [0x00007FF9E31114FC+44]\n\n","statusTrace":"  File \"C:\\Automação de Testes\\neo_liberalizados-automacao\\venv\\Lib\\site-packages\\behave\\model.py\", line 1329, in run\n    match.run(runner.context)\n  File \"C:\\Automação de Testes\\neo_liberalizados-automacao\\venv\\Lib\\site-packages\\behave\\matchers.py\", line 98, in run\n    self.func(context, *args, **kwargs)\n  File \"features\\steps\\test_tela_de_usuarios_steps.py\", line 62, in step_clica_botao_novo\n    context.tela_de_usuarios_page.clicar_botao_novo()\n  File \"C:\\Automação de Testes\\neo_liberalizados-automacao\\features\\pages\\tela_de_usuarios_pages.py\", line 197, in clicar_botao_novo\n    botao_novo.click()\n  File \"C:\\Automação de Testes\\neo_liberalizados-automacao\\venv\\Lib\\site-packages\\selenium\\webdriver\\remote\\webelement.py\", line 119, in click\n    self._execute(Command.CLICK_ELEMENT)\n  File \"C:\\Automação de Testes\\neo_liberalizados-automacao\\venv\\Lib\\site-packages\\selenium\\webdriver\\remote\\webelement.py\", line 572, in _execute\n    return self._parent.execute(command, params)\n           ^^^^^^^^^^^^^^^^^^^^^^^^^^^^^^^^^^^^^\n  File \"C:\\Automação de Testes\\neo_liberalizados-automacao\\venv\\Lib\\site-packages\\selenium\\webdriver\\remote\\webdriver.py\", line 448, in execute\n    self.error_handler.check_response(response)\n  File \"C:\\Automação de Testes\\neo_liberalizados-automacao\\venv\\Lib\\site-packages\\selenium\\webdriver\\remote\\errorhandler.py\", line 232, in check_response\n    raise exception_class(message, screen, stacktrace)\n","steps":[],"attachments":[],"parameters":[],"hasContent":true,"attachmentsCount":0,"shouldDisplayMessage":true,"stepsCount":0,"attachmentStep":false},{"name":"When clica no dropdown de perfil","time":{"start":1747836920496,"stop":1747836920496,"duration":0},"status":"skipped","steps":[],"attachments":[],"parameters":[],"hasContent":false,"attachmentsCount":0,"shouldDisplayMessage":false,"stepsCount":0,"attachmentStep":false},{"name":"When o usuário não preenche os campos obrigatórios","time":{"start":1747836920496,"stop":1747836920496,"duration":0},"status":"skipped","steps":[],"attachments":[],"parameters":[],"hasContent":false,"attachmentsCount":0,"shouldDisplayMessage":false,"stepsCount":0,"attachmentStep":false},{"name":"When o usuário clica em \"Salvar\" para salvar o novo usuário","time":{"start":1747836920496,"stop":1747836920496,"duration":0},"status":"skipped","steps":[],"attachments":[],"parameters":[],"hasContent":false,"attachmentsCount":0,"shouldDisplayMessage":false,"stepsCount":0,"attachmentStep":false},{"name":"Then a notificação 'Campos obrigatórios não preenchidos' deve ser exibida","time":{"start":1747836920496,"stop":1747836920496,"duration":0},"status":"skipped","steps":[],"attachments":[],"parameters":[],"hasContent":false,"attachmentsCount":0,"shouldDisplayMessage":false,"stepsCount":0,"attachmentStep":false},{"name":"When navega até a tela de usuários - Perfil","time":{"start":1747836920496,"stop":1747836920496,"duration":0},"status":"skipped","steps":[],"attachments":[],"parameters":[],"hasContent":false,"attachmentsCount":0,"shouldDisplayMessage":false,"stepsCount":0,"attachmentStep":false}],"attachments":[],"parameters":[],"hasContent":true,"attachmentsCount":0,"shouldDisplayMessage":false,"stepsCount":8,"attachmentStep":false},"afterStages":[],"labels":[{"name":"severity","value":"normal"},{"name":"feature","value":"Tela de cadastro de usuário"},{"name":"framework","value":"behave"},{"name":"language","value":"cpython3"},{"name":"resultFormat","value":"allure2"}],"parameters":[],"links":[],"hidden":false,"retry":false,"extra":{"severity":"normal","retries":[],"categories":[{"name":"Test defects","matchedStatuses":[]}],"tags":[]},"source":"7cb62e20e801ffc5.json","parameterValues":[]}