{"uid":"f467021c1e22165a","name":"Alteração de dados do usuário com sucesso","fullName":"Tela de cadastro de usuário: Alteração de dados do usuário com sucesso","historyId":"1eb67fcb9ba48bf8cf5726538f55733c","time":{"start":1747772346261,"stop":1747772358098,"duration":11837},"status":"broken","statusMessage":"selenium.common.exceptions.ElementClickInterceptedException: Message: element click intercepted: Element <li app-menuitem=\"\" class=\"ng-tns-c773887693-5 ng-tns-c773887693-4 ng-star-inserted active-menuitem\" style=\"\">...</li> is not clickable at point (142, 276). Other element would receive the click: <div class=\"ng-tns-c1729407856-24 p-dialog-mask p-component-overlay p-component-overlay-enter p-dialog-mask-scrollblocker ng-star-inserted\" style=\"z-index: 1101;\">...</div>\n  (Session info: chrome=136.0.7103.114)\nStacktrace:\n\tGetHandleVerifier [0x00007FF641FACF65+75717]\n\tGetHandleVerifier [0x00007FF641FACFC0+75808]\n\t(No symbol) [0x00007FF641D78F9A]\n\t(No symbol) [0x00007FF641DD7439]\n\t(No symbol) [0x00007FF641DD4DF2]\n\t(No symbol) [0x00007FF641DD1EA1]\n\t(No symbol) [0x00007FF641DD0DA1]\n\t(No symbol) [0x00007FF641DC2394]\n\t(No symbol) [0x00007FF641DF737A]\n\t(No symbol) [0x00007FF641DC1C46]\n\t(No symbol) [0x00007FF641DF7590]\n\t(No symbol) [0x00007FF641E1F39C]\n\t(No symbol) [0x00007FF641DF7153]\n\t(No symbol) [0x00007FF641DC0421]\n\t(No symbol) [0x00007FF641DC11B3]\n\tGetHandleVerifier [0x00007FF6422AD74D+3223469]\n\tGetHandleVerifier [0x00007FF6422A7CF2+3200338]\n\tGetHandleVerifier [0x00007FF6422C5B23+3322755]\n\tGetHandleVerifier [0x00007FF641FC6A3A+180890]\n\tGetHandleVerifier [0x00007FF641FCE13F+211359]\n\tGetHandleVerifier [0x00007FF641FB52B4+109332]\n\tGetHandleVerifier [0x00007FF641FB5462+109762]\n\tGetHandleVerifier [0x00007FF641F9BA79+4825]\n\tBaseThreadInitThunk [0x00007FFDE070E8D7+23]\n\tRtlUserThreadStart [0x00007FFDE29914FC+44]\n\n","statusTrace":"  File \"C:\\Users\\mferreio\\AppData\\Local\\Programs\\Python\\Python312\\Lib\\site-packages\\behave\\model.py\", line 1329, in run\n    match.run(runner.context)\n  File \"C:\\Users\\mferreio\\AppData\\Local\\Programs\\Python\\Python312\\Lib\\site-packages\\behave\\matchers.py\", line 98, in run\n    self.func(context, *args, **kwargs)\n  File \"C:\\Users\\mferreio\\AppData\\Local\\Programs\\Python\\Python312\\Lib\\site-packages\\allure_commons\\_allure.py\", line 192, in impl\n    return func(*a, **kw)\n           ^^^^^^^^^^^^^^\n  File \"features\\steps\\test_tela_de_usuarios_steps.py\", line 22, in navegar_tela_usuarios\n    context.tela_de_usuarios_page.clicar_botao_perfil()\n  File \"C:\\Automação de Testes\\neo_liberalizados-automacao\\features\\pages\\tela_de_usuarios_pages.py\", line 115, in clicar_botao_perfil\n    botao_perfil.click()\n  File \"C:\\Users\\mferreio\\AppData\\Local\\Programs\\Python\\Python312\\Lib\\site-packages\\selenium\\webdriver\\remote\\webelement.py\", line 119, in click\n    self._execute(Command.CLICK_ELEMENT)\n  File \"C:\\Users\\mferreio\\AppData\\Local\\Programs\\Python\\Python312\\Lib\\site-packages\\selenium\\webdriver\\remote\\webelement.py\", line 572, in _execute\n    return self._parent.execute(command, params)\n           ^^^^^^^^^^^^^^^^^^^^^^^^^^^^^^^^^^^^^\n  File \"C:\\Users\\mferreio\\AppData\\Local\\Programs\\Python\\Python312\\Lib\\site-packages\\selenium\\webdriver\\remote\\webdriver.py\", line 429, in execute\n    self.error_handler.check_response(response)\n  File \"C:\\Users\\mferreio\\AppData\\Local\\Programs\\Python\\Python312\\Lib\\site-packages\\selenium\\webdriver\\remote\\errorhandler.py\", line 232, in check_response\n    raise exception_class(message, screen, stacktrace)\n","flaky":false,"newFailed":false,"newBroken":false,"newPassed":false,"retriesCount":0,"retriesStatusChange":false,"beforeStages":[],"testStage":{"status":"broken","statusMessage":"selenium.common.exceptions.ElementClickInterceptedException: Message: element click intercepted: Element <li app-menuitem=\"\" class=\"ng-tns-c773887693-5 ng-tns-c773887693-4 ng-star-inserted active-menuitem\" style=\"\">...</li> is not clickable at point (142, 276). Other element would receive the click: <div class=\"ng-tns-c1729407856-24 p-dialog-mask p-component-overlay p-component-overlay-enter p-dialog-mask-scrollblocker ng-star-inserted\" style=\"z-index: 1101;\">...</div>\n  (Session info: chrome=136.0.7103.114)\nStacktrace:\n\tGetHandleVerifier [0x00007FF641FACF65+75717]\n\tGetHandleVerifier [0x00007FF641FACFC0+75808]\n\t(No symbol) [0x00007FF641D78F9A]\n\t(No symbol) [0x00007FF641DD7439]\n\t(No symbol) [0x00007FF641DD4DF2]\n\t(No symbol) [0x00007FF641DD1EA1]\n\t(No symbol) [0x00007FF641DD0DA1]\n\t(No symbol) [0x00007FF641DC2394]\n\t(No symbol) [0x00007FF641DF737A]\n\t(No symbol) [0x00007FF641DC1C46]\n\t(No symbol) [0x00007FF641DF7590]\n\t(No symbol) [0x00007FF641E1F39C]\n\t(No symbol) [0x00007FF641DF7153]\n\t(No symbol) [0x00007FF641DC0421]\n\t(No symbol) [0x00007FF641DC11B3]\n\tGetHandleVerifier [0x00007FF6422AD74D+3223469]\n\tGetHandleVerifier [0x00007FF6422A7CF2+3200338]\n\tGetHandleVerifier [0x00007FF6422C5B23+3322755]\n\tGetHandleVerifier [0x00007FF641FC6A3A+180890]\n\tGetHandleVerifier [0x00007FF641FCE13F+211359]\n\tGetHandleVerifier [0x00007FF641FB52B4+109332]\n\tGetHandleVerifier [0x00007FF641FB5462+109762]\n\tGetHandleVerifier [0x00007FF641F9BA79+4825]\n\tBaseThreadInitThunk [0x00007FFDE070E8D7+23]\n\tRtlUserThreadStart [0x00007FFDE29914FC+44]\n\n","statusTrace":"  File \"C:\\Users\\mferreio\\AppData\\Local\\Programs\\Python\\Python312\\Lib\\site-packages\\behave\\model.py\", line 1329, in run\n    match.run(runner.context)\n  File \"C:\\Users\\mferreio\\AppData\\Local\\Programs\\Python\\Python312\\Lib\\site-packages\\behave\\matchers.py\", line 98, in run\n    self.func(context, *args, **kwargs)\n  File \"C:\\Users\\mferreio\\AppData\\Local\\Programs\\Python\\Python312\\Lib\\site-packages\\allure_commons\\_allure.py\", line 192, in impl\n    return func(*a, **kw)\n           ^^^^^^^^^^^^^^\n  File \"features\\steps\\test_tela_de_usuarios_steps.py\", line 22, in navegar_tela_usuarios\n    context.tela_de_usuarios_page.clicar_botao_perfil()\n  File \"C:\\Automação de Testes\\neo_liberalizados-automacao\\features\\pages\\tela_de_usuarios_pages.py\", line 115, in clicar_botao_perfil\n    botao_perfil.click()\n  File \"C:\\Users\\mferreio\\AppData\\Local\\Programs\\Python\\Python312\\Lib\\site-packages\\selenium\\webdriver\\remote\\webelement.py\", line 119, in click\n    self._execute(Command.CLICK_ELEMENT)\n  File \"C:\\Users\\mferreio\\AppData\\Local\\Programs\\Python\\Python312\\Lib\\site-packages\\selenium\\webdriver\\remote\\webelement.py\", line 572, in _execute\n    return self._parent.execute(command, params)\n           ^^^^^^^^^^^^^^^^^^^^^^^^^^^^^^^^^^^^^\n  File \"C:\\Users\\mferreio\\AppData\\Local\\Programs\\Python\\Python312\\Lib\\site-packages\\selenium\\webdriver\\remote\\webdriver.py\", line 429, in execute\n    self.error_handler.check_response(response)\n  File \"C:\\Users\\mferreio\\AppData\\Local\\Programs\\Python\\Python312\\Lib\\site-packages\\selenium\\webdriver\\remote\\errorhandler.py\", line 232, in check_response\n    raise exception_class(message, screen, stacktrace)\n","steps":[{"name":"Given que o usuário está logado como \"Administrador\"","time":{"start":1747772346261,"stop":1747772346392,"duration":131},"status":"passed","steps":[{"name":"Validando que o usuário está logado como Administrador","time":{"start":1747772346261,"stop":1747772346264,"duration":3},"status":"passed","steps":[],"attachments":[],"parameters":[{"name":"context","value":"<behave.runner.Context object at 0x000001F7A8E24B00>"}],"hasContent":true,"attachmentsCount":0,"shouldDisplayMessage":false,"stepsCount":0,"attachmentStep":false}],"attachments":[],"parameters":[],"hasContent":true,"attachmentsCount":0,"shouldDisplayMessage":false,"stepsCount":1,"attachmentStep":false},{"name":"When navega até a tela de usuários - Perfil","time":{"start":1747772346392,"stop":1747772358096,"duration":11704},"status":"broken","statusMessage":"selenium.common.exceptions.ElementClickInterceptedException: Message: element click intercepted: Element <li app-menuitem=\"\" class=\"ng-tns-c773887693-5 ng-tns-c773887693-4 ng-star-inserted active-menuitem\" style=\"\">...</li> is not clickable at point (142, 276). Other element would receive the click: <div class=\"ng-tns-c1729407856-24 p-dialog-mask p-component-overlay p-component-overlay-enter p-dialog-mask-scrollblocker ng-star-inserted\" style=\"z-index: 1101;\">...</div>\n  (Session info: chrome=136.0.7103.114)\nStacktrace:\n\tGetHandleVerifier [0x00007FF641FACF65+75717]\n\tGetHandleVerifier [0x00007FF641FACFC0+75808]\n\t(No symbol) [0x00007FF641D78F9A]\n\t(No symbol) [0x00007FF641DD7439]\n\t(No symbol) [0x00007FF641DD4DF2]\n\t(No symbol) [0x00007FF641DD1EA1]\n\t(No symbol) [0x00007FF641DD0DA1]\n\t(No symbol) [0x00007FF641DC2394]\n\t(No symbol) [0x00007FF641DF737A]\n\t(No symbol) [0x00007FF641DC1C46]\n\t(No symbol) [0x00007FF641DF7590]\n\t(No symbol) [0x00007FF641E1F39C]\n\t(No symbol) [0x00007FF641DF7153]\n\t(No symbol) [0x00007FF641DC0421]\n\t(No symbol) [0x00007FF641DC11B3]\n\tGetHandleVerifier [0x00007FF6422AD74D+3223469]\n\tGetHandleVerifier [0x00007FF6422A7CF2+3200338]\n\tGetHandleVerifier [0x00007FF6422C5B23+3322755]\n\tGetHandleVerifier [0x00007FF641FC6A3A+180890]\n\tGetHandleVerifier [0x00007FF641FCE13F+211359]\n\tGetHandleVerifier [0x00007FF641FB52B4+109332]\n\tGetHandleVerifier [0x00007FF641FB5462+109762]\n\tGetHandleVerifier [0x00007FF641F9BA79+4825]\n\tBaseThreadInitThunk [0x00007FFDE070E8D7+23]\n\tRtlUserThreadStart [0x00007FFDE29914FC+44]\n\n","statusTrace":"  File \"C:\\Users\\mferreio\\AppData\\Local\\Programs\\Python\\Python312\\Lib\\site-packages\\behave\\model.py\", line 1329, in run\n    match.run(runner.context)\n  File \"C:\\Users\\mferreio\\AppData\\Local\\Programs\\Python\\Python312\\Lib\\site-packages\\behave\\matchers.py\", line 98, in run\n    self.func(context, *args, **kwargs)\n  File \"C:\\Users\\mferreio\\AppData\\Local\\Programs\\Python\\Python312\\Lib\\site-packages\\allure_commons\\_allure.py\", line 192, in impl\n    return func(*a, **kw)\n           ^^^^^^^^^^^^^^\n  File \"features\\steps\\test_tela_de_usuarios_steps.py\", line 22, in navegar_tela_usuarios\n    context.tela_de_usuarios_page.clicar_botao_perfil()\n  File \"C:\\Automação de Testes\\neo_liberalizados-automacao\\features\\pages\\tela_de_usuarios_pages.py\", line 115, in clicar_botao_perfil\n    botao_perfil.click()\n  File \"C:\\Users\\mferreio\\AppData\\Local\\Programs\\Python\\Python312\\Lib\\site-packages\\selenium\\webdriver\\remote\\webelement.py\", line 119, in click\n    self._execute(Command.CLICK_ELEMENT)\n  File \"C:\\Users\\mferreio\\AppData\\Local\\Programs\\Python\\Python312\\Lib\\site-packages\\selenium\\webdriver\\remote\\webelement.py\", line 572, in _execute\n    return self._parent.execute(command, params)\n           ^^^^^^^^^^^^^^^^^^^^^^^^^^^^^^^^^^^^^\n  File \"C:\\Users\\mferreio\\AppData\\Local\\Programs\\Python\\Python312\\Lib\\site-packages\\selenium\\webdriver\\remote\\webdriver.py\", line 429, in execute\n    self.error_handler.check_response(response)\n  File \"C:\\Users\\mferreio\\AppData\\Local\\Programs\\Python\\Python312\\Lib\\site-packages\\selenium\\webdriver\\remote\\errorhandler.py\", line 232, in check_response\n    raise exception_class(message, screen, stacktrace)\n","steps":[{"name":"Navegando até a tela de usuários - Perfil","time":{"start":1747772346392,"stop":1747772357911,"duration":11519},"status":"broken","statusMessage":"selenium.common.exceptions.ElementClickInterceptedException: Message: element click intercepted: Element <li app-menuitem=\"\" class=\"ng-tns-c773887693-5 ng-tns-c773887693-4 ng-star-inserted active-menuitem\" style=\"\">...</li> is not clickable at point (142, 276). Other element would receive the click: <div class=\"ng-tns-c1729407856-24 p-dialog-mask p-component-overlay p-component-overlay-enter p-dialog-mask-scrollblocker ng-star-inserted\" style=\"z-index: 1101;\">...</div>\n  (Session info: chrome=136.0.7103.114)\nStacktrace:\n\tGetHandleVerifier [0x00007FF641FACF65+75717]\n\tGetHandleVerifier [0x00007FF641FACFC0+75808]\n\t(No symbol) [0x00007FF641D78F9A]\n\t(No symbol) [0x00007FF641DD7439]\n\t(No symbol) [0x00007FF641DD4DF2]\n\t(No symbol) [0x00007FF641DD1EA1]\n\t(No symbol) [0x00007FF641DD0DA1]\n\t(No symbol) [0x00007FF641DC2394]\n\t(No symbol) [0x00007FF641DF737A]\n\t(No symbol) [0x00007FF641DC1C46]\n\t(No symbol) [0x00007FF641DF7590]\n\t(No symbol) [0x00007FF641E1F39C]\n\t(No symbol) [0x00007FF641DF7153]\n\t(No symbol) [0x00007FF641DC0421]\n\t(No symbol) [0x00007FF641DC11B3]\n\tGetHandleVerifier [0x00007FF6422AD74D+3223469]\n\tGetHandleVerifier [0x00007FF6422A7CF2+3200338]\n\tGetHandleVerifier [0x00007FF6422C5B23+3322755]\n\tGetHandleVerifier [0x00007FF641FC6A3A+180890]\n\tGetHandleVerifier [0x00007FF641FCE13F+211359]\n\tGetHandleVerifier [0x00007FF641FB52B4+109332]\n\tGetHandleVerifier [0x00007FF641FB5462+109762]\n\tGetHandleVerifier [0x00007FF641F9BA79+4825]\n\tBaseThreadInitThunk [0x00007FFDE070E8D7+23]\n\tRtlUserThreadStart [0x00007FFDE29914FC+44]\n\n","statusTrace":"  File \"C:\\Users\\mferreio\\AppData\\Local\\Programs\\Python\\Python312\\Lib\\site-packages\\allure_commons\\_allure.py\", line 192, in impl\n    return func(*a, **kw)\n           ^^^^^^^^^^^^^^\n  File \"features\\steps\\test_tela_de_usuarios_steps.py\", line 22, in navegar_tela_usuarios\n    context.tela_de_usuarios_page.clicar_botao_perfil()\n  File \"C:\\Automação de Testes\\neo_liberalizados-automacao\\features\\pages\\tela_de_usuarios_pages.py\", line 115, in clicar_botao_perfil\n    botao_perfil.click()\n  File \"C:\\Users\\mferreio\\AppData\\Local\\Programs\\Python\\Python312\\Lib\\site-packages\\selenium\\webdriver\\remote\\webelement.py\", line 119, in click\n    self._execute(Command.CLICK_ELEMENT)\n  File \"C:\\Users\\mferreio\\AppData\\Local\\Programs\\Python\\Python312\\Lib\\site-packages\\selenium\\webdriver\\remote\\webelement.py\", line 572, in _execute\n    return self._parent.execute(command, params)\n           ^^^^^^^^^^^^^^^^^^^^^^^^^^^^^^^^^^^^^\n  File \"C:\\Users\\mferreio\\AppData\\Local\\Programs\\Python\\Python312\\Lib\\site-packages\\selenium\\webdriver\\remote\\webdriver.py\", line 429, in execute\n    self.error_handler.check_response(response)\n  File \"C:\\Users\\mferreio\\AppData\\Local\\Programs\\Python\\Python312\\Lib\\site-packages\\selenium\\webdriver\\remote\\errorhandler.py\", line 232, in check_response\n    raise exception_class(message, screen, stacktrace)\n","steps":[],"attachments":[],"parameters":[{"name":"context","value":"<behave.runner.Context object at 0x000001F7A8E24B00>"}],"hasContent":true,"attachmentsCount":0,"shouldDisplayMessage":true,"stepsCount":0,"attachmentStep":false}],"attachments":[],"parameters":[],"hasContent":true,"attachmentsCount":0,"shouldDisplayMessage":false,"stepsCount":1,"attachmentStep":false},{"name":"When clica no botão \"Editar\"","time":{"start":1747772358098,"stop":1747772358098,"duration":0},"status":"skipped","steps":[],"attachments":[],"parameters":[],"hasContent":false,"attachmentsCount":0,"shouldDisplayMessage":false,"stepsCount":0,"attachmentStep":false},{"name":"When edita o tipo de perfil do usuário","time":{"start":1747772358098,"stop":1747772358098,"duration":0},"status":"skipped","steps":[],"attachments":[],"parameters":[],"hasContent":false,"attachmentsCount":0,"shouldDisplayMessage":false,"stepsCount":0,"attachmentStep":false},{"name":"When edita o nome e email do usuário","time":{"start":1747772358098,"stop":1747772358098,"duration":0},"status":"skipped","steps":[],"attachments":[],"parameters":[],"hasContent":false,"attachmentsCount":0,"shouldDisplayMessage":false,"stepsCount":0,"attachmentStep":false},{"name":"When clica em Salvar para salvar as alterações","time":{"start":1747772358098,"stop":1747772358098,"duration":0},"status":"skipped","steps":[],"attachments":[],"parameters":[],"hasContent":false,"attachmentsCount":0,"shouldDisplayMessage":false,"stepsCount":0,"attachmentStep":false},{"name":"Then navega até a tela de usuários - Perfil","time":{"start":1747772358098,"stop":1747772358098,"duration":0},"status":"skipped","steps":[],"attachments":[],"parameters":[],"hasContent":false,"attachmentsCount":0,"shouldDisplayMessage":false,"stepsCount":0,"attachmentStep":false}],"attachments":[],"parameters":[],"hasContent":true,"attachmentsCount":0,"shouldDisplayMessage":false,"stepsCount":9,"attachmentStep":false},"afterStages":[],"labels":[{"name":"severity","value":"normal"},{"name":"feature","value":"Tela de cadastro de usuário"},{"name":"framework","value":"behave"},{"name":"language","value":"cpython3"},{"name":"resultFormat","value":"allure2"}],"parameters":[],"links":[],"hidden":false,"retry":false,"extra":{"severity":"normal","retries":[],"categories":[{"name":"Test defects","matchedStatuses":[]}],"tags":[]},"source":"f467021c1e22165a.json","parameterValues":[]}