{"uid":"5ecf2c62d9393dd9","name":"Acesso não logado","fullName":"Perfil de acesso não logado: Acesso não logado","historyId":"5192b7543149c52fbc4f8a736f180a63","time":{"start":1747863451869,"stop":1747863476369,"duration":24500},"status":"broken","statusMessage":"selenium.common.exceptions.TimeoutException: Message: \nStacktrace:\n\tGetHandleVerifier [0x00007FF66751CF45+75717]\n\tGetHandleVerifier [0x00007FF66751CFA0+75808]\n\t(No symbol) [0x00007FF6672E8F9A]\n\t(No symbol) [0x00007FF66733F4C6]\n\t(No symbol) [0x00007FF66733F77C]\n\t(No symbol) [0x00007FF667392577]\n\t(No symbol) [0x00007FF6673673BF]\n\t(No symbol) [0x00007FF66738F39C]\n\t(No symbol) [0x00007FF667367153]\n\t(No symbol) [0x00007FF667330421]\n\t(No symbol) [0x00007FF6673311B3]\n\tGetHandleVerifier [0x00007FF66781D71D+3223453]\n\tGetHandleVerifier [0x00007FF667817CC2+3200322]\n\tGetHandleVerifier [0x00007FF667835AF3+3322739]\n\tGetHandleVerifier [0x00007FF667536A1A+180890]\n\tGetHandleVerifier [0x00007FF66753E11F+211359]\n\tGetHandleVerifier [0x00007FF667525294+109332]\n\tGetHandleVerifier [0x00007FF667525442+109762]\n\tGetHandleVerifier [0x00007FF66750BA59+4825]\n\tBaseThreadInitThunk [0x00007FF9E11BE8D7+23]\n\tRtlUserThreadStart [0x00007FF9E31114FC+44]\n\n","statusTrace":"  File \"C:\\Automação de Testes\\neo_liberalizados-automacao\\venv\\Lib\\site-packages\\behave\\model.py\", line 1329, in run\n    match.run(runner.context)\n  File \"C:\\Automação de Testes\\neo_liberalizados-automacao\\venv\\Lib\\site-packages\\behave\\matchers.py\", line 98, in run\n    self.func(context, *args, **kwargs)\n  File \"features\\steps\\test_perfil_de_acesso_nao_logado_steps.py\", line 26, in step_acessar_aplicacao_com_login\n    step_impl(context)  # @given('que eu acesso a página de login')\n    ^^^^^^^^^^^^^^^^^^\n  File \"C:\\Automação de Testes\\neo_liberalizados-automacao\\features\\steps\\test_login_steps.py\", line 23, in step_impl\n    esperar_e_executar(context, LoginPageLocators.BOTAO_ENTRAR, context.login_page.navegar_para_pagina_de_login)\n  File \"C:\\Automação de Testes\\neo_liberalizados-automacao\\features\\environment.py\", line 198, in esperar_e_executar\n    WebDriverWait(context.driver, 20).until(EC.element_to_be_clickable(locator))\n  File \"C:\\Automação de Testes\\neo_liberalizados-automacao\\venv\\Lib\\site-packages\\selenium\\webdriver\\support\\wait.py\", line 146, in until\n    raise TimeoutException(message, screen, stacktrace)\n","flaky":false,"newFailed":false,"newBroken":false,"newPassed":false,"retriesCount":0,"retriesStatusChange":false,"beforeStages":[],"testStage":{"status":"broken","statusMessage":"selenium.common.exceptions.TimeoutException: Message: \nStacktrace:\n\tGetHandleVerifier [0x00007FF66751CF45+75717]\n\tGetHandleVerifier [0x00007FF66751CFA0+75808]\n\t(No symbol) [0x00007FF6672E8F9A]\n\t(No symbol) [0x00007FF66733F4C6]\n\t(No symbol) [0x00007FF66733F77C]\n\t(No symbol) [0x00007FF667392577]\n\t(No symbol) [0x00007FF6673673BF]\n\t(No symbol) [0x00007FF66738F39C]\n\t(No symbol) [0x00007FF667367153]\n\t(No symbol) [0x00007FF667330421]\n\t(No symbol) [0x00007FF6673311B3]\n\tGetHandleVerifier [0x00007FF66781D71D+3223453]\n\tGetHandleVerifier [0x00007FF667817CC2+3200322]\n\tGetHandleVerifier [0x00007FF667835AF3+3322739]\n\tGetHandleVerifier [0x00007FF667536A1A+180890]\n\tGetHandleVerifier [0x00007FF66753E11F+211359]\n\tGetHandleVerifier [0x00007FF667525294+109332]\n\tGetHandleVerifier [0x00007FF667525442+109762]\n\tGetHandleVerifier [0x00007FF66750BA59+4825]\n\tBaseThreadInitThunk [0x00007FF9E11BE8D7+23]\n\tRtlUserThreadStart [0x00007FF9E31114FC+44]\n\n","statusTrace":"  File \"C:\\Automação de Testes\\neo_liberalizados-automacao\\venv\\Lib\\site-packages\\behave\\model.py\", line 1329, in run\n    match.run(runner.context)\n  File \"C:\\Automação de Testes\\neo_liberalizados-automacao\\venv\\Lib\\site-packages\\behave\\matchers.py\", line 98, in run\n    self.func(context, *args, **kwargs)\n  File \"features\\steps\\test_perfil_de_acesso_nao_logado_steps.py\", line 26, in step_acessar_aplicacao_com_login\n    step_impl(context)  # @given('que eu acesso a página de login')\n    ^^^^^^^^^^^^^^^^^^\n  File \"C:\\Automação de Testes\\neo_liberalizados-automacao\\features\\steps\\test_login_steps.py\", line 23, in step_impl\n    esperar_e_executar(context, LoginPageLocators.BOTAO_ENTRAR, context.login_page.navegar_para_pagina_de_login)\n  File \"C:\\Automação de Testes\\neo_liberalizados-automacao\\features\\environment.py\", line 198, in esperar_e_executar\n    WebDriverWait(context.driver, 20).until(EC.element_to_be_clickable(locator))\n  File \"C:\\Automação de Testes\\neo_liberalizados-automacao\\venv\\Lib\\site-packages\\selenium\\webdriver\\support\\wait.py\", line 146, in until\n    raise TimeoutException(message, screen, stacktrace)\n","steps":[{"name":"Given que o usuário não está logado","time":{"start":1747863451871,"stop":1747863455049,"duration":3178},"status":"passed","steps":[],"attachments":[],"parameters":[],"shouldDisplayMessage":false,"attachmentsCount":0,"attachmentStep":false,"stepsCount":0,"hasContent":false},{"name":"When eu tento acessar a aplicação","time":{"start":1747863455049,"stop":1747863476367,"duration":21318},"status":"broken","statusMessage":"selenium.common.exceptions.TimeoutException: Message: \nStacktrace:\n\tGetHandleVerifier [0x00007FF66751CF45+75717]\n\tGetHandleVerifier [0x00007FF66751CFA0+75808]\n\t(No symbol) [0x00007FF6672E8F9A]\n\t(No symbol) [0x00007FF66733F4C6]\n\t(No symbol) [0x00007FF66733F77C]\n\t(No symbol) [0x00007FF667392577]\n\t(No symbol) [0x00007FF6673673BF]\n\t(No symbol) [0x00007FF66738F39C]\n\t(No symbol) [0x00007FF667367153]\n\t(No symbol) [0x00007FF667330421]\n\t(No symbol) [0x00007FF6673311B3]\n\tGetHandleVerifier [0x00007FF66781D71D+3223453]\n\tGetHandleVerifier [0x00007FF667817CC2+3200322]\n\tGetHandleVerifier [0x00007FF667835AF3+3322739]\n\tGetHandleVerifier [0x00007FF667536A1A+180890]\n\tGetHandleVerifier [0x00007FF66753E11F+211359]\n\tGetHandleVerifier [0x00007FF667525294+109332]\n\tGetHandleVerifier [0x00007FF667525442+109762]\n\tGetHandleVerifier [0x00007FF66750BA59+4825]\n\tBaseThreadInitThunk [0x00007FF9E11BE8D7+23]\n\tRtlUserThreadStart [0x00007FF9E31114FC+44]\n\n","statusTrace":"  File \"C:\\Automação de Testes\\neo_liberalizados-automacao\\venv\\Lib\\site-packages\\behave\\model.py\", line 1329, in run\n    match.run(runner.context)\n  File \"C:\\Automação de Testes\\neo_liberalizados-automacao\\venv\\Lib\\site-packages\\behave\\matchers.py\", line 98, in run\n    self.func(context, *args, **kwargs)\n  File \"features\\steps\\test_perfil_de_acesso_nao_logado_steps.py\", line 26, in step_acessar_aplicacao_com_login\n    step_impl(context)  # @given('que eu acesso a página de login')\n    ^^^^^^^^^^^^^^^^^^\n  File \"C:\\Automação de Testes\\neo_liberalizados-automacao\\features\\steps\\test_login_steps.py\", line 23, in step_impl\n    esperar_e_executar(context, LoginPageLocators.BOTAO_ENTRAR, context.login_page.navegar_para_pagina_de_login)\n  File \"C:\\Automação de Testes\\neo_liberalizados-automacao\\features\\environment.py\", line 198, in esperar_e_executar\n    WebDriverWait(context.driver, 20).until(EC.element_to_be_clickable(locator))\n  File \"C:\\Automação de Testes\\neo_liberalizados-automacao\\venv\\Lib\\site-packages\\selenium\\webdriver\\support\\wait.py\", line 146, in until\n    raise TimeoutException(message, screen, stacktrace)\n","steps":[],"attachments":[],"parameters":[],"shouldDisplayMessage":true,"attachmentsCount":0,"attachmentStep":false,"stepsCount":0,"hasContent":true},{"name":"Then eu não devo visualizar nada","time":{"start":1747863476369,"stop":1747863476369,"duration":0},"status":"skipped","steps":[],"attachments":[],"parameters":[],"shouldDisplayMessage":false,"attachmentsCount":0,"attachmentStep":false,"stepsCount":0,"hasContent":false}],"attachments":[],"parameters":[],"shouldDisplayMessage":false,"attachmentsCount":0,"attachmentStep":false,"stepsCount":3,"hasContent":true},"afterStages":[],"labels":[{"name":"severity","value":"normal"},{"name":"feature","value":"Perfil de acesso não logado"},{"name":"framework","value":"behave"},{"name":"language","value":"cpython3"},{"name":"resultFormat","value":"allure2"}],"parameters":[],"links":[],"hidden":false,"retry":false,"extra":{"severity":"normal","retries":[],"categories":[{"name":"Test defects","matchedStatuses":[]}],"tags":[]},"source":"5ecf2c62d9393dd9.json","parameterValues":[]}