{"uid":"1a908b931b60a5b8","name":"Cadastro sem preenchimento de campos obrigatórios","fullName":"Tela cadastro de diretrizes curto prazo: Cadastro sem preenchimento de campos obrigatórios","historyId":"ef6b6410b3cf03bc2d6a744bb834027b","time":{"start":1747951044344,"stop":1747951045967,"duration":1623},"status":"broken","statusMessage":"selenium.common.exceptions.ElementNotInteractableException: Message: element not interactable\n  (Session info: chrome=136.0.7103.114)\nStacktrace:\n\tGetHandleVerifier [0x00007FF70F56CF45+75717]\n\tGetHandleVerifier [0x00007FF70F56CFA0+75808]\n\t(No symbol) [0x00007FF70F338DCC]\n\t(No symbol) [0x00007FF70F3909C4]\n\t(No symbol) [0x00007FF70F382394]\n\t(No symbol) [0x00007FF70F3B737A]\n\t(No symbol) [0x00007FF70F381C46]\n\t(No symbol) [0x00007FF70F3B7590]\n\t(No symbol) [0x00007FF70F3DF39C]\n\t(No symbol) [0x00007FF70F3B7153]\n\t(No symbol) [0x00007FF70F380421]\n\t(No symbol) [0x00007FF70F3811B3]\n\tGetHandleVerifier [0x00007FF70F86D71D+3223453]\n\tGetHandleVerifier [0x00007FF70F867CC2+3200322]\n\tGetHandleVerifier [0x00007FF70F885AF3+3322739]\n\tGetHandleVerifier [0x00007FF70F586A1A+180890]\n\tGetHandleVerifier [0x00007FF70F58E11F+211359]\n\tGetHandleVerifier [0x00007FF70F575294+109332]\n\tGetHandleVerifier [0x00007FF70F575442+109762]\n\tGetHandleVerifier [0x00007FF70F55BA59+4825]\n\tBaseThreadInitThunk [0x00007FF891CBE8D7+23]\n\tRtlUserThreadStart [0x00007FF892E514FC+44]\n\n","statusTrace":"  File \"C:\\Users\\mferreio\\AppData\\Local\\Programs\\Python\\Python312\\Lib\\site-packages\\behave\\model.py\", line 1329, in run\n    match.run(runner.context)\n  File \"C:\\Users\\mferreio\\AppData\\Local\\Programs\\Python\\Python312\\Lib\\site-packages\\behave\\matchers.py\", line 98, in run\n    self.func(context, *args, **kwargs)\n  File \"features\\steps\\test_aplicacao_base_steps.py\", line 114, in step_selecionar_modulo_curto_prazo\n    context.aplicacao_base_page.clicar_modulo_curto_prazo()\n  File \"C:\\Automação de Testes\\neo_liberalizados-automacao\\features\\pages\\aplicacao_base_pages.py\", line 323, in clicar_modulo_curto_prazo\n    modulo_curto_prazo.click()\n  File \"C:\\Users\\mferreio\\AppData\\Local\\Programs\\Python\\Python312\\Lib\\site-packages\\selenium\\webdriver\\remote\\webelement.py\", line 119, in click\n    self._execute(Command.CLICK_ELEMENT)\n  File \"C:\\Users\\mferreio\\AppData\\Local\\Programs\\Python\\Python312\\Lib\\site-packages\\selenium\\webdriver\\remote\\webelement.py\", line 572, in _execute\n    return self._parent.execute(command, params)\n           ^^^^^^^^^^^^^^^^^^^^^^^^^^^^^^^^^^^^^\n  File \"C:\\Users\\mferreio\\AppData\\Local\\Programs\\Python\\Python312\\Lib\\site-packages\\selenium\\webdriver\\remote\\webdriver.py\", line 429, in execute\n    self.error_handler.check_response(response)\n  File \"C:\\Users\\mferreio\\AppData\\Local\\Programs\\Python\\Python312\\Lib\\site-packages\\selenium\\webdriver\\remote\\errorhandler.py\", line 232, in check_response\n    raise exception_class(message, screen, stacktrace)\n","flaky":false,"newFailed":false,"newBroken":false,"newPassed":false,"retriesCount":0,"retriesStatusChange":false,"beforeStages":[],"testStage":{"status":"broken","statusMessage":"selenium.common.exceptions.ElementNotInteractableException: Message: element not interactable\n  (Session info: chrome=136.0.7103.114)\nStacktrace:\n\tGetHandleVerifier [0x00007FF70F56CF45+75717]\n\tGetHandleVerifier [0x00007FF70F56CFA0+75808]\n\t(No symbol) [0x00007FF70F338DCC]\n\t(No symbol) [0x00007FF70F3909C4]\n\t(No symbol) [0x00007FF70F382394]\n\t(No symbol) [0x00007FF70F3B737A]\n\t(No symbol) [0x00007FF70F381C46]\n\t(No symbol) [0x00007FF70F3B7590]\n\t(No symbol) [0x00007FF70F3DF39C]\n\t(No symbol) [0x00007FF70F3B7153]\n\t(No symbol) [0x00007FF70F380421]\n\t(No symbol) [0x00007FF70F3811B3]\n\tGetHandleVerifier [0x00007FF70F86D71D+3223453]\n\tGetHandleVerifier [0x00007FF70F867CC2+3200322]\n\tGetHandleVerifier [0x00007FF70F885AF3+3322739]\n\tGetHandleVerifier [0x00007FF70F586A1A+180890]\n\tGetHandleVerifier [0x00007FF70F58E11F+211359]\n\tGetHandleVerifier [0x00007FF70F575294+109332]\n\tGetHandleVerifier [0x00007FF70F575442+109762]\n\tGetHandleVerifier [0x00007FF70F55BA59+4825]\n\tBaseThreadInitThunk [0x00007FF891CBE8D7+23]\n\tRtlUserThreadStart [0x00007FF892E514FC+44]\n\n","statusTrace":"  File \"C:\\Users\\mferreio\\AppData\\Local\\Programs\\Python\\Python312\\Lib\\site-packages\\behave\\model.py\", line 1329, in run\n    match.run(runner.context)\n  File \"C:\\Users\\mferreio\\AppData\\Local\\Programs\\Python\\Python312\\Lib\\site-packages\\behave\\matchers.py\", line 98, in run\n    self.func(context, *args, **kwargs)\n  File \"features\\steps\\test_aplicacao_base_steps.py\", line 114, in step_selecionar_modulo_curto_prazo\n    context.aplicacao_base_page.clicar_modulo_curto_prazo()\n  File \"C:\\Automação de Testes\\neo_liberalizados-automacao\\features\\pages\\aplicacao_base_pages.py\", line 323, in clicar_modulo_curto_prazo\n    modulo_curto_prazo.click()\n  File \"C:\\Users\\mferreio\\AppData\\Local\\Programs\\Python\\Python312\\Lib\\site-packages\\selenium\\webdriver\\remote\\webelement.py\", line 119, in click\n    self._execute(Command.CLICK_ELEMENT)\n  File \"C:\\Users\\mferreio\\AppData\\Local\\Programs\\Python\\Python312\\Lib\\site-packages\\selenium\\webdriver\\remote\\webelement.py\", line 572, in _execute\n    return self._parent.execute(command, params)\n           ^^^^^^^^^^^^^^^^^^^^^^^^^^^^^^^^^^^^^\n  File \"C:\\Users\\mferreio\\AppData\\Local\\Programs\\Python\\Python312\\Lib\\site-packages\\selenium\\webdriver\\remote\\webdriver.py\", line 429, in execute\n    self.error_handler.check_response(response)\n  File \"C:\\Users\\mferreio\\AppData\\Local\\Programs\\Python\\Python312\\Lib\\site-packages\\selenium\\webdriver\\remote\\errorhandler.py\", line 232, in check_response\n    raise exception_class(message, screen, stacktrace)\n","steps":[{"name":"Given que o usuário está logado no sistema","time":{"start":1747951044346,"stop":1747951044496,"duration":150},"status":"passed","steps":[],"attachments":[],"parameters":[],"hasContent":false,"attachmentStep":false,"stepsCount":0,"shouldDisplayMessage":false,"attachmentsCount":0},{"name":"When o usuário seleciona o módulo \"Produtos\"","time":{"start":1747951044496,"stop":1747951045764,"duration":1268},"status":"passed","steps":[],"attachments":[],"parameters":[],"hasContent":false,"attachmentStep":false,"stepsCount":0,"shouldDisplayMessage":false,"attachmentsCount":0},{"name":"When o usuário seleciona o módulo \"Curto Prazo\"","time":{"start":1747951045764,"stop":1747951045966,"duration":202},"status":"broken","statusMessage":"selenium.common.exceptions.ElementNotInteractableException: Message: element not interactable\n  (Session info: chrome=136.0.7103.114)\nStacktrace:\n\tGetHandleVerifier [0x00007FF70F56CF45+75717]\n\tGetHandleVerifier [0x00007FF70F56CFA0+75808]\n\t(No symbol) [0x00007FF70F338DCC]\n\t(No symbol) [0x00007FF70F3909C4]\n\t(No symbol) [0x00007FF70F382394]\n\t(No symbol) [0x00007FF70F3B737A]\n\t(No symbol) [0x00007FF70F381C46]\n\t(No symbol) [0x00007FF70F3B7590]\n\t(No symbol) [0x00007FF70F3DF39C]\n\t(No symbol) [0x00007FF70F3B7153]\n\t(No symbol) [0x00007FF70F380421]\n\t(No symbol) [0x00007FF70F3811B3]\n\tGetHandleVerifier [0x00007FF70F86D71D+3223453]\n\tGetHandleVerifier [0x00007FF70F867CC2+3200322]\n\tGetHandleVerifier [0x00007FF70F885AF3+3322739]\n\tGetHandleVerifier [0x00007FF70F586A1A+180890]\n\tGetHandleVerifier [0x00007FF70F58E11F+211359]\n\tGetHandleVerifier [0x00007FF70F575294+109332]\n\tGetHandleVerifier [0x00007FF70F575442+109762]\n\tGetHandleVerifier [0x00007FF70F55BA59+4825]\n\tBaseThreadInitThunk [0x00007FF891CBE8D7+23]\n\tRtlUserThreadStart [0x00007FF892E514FC+44]\n\n","statusTrace":"  File \"C:\\Users\\mferreio\\AppData\\Local\\Programs\\Python\\Python312\\Lib\\site-packages\\behave\\model.py\", line 1329, in run\n    match.run(runner.context)\n  File \"C:\\Users\\mferreio\\AppData\\Local\\Programs\\Python\\Python312\\Lib\\site-packages\\behave\\matchers.py\", line 98, in run\n    self.func(context, *args, **kwargs)\n  File \"features\\steps\\test_aplicacao_base_steps.py\", line 114, in step_selecionar_modulo_curto_prazo\n    context.aplicacao_base_page.clicar_modulo_curto_prazo()\n  File \"C:\\Automação de Testes\\neo_liberalizados-automacao\\features\\pages\\aplicacao_base_pages.py\", line 323, in clicar_modulo_curto_prazo\n    modulo_curto_prazo.click()\n  File \"C:\\Users\\mferreio\\AppData\\Local\\Programs\\Python\\Python312\\Lib\\site-packages\\selenium\\webdriver\\remote\\webelement.py\", line 119, in click\n    self._execute(Command.CLICK_ELEMENT)\n  File \"C:\\Users\\mferreio\\AppData\\Local\\Programs\\Python\\Python312\\Lib\\site-packages\\selenium\\webdriver\\remote\\webelement.py\", line 572, in _execute\n    return self._parent.execute(command, params)\n           ^^^^^^^^^^^^^^^^^^^^^^^^^^^^^^^^^^^^^\n  File \"C:\\Users\\mferreio\\AppData\\Local\\Programs\\Python\\Python312\\Lib\\site-packages\\selenium\\webdriver\\remote\\webdriver.py\", line 429, in execute\n    self.error_handler.check_response(response)\n  File \"C:\\Users\\mferreio\\AppData\\Local\\Programs\\Python\\Python312\\Lib\\site-packages\\selenium\\webdriver\\remote\\errorhandler.py\", line 232, in check_response\n    raise exception_class(message, screen, stacktrace)\n","steps":[],"attachments":[],"parameters":[],"hasContent":true,"attachmentStep":false,"stepsCount":0,"shouldDisplayMessage":true,"attachmentsCount":0},{"name":"When Usuário clica em novo produto","time":{"start":1747951045967,"stop":1747951045967,"duration":0},"status":"skipped","steps":[],"attachments":[],"parameters":[],"hasContent":false,"attachmentStep":false,"stepsCount":0,"shouldDisplayMessage":false,"attachmentsCount":0},{"name":"When o usuário é direcionado para a tela de cadastros","time":{"start":1747951045967,"stop":1747951045967,"duration":0},"status":"skipped","steps":[],"attachments":[],"parameters":[],"hasContent":false,"attachmentStep":false,"stepsCount":0,"shouldDisplayMessage":false,"attachmentsCount":0},{"name":"When Usuário não preenche os campos obrigatórios","time":{"start":1747951045967,"stop":1747951045967,"duration":0},"status":"broken","statusMessage":"\nYou can implement step definitions for undefined steps with these snippets:\n\n@when(u'Usuário não preenche os campos obrigatórios')\ndef step_impl(context):\n    raise NotImplementedError(u'STEP: When Usuário não preenche os campos obrigatórios')\n\n","steps":[],"attachments":[],"parameters":[],"hasContent":true,"attachmentStep":false,"stepsCount":0,"shouldDisplayMessage":true,"attachmentsCount":0},{"name":"When Usuário clica em cadastrar produto","time":{"start":1747951045967,"stop":1747951045967,"duration":0},"status":"skipped","steps":[],"attachments":[],"parameters":[],"hasContent":false,"attachmentStep":false,"stepsCount":0,"shouldDisplayMessage":false,"attachmentsCount":0},{"name":"Then eu devo conseguir criar dados","time":{"start":1747951045967,"stop":1747951045967,"duration":0},"status":"broken","statusMessage":"\nYou can implement step definitions for undefined steps with these snippets:\n\n@then(u'eu devo conseguir criar dados')\ndef step_impl(context):\n    raise NotImplementedError(u'STEP: Then eu devo conseguir criar dados')\n\n","steps":[],"attachments":[],"parameters":[],"hasContent":true,"attachmentStep":false,"stepsCount":0,"shouldDisplayMessage":true,"attachmentsCount":0}],"attachments":[],"parameters":[],"hasContent":true,"attachmentStep":false,"stepsCount":8,"shouldDisplayMessage":false,"attachmentsCount":0},"afterStages":[],"labels":[{"name":"severity","value":"normal"},{"name":"feature","value":"Tela cadastro de diretrizes curto prazo"},{"name":"framework","value":"behave"},{"name":"language","value":"cpython3"},{"name":"resultFormat","value":"allure2"}],"parameters":[],"links":[],"hidden":false,"retry":false,"extra":{"severity":"normal","retries":[],"categories":[{"name":"Test defects","matchedStatuses":[]}],"tags":[]},"source":"1a908b931b60a5b8.json","parameterValues":[]}