{"uid":"9958c6a1ad30def8","name":"Visualização de produtos cadastrados para diretrizes de curto prazo","fullName":"Tela de Produtos: Visualização de produtos cadastrados para diretrizes de curto prazo","historyId":"0c12aee4df422ac321ffd00d569bfba6","time":{"start":1747950694063,"stop":1747950697145,"duration":3082},"status":"broken","statusMessage":"selenium.common.exceptions.NoSuchElementException: Message: no such element: Unable to locate element: {\"method\":\"xpath\",\"selector\":\".//td[span[@class='p-column-title'][text()='Submercado']]\"}\n  (Session info: chrome=136.0.7103.114); For documentation on this error, please visit: https://www.selenium.dev/documentation/webdriver/troubleshooting/errors#no-such-element-exception\nStacktrace:\n\tGetHandleVerifier [0x00007FF70F56CF45+75717]\n\tGetHandleVerifier [0x00007FF70F56CFA0+75808]\n\t(No symbol) [0x00007FF70F338F9A]\n\t(No symbol) [0x00007FF70F38F4C6]\n\t(No symbol) [0x00007FF70F38F77C]\n\t(No symbol) [0x00007FF70F381D7C]\n\t(No symbol) [0x00007FF70F3B73BF]\n\t(No symbol) [0x00007FF70F381C46]\n\t(No symbol) [0x00007FF70F3B7590]\n\t(No symbol) [0x00007FF70F3DF39C]\n\t(No symbol) [0x00007FF70F3B7153]\n\t(No symbol) [0x00007FF70F380421]\n\t(No symbol) [0x00007FF70F3811B3]\n\tGetHandleVerifier [0x00007FF70F86D71D+3223453]\n\tGetHandleVerifier [0x00007FF70F867CC2+3200322]\n\tGetHandleVerifier [0x00007FF70F885AF3+3322739]\n\tGetHandleVerifier [0x00007FF70F586A1A+180890]\n\tGetHandleVerifier [0x00007FF70F58E11F+211359]\n\tGetHandleVerifier [0x00007FF70F575294+109332]\n\tGetHandleVerifier [0x00007FF70F575442+109762]\n\tGetHandleVerifier [0x00007FF70F55BA59+4825]\n\tBaseThreadInitThunk [0x00007FF891CBE8D7+23]\n\tRtlUserThreadStart [0x00007FF892E514FC+44]\n\n","statusTrace":"  File \"C:\\Users\\mferreio\\AppData\\Local\\Programs\\Python\\Python312\\Lib\\site-packages\\behave\\model.py\", line 1329, in run\n    match.run(runner.context)\n  File \"C:\\Users\\mferreio\\AppData\\Local\\Programs\\Python\\Python312\\Lib\\site-packages\\behave\\matchers.py\", line 98, in run\n    self.func(context, *args, **kwargs)\n  File \"features\\steps\\test_tela_de_produtos_steps.py\", line 105, in step_exibir_produtos\n    produtos = context.tela_de_produtos_page.obter_dados_produtos()\n               ^^^^^^^^^^^^^^^^^^^^^^^^^^^^^^^^^^^^^^^^^^^^^^^^^^^^\n  File \"C:\\Automação de Testes\\neo_liberalizados-automacao\\features\\pages\\tela_deprodutos_pages.py\", line 272, in obter_dados_produtos\n    submercado = linha.find_element(\n                 ^^^^^^^^^^^^^^^^^^^\n  File \"C:\\Users\\mferreio\\AppData\\Local\\Programs\\Python\\Python312\\Lib\\site-packages\\selenium\\webdriver\\remote\\webelement.py\", line 601, in find_element\n    return self._execute(Command.FIND_CHILD_ELEMENT, {\"using\": by, \"value\": value})[\"value\"]\n           ^^^^^^^^^^^^^^^^^^^^^^^^^^^^^^^^^^^^^^^^^^^^^^^^^^^^^^^^^^^^^^^^^^^^^^^^\n  File \"C:\\Users\\mferreio\\AppData\\Local\\Programs\\Python\\Python312\\Lib\\site-packages\\selenium\\webdriver\\remote\\webelement.py\", line 572, in _execute\n    return self._parent.execute(command, params)\n           ^^^^^^^^^^^^^^^^^^^^^^^^^^^^^^^^^^^^^\n  File \"C:\\Users\\mferreio\\AppData\\Local\\Programs\\Python\\Python312\\Lib\\site-packages\\selenium\\webdriver\\remote\\webdriver.py\", line 429, in execute\n    self.error_handler.check_response(response)\n  File \"C:\\Users\\mferreio\\AppData\\Local\\Programs\\Python\\Python312\\Lib\\site-packages\\selenium\\webdriver\\remote\\errorhandler.py\", line 232, in check_response\n    raise exception_class(message, screen, stacktrace)\n","flaky":false,"newFailed":false,"newBroken":false,"newPassed":false,"retriesCount":0,"retriesStatusChange":false,"beforeStages":[],"testStage":{"status":"broken","statusMessage":"selenium.common.exceptions.NoSuchElementException: Message: no such element: Unable to locate element: {\"method\":\"xpath\",\"selector\":\".//td[span[@class='p-column-title'][text()='Submercado']]\"}\n  (Session info: chrome=136.0.7103.114); For documentation on this error, please visit: https://www.selenium.dev/documentation/webdriver/troubleshooting/errors#no-such-element-exception\nStacktrace:\n\tGetHandleVerifier [0x00007FF70F56CF45+75717]\n\tGetHandleVerifier [0x00007FF70F56CFA0+75808]\n\t(No symbol) [0x00007FF70F338F9A]\n\t(No symbol) [0x00007FF70F38F4C6]\n\t(No symbol) [0x00007FF70F38F77C]\n\t(No symbol) [0x00007FF70F381D7C]\n\t(No symbol) [0x00007FF70F3B73BF]\n\t(No symbol) [0x00007FF70F381C46]\n\t(No symbol) [0x00007FF70F3B7590]\n\t(No symbol) [0x00007FF70F3DF39C]\n\t(No symbol) [0x00007FF70F3B7153]\n\t(No symbol) [0x00007FF70F380421]\n\t(No symbol) [0x00007FF70F3811B3]\n\tGetHandleVerifier [0x00007FF70F86D71D+3223453]\n\tGetHandleVerifier [0x00007FF70F867CC2+3200322]\n\tGetHandleVerifier [0x00007FF70F885AF3+3322739]\n\tGetHandleVerifier [0x00007FF70F586A1A+180890]\n\tGetHandleVerifier [0x00007FF70F58E11F+211359]\n\tGetHandleVerifier [0x00007FF70F575294+109332]\n\tGetHandleVerifier [0x00007FF70F575442+109762]\n\tGetHandleVerifier [0x00007FF70F55BA59+4825]\n\tBaseThreadInitThunk [0x00007FF891CBE8D7+23]\n\tRtlUserThreadStart [0x00007FF892E514FC+44]\n\n","statusTrace":"  File \"C:\\Users\\mferreio\\AppData\\Local\\Programs\\Python\\Python312\\Lib\\site-packages\\behave\\model.py\", line 1329, in run\n    match.run(runner.context)\n  File \"C:\\Users\\mferreio\\AppData\\Local\\Programs\\Python\\Python312\\Lib\\site-packages\\behave\\matchers.py\", line 98, in run\n    self.func(context, *args, **kwargs)\n  File \"features\\steps\\test_tela_de_produtos_steps.py\", line 105, in step_exibir_produtos\n    produtos = context.tela_de_produtos_page.obter_dados_produtos()\n               ^^^^^^^^^^^^^^^^^^^^^^^^^^^^^^^^^^^^^^^^^^^^^^^^^^^^\n  File \"C:\\Automação de Testes\\neo_liberalizados-automacao\\features\\pages\\tela_deprodutos_pages.py\", line 272, in obter_dados_produtos\n    submercado = linha.find_element(\n                 ^^^^^^^^^^^^^^^^^^^\n  File \"C:\\Users\\mferreio\\AppData\\Local\\Programs\\Python\\Python312\\Lib\\site-packages\\selenium\\webdriver\\remote\\webelement.py\", line 601, in find_element\n    return self._execute(Command.FIND_CHILD_ELEMENT, {\"using\": by, \"value\": value})[\"value\"]\n           ^^^^^^^^^^^^^^^^^^^^^^^^^^^^^^^^^^^^^^^^^^^^^^^^^^^^^^^^^^^^^^^^^^^^^^^^\n  File \"C:\\Users\\mferreio\\AppData\\Local\\Programs\\Python\\Python312\\Lib\\site-packages\\selenium\\webdriver\\remote\\webelement.py\", line 572, in _execute\n    return self._parent.execute(command, params)\n           ^^^^^^^^^^^^^^^^^^^^^^^^^^^^^^^^^^^^^\n  File \"C:\\Users\\mferreio\\AppData\\Local\\Programs\\Python\\Python312\\Lib\\site-packages\\selenium\\webdriver\\remote\\webdriver.py\", line 429, in execute\n    self.error_handler.check_response(response)\n  File \"C:\\Users\\mferreio\\AppData\\Local\\Programs\\Python\\Python312\\Lib\\site-packages\\selenium\\webdriver\\remote\\errorhandler.py\", line 232, in check_response\n    raise exception_class(message, screen, stacktrace)\n","steps":[{"name":"Given que o usuário está logado no sistema","time":{"start":1747950694064,"stop":1747950694197,"duration":133},"status":"passed","steps":[],"attachments":[],"parameters":[],"hasContent":false,"attachmentStep":false,"stepsCount":0,"shouldDisplayMessage":false,"attachmentsCount":0},{"name":"When o usuário seleciona o módulo \"Produtos\"","time":{"start":1747950694197,"stop":1747950695449,"duration":1252},"status":"passed","steps":[],"attachments":[],"parameters":[],"hasContent":false,"attachmentStep":false,"stepsCount":0,"shouldDisplayMessage":false,"attachmentsCount":0},{"name":"When o usuário seleciona o módulo \"Curto Prazo\"","time":{"start":1747950695449,"stop":1747950696364,"duration":915},"status":"passed","steps":[],"attachments":[],"parameters":[],"hasContent":false,"attachmentStep":false,"stepsCount":0,"shouldDisplayMessage":false,"attachmentsCount":0},{"name":"Then exibe os produtos com perfil, submercado e tipo de diretriz","time":{"start":1747950696364,"stop":1747950697145,"duration":781},"status":"broken","statusMessage":"selenium.common.exceptions.NoSuchElementException: Message: no such element: Unable to locate element: {\"method\":\"xpath\",\"selector\":\".//td[span[@class='p-column-title'][text()='Submercado']]\"}\n  (Session info: chrome=136.0.7103.114); For documentation on this error, please visit: https://www.selenium.dev/documentation/webdriver/troubleshooting/errors#no-such-element-exception\nStacktrace:\n\tGetHandleVerifier [0x00007FF70F56CF45+75717]\n\tGetHandleVerifier [0x00007FF70F56CFA0+75808]\n\t(No symbol) [0x00007FF70F338F9A]\n\t(No symbol) [0x00007FF70F38F4C6]\n\t(No symbol) [0x00007FF70F38F77C]\n\t(No symbol) [0x00007FF70F381D7C]\n\t(No symbol) [0x00007FF70F3B73BF]\n\t(No symbol) [0x00007FF70F381C46]\n\t(No symbol) [0x00007FF70F3B7590]\n\t(No symbol) [0x00007FF70F3DF39C]\n\t(No symbol) [0x00007FF70F3B7153]\n\t(No symbol) [0x00007FF70F380421]\n\t(No symbol) [0x00007FF70F3811B3]\n\tGetHandleVerifier [0x00007FF70F86D71D+3223453]\n\tGetHandleVerifier [0x00007FF70F867CC2+3200322]\n\tGetHandleVerifier [0x00007FF70F885AF3+3322739]\n\tGetHandleVerifier [0x00007FF70F586A1A+180890]\n\tGetHandleVerifier [0x00007FF70F58E11F+211359]\n\tGetHandleVerifier [0x00007FF70F575294+109332]\n\tGetHandleVerifier [0x00007FF70F575442+109762]\n\tGetHandleVerifier [0x00007FF70F55BA59+4825]\n\tBaseThreadInitThunk [0x00007FF891CBE8D7+23]\n\tRtlUserThreadStart [0x00007FF892E514FC+44]\n\n","statusTrace":"  File \"C:\\Users\\mferreio\\AppData\\Local\\Programs\\Python\\Python312\\Lib\\site-packages\\behave\\model.py\", line 1329, in run\n    match.run(runner.context)\n  File \"C:\\Users\\mferreio\\AppData\\Local\\Programs\\Python\\Python312\\Lib\\site-packages\\behave\\matchers.py\", line 98, in run\n    self.func(context, *args, **kwargs)\n  File \"features\\steps\\test_tela_de_produtos_steps.py\", line 105, in step_exibir_produtos\n    produtos = context.tela_de_produtos_page.obter_dados_produtos()\n               ^^^^^^^^^^^^^^^^^^^^^^^^^^^^^^^^^^^^^^^^^^^^^^^^^^^^\n  File \"C:\\Automação de Testes\\neo_liberalizados-automacao\\features\\pages\\tela_deprodutos_pages.py\", line 272, in obter_dados_produtos\n    submercado = linha.find_element(\n                 ^^^^^^^^^^^^^^^^^^^\n  File \"C:\\Users\\mferreio\\AppData\\Local\\Programs\\Python\\Python312\\Lib\\site-packages\\selenium\\webdriver\\remote\\webelement.py\", line 601, in find_element\n    return self._execute(Command.FIND_CHILD_ELEMENT, {\"using\": by, \"value\": value})[\"value\"]\n           ^^^^^^^^^^^^^^^^^^^^^^^^^^^^^^^^^^^^^^^^^^^^^^^^^^^^^^^^^^^^^^^^^^^^^^^^\n  File \"C:\\Users\\mferreio\\AppData\\Local\\Programs\\Python\\Python312\\Lib\\site-packages\\selenium\\webdriver\\remote\\webelement.py\", line 572, in _execute\n    return self._parent.execute(command, params)\n           ^^^^^^^^^^^^^^^^^^^^^^^^^^^^^^^^^^^^^\n  File \"C:\\Users\\mferreio\\AppData\\Local\\Programs\\Python\\Python312\\Lib\\site-packages\\selenium\\webdriver\\remote\\webdriver.py\", line 429, in execute\n    self.error_handler.check_response(response)\n  File \"C:\\Users\\mferreio\\AppData\\Local\\Programs\\Python\\Python312\\Lib\\site-packages\\selenium\\webdriver\\remote\\errorhandler.py\", line 232, in check_response\n    raise exception_class(message, screen, stacktrace)\n","steps":[],"attachments":[],"parameters":[],"hasContent":true,"attachmentStep":false,"stepsCount":0,"shouldDisplayMessage":true,"attachmentsCount":0}],"attachments":[],"parameters":[],"hasContent":true,"attachmentStep":false,"stepsCount":4,"shouldDisplayMessage":false,"attachmentsCount":0},"afterStages":[],"labels":[{"name":"severity","value":"normal"},{"name":"feature","value":"Tela de Produtos"},{"name":"framework","value":"behave"},{"name":"language","value":"cpython3"},{"name":"resultFormat","value":"allure2"}],"parameters":[],"links":[],"hidden":false,"retry":false,"extra":{"severity":"normal","retries":[],"categories":[{"name":"Test defects","matchedStatuses":[]}],"tags":[]},"source":"9958c6a1ad30def8.json","parameterValues":[]}