{"uid":"9ff0edc098b4db6b","name":"Cadastro de produto com sucesso","fullName":"Tela cadastro de produtos diaria/semanal: Cadastro de produto com sucesso","historyId":"486272a1b499038f51f931c1b5dfd6a7","time":{"start":1747950950113,"stop":1747950965742,"duration":15629},"status":"broken","statusMessage":"selenium.common.exceptions.NoSuchElementException: Message: no such element: Unable to locate element: {\"method\":\"xpath\",\"selector\":\"//span[@id='mes' and @role='combobox' and @class='p-element p-dropdown-label p-inputtext p-placeholder ng-star-inserted']\"}\n  (Session info: chrome=136.0.7103.114); For documentation on this error, please visit: https://www.selenium.dev/documentation/webdriver/troubleshooting/errors#no-such-element-exception\nStacktrace:\n\tGetHandleVerifier [0x00007FF70F56CF45+75717]\n\tGetHandleVerifier [0x00007FF70F56CFA0+75808]\n\t(No symbol) [0x00007FF70F338F9A]\n\t(No symbol) [0x00007FF70F38F4C6]\n\t(No symbol) [0x00007FF70F38F77C]\n\t(No symbol) [0x00007FF70F3E2577]\n\t(No symbol) [0x00007FF70F3B73BF]\n\t(No symbol) [0x00007FF70F3DF39C]\n\t(No symbol) [0x00007FF70F3B7153]\n\t(No symbol) [0x00007FF70F380421]\n\t(No symbol) [0x00007FF70F3811B3]\n\tGetHandleVerifier [0x00007FF70F86D71D+3223453]\n\tGetHandleVerifier [0x00007FF70F867CC2+3200322]\n\tGetHandleVerifier [0x00007FF70F885AF3+3322739]\n\tGetHandleVerifier [0x00007FF70F586A1A+180890]\n\tGetHandleVerifier [0x00007FF70F58E11F+211359]\n\tGetHandleVerifier [0x00007FF70F575294+109332]\n\tGetHandleVerifier [0x00007FF70F575442+109762]\n\tGetHandleVerifier [0x00007FF70F55BA59+4825]\n\tBaseThreadInitThunk [0x00007FF891CBE8D7+23]\n\tRtlUserThreadStart [0x00007FF892E514FC+44]\n\n","statusTrace":"  File \"C:\\Users\\mferreio\\AppData\\Local\\Programs\\Python\\Python312\\Lib\\site-packages\\behave\\model.py\", line 1329, in run\n    match.run(runner.context)\n  File \"C:\\Users\\mferreio\\AppData\\Local\\Programs\\Python\\Python312\\Lib\\site-packages\\behave\\matchers.py\", line 98, in run\n    self.func(context, *args, **kwargs)\n  File \"features\\steps\\test_perfil_de_acesso_portfolio_trading_steps.py\", line 153, in step_preencher_campos_obrigatorios\n    context.perfil_de_acesso_page.preencher_campos_obrigatorios()\n  File \"C:\\Automação de Testes\\neo_liberalizados-automacao\\features\\pages\\perfil_de_acesso_portfolio_trading_pages.py\", line 530, in preencher_campos_obrigatorios\n    self._interagir_com_elemento(\n  File \"C:\\Automação de Testes\\neo_liberalizados-automacao\\features\\pages\\perfil_de_acesso_portfolio_trading_pages.py\", line 600, in _interagir_com_elemento\n    elemento = self.driver.find_element(*locator)\n               ^^^^^^^^^^^^^^^^^^^^^^^^^^^^^^^^^^\n  File \"C:\\Users\\mferreio\\AppData\\Local\\Programs\\Python\\Python312\\Lib\\site-packages\\selenium\\webdriver\\remote\\webdriver.py\", line 898, in find_element\n    return self.execute(Command.FIND_ELEMENT, {\"using\": by, \"value\": value})[\"value\"]\n           ^^^^^^^^^^^^^^^^^^^^^^^^^^^^^^^^^^^^^^^^^^^^^^^^^^^^^^^^^^^^^^^^^\n  File \"C:\\Users\\mferreio\\AppData\\Local\\Programs\\Python\\Python312\\Lib\\site-packages\\selenium\\webdriver\\remote\\webdriver.py\", line 429, in execute\n    self.error_handler.check_response(response)\n  File \"C:\\Users\\mferreio\\AppData\\Local\\Programs\\Python\\Python312\\Lib\\site-packages\\selenium\\webdriver\\remote\\errorhandler.py\", line 232, in check_response\n    raise exception_class(message, screen, stacktrace)\n","flaky":false,"newFailed":false,"newBroken":false,"newPassed":false,"retriesCount":0,"retriesStatusChange":false,"beforeStages":[],"testStage":{"status":"broken","statusMessage":"selenium.common.exceptions.NoSuchElementException: Message: no such element: Unable to locate element: {\"method\":\"xpath\",\"selector\":\"//span[@id='mes' and @role='combobox' and @class='p-element p-dropdown-label p-inputtext p-placeholder ng-star-inserted']\"}\n  (Session info: chrome=136.0.7103.114); For documentation on this error, please visit: https://www.selenium.dev/documentation/webdriver/troubleshooting/errors#no-such-element-exception\nStacktrace:\n\tGetHandleVerifier [0x00007FF70F56CF45+75717]\n\tGetHandleVerifier [0x00007FF70F56CFA0+75808]\n\t(No symbol) [0x00007FF70F338F9A]\n\t(No symbol) [0x00007FF70F38F4C6]\n\t(No symbol) [0x00007FF70F38F77C]\n\t(No symbol) [0x00007FF70F3E2577]\n\t(No symbol) [0x00007FF70F3B73BF]\n\t(No symbol) [0x00007FF70F3DF39C]\n\t(No symbol) [0x00007FF70F3B7153]\n\t(No symbol) [0x00007FF70F380421]\n\t(No symbol) [0x00007FF70F3811B3]\n\tGetHandleVerifier [0x00007FF70F86D71D+3223453]\n\tGetHandleVerifier [0x00007FF70F867CC2+3200322]\n\tGetHandleVerifier [0x00007FF70F885AF3+3322739]\n\tGetHandleVerifier [0x00007FF70F586A1A+180890]\n\tGetHandleVerifier [0x00007FF70F58E11F+211359]\n\tGetHandleVerifier [0x00007FF70F575294+109332]\n\tGetHandleVerifier [0x00007FF70F575442+109762]\n\tGetHandleVerifier [0x00007FF70F55BA59+4825]\n\tBaseThreadInitThunk [0x00007FF891CBE8D7+23]\n\tRtlUserThreadStart [0x00007FF892E514FC+44]\n\n","statusTrace":"  File \"C:\\Users\\mferreio\\AppData\\Local\\Programs\\Python\\Python312\\Lib\\site-packages\\behave\\model.py\", line 1329, in run\n    match.run(runner.context)\n  File \"C:\\Users\\mferreio\\AppData\\Local\\Programs\\Python\\Python312\\Lib\\site-packages\\behave\\matchers.py\", line 98, in run\n    self.func(context, *args, **kwargs)\n  File \"features\\steps\\test_perfil_de_acesso_portfolio_trading_steps.py\", line 153, in step_preencher_campos_obrigatorios\n    context.perfil_de_acesso_page.preencher_campos_obrigatorios()\n  File \"C:\\Automação de Testes\\neo_liberalizados-automacao\\features\\pages\\perfil_de_acesso_portfolio_trading_pages.py\", line 530, in preencher_campos_obrigatorios\n    self._interagir_com_elemento(\n  File \"C:\\Automação de Testes\\neo_liberalizados-automacao\\features\\pages\\perfil_de_acesso_portfolio_trading_pages.py\", line 600, in _interagir_com_elemento\n    elemento = self.driver.find_element(*locator)\n               ^^^^^^^^^^^^^^^^^^^^^^^^^^^^^^^^^^\n  File \"C:\\Users\\mferreio\\AppData\\Local\\Programs\\Python\\Python312\\Lib\\site-packages\\selenium\\webdriver\\remote\\webdriver.py\", line 898, in find_element\n    return self.execute(Command.FIND_ELEMENT, {\"using\": by, \"value\": value})[\"value\"]\n           ^^^^^^^^^^^^^^^^^^^^^^^^^^^^^^^^^^^^^^^^^^^^^^^^^^^^^^^^^^^^^^^^^\n  File \"C:\\Users\\mferreio\\AppData\\Local\\Programs\\Python\\Python312\\Lib\\site-packages\\selenium\\webdriver\\remote\\webdriver.py\", line 429, in execute\n    self.error_handler.check_response(response)\n  File \"C:\\Users\\mferreio\\AppData\\Local\\Programs\\Python\\Python312\\Lib\\site-packages\\selenium\\webdriver\\remote\\errorhandler.py\", line 232, in check_response\n    raise exception_class(message, screen, stacktrace)\n","steps":[{"name":"Given que o usuário está logado no sistema","time":{"start":1747950950114,"stop":1747950950373,"duration":259},"status":"passed","steps":[],"attachments":[],"parameters":[],"hasContent":false,"attachmentStep":false,"stepsCount":0,"shouldDisplayMessage":false,"attachmentsCount":0},{"name":"When o usuário seleciona o módulo \"Produtos\"","time":{"start":1747950950373,"stop":1747950951647,"duration":1274},"status":"passed","steps":[],"attachments":[],"parameters":[],"hasContent":false,"attachmentStep":false,"stepsCount":0,"shouldDisplayMessage":false,"attachmentsCount":0},{"name":"When o usuário seleciona o módulo \"Semanal Diario\"","time":{"start":1747950951647,"stop":1747950953079,"duration":1432},"status":"passed","steps":[],"attachments":[],"parameters":[],"hasContent":false,"attachmentStep":false,"stepsCount":0,"shouldDisplayMessage":false,"attachmentsCount":0},{"name":"When Usuário clica em novo produto","time":{"start":1747950953079,"stop":1747950955367,"duration":2288},"status":"passed","steps":[],"attachments":[],"parameters":[],"hasContent":false,"attachmentStep":false,"stepsCount":0,"shouldDisplayMessage":false,"attachmentsCount":0},{"name":"When o usuário é direcionado para a tela de cadastros","time":{"start":1747950955367,"stop":1747950955520,"duration":153},"status":"passed","steps":[],"attachments":[],"parameters":[],"hasContent":false,"attachmentStep":false,"stepsCount":0,"shouldDisplayMessage":false,"attachmentsCount":0},{"name":"When Usuário preenche os campos obrigatórios","time":{"start":1747950955520,"stop":1747950965740,"duration":10220},"status":"broken","statusMessage":"selenium.common.exceptions.NoSuchElementException: Message: no such element: Unable to locate element: {\"method\":\"xpath\",\"selector\":\"//span[@id='mes' and @role='combobox' and @class='p-element p-dropdown-label p-inputtext p-placeholder ng-star-inserted']\"}\n  (Session info: chrome=136.0.7103.114); For documentation on this error, please visit: https://www.selenium.dev/documentation/webdriver/troubleshooting/errors#no-such-element-exception\nStacktrace:\n\tGetHandleVerifier [0x00007FF70F56CF45+75717]\n\tGetHandleVerifier [0x00007FF70F56CFA0+75808]\n\t(No symbol) [0x00007FF70F338F9A]\n\t(No symbol) [0x00007FF70F38F4C6]\n\t(No symbol) [0x00007FF70F38F77C]\n\t(No symbol) [0x00007FF70F3E2577]\n\t(No symbol) [0x00007FF70F3B73BF]\n\t(No symbol) [0x00007FF70F3DF39C]\n\t(No symbol) [0x00007FF70F3B7153]\n\t(No symbol) [0x00007FF70F380421]\n\t(No symbol) [0x00007FF70F3811B3]\n\tGetHandleVerifier [0x00007FF70F86D71D+3223453]\n\tGetHandleVerifier [0x00007FF70F867CC2+3200322]\n\tGetHandleVerifier [0x00007FF70F885AF3+3322739]\n\tGetHandleVerifier [0x00007FF70F586A1A+180890]\n\tGetHandleVerifier [0x00007FF70F58E11F+211359]\n\tGetHandleVerifier [0x00007FF70F575294+109332]\n\tGetHandleVerifier [0x00007FF70F575442+109762]\n\tGetHandleVerifier [0x00007FF70F55BA59+4825]\n\tBaseThreadInitThunk [0x00007FF891CBE8D7+23]\n\tRtlUserThreadStart [0x00007FF892E514FC+44]\n\n","statusTrace":"  File \"C:\\Users\\mferreio\\AppData\\Local\\Programs\\Python\\Python312\\Lib\\site-packages\\behave\\model.py\", line 1329, in run\n    match.run(runner.context)\n  File \"C:\\Users\\mferreio\\AppData\\Local\\Programs\\Python\\Python312\\Lib\\site-packages\\behave\\matchers.py\", line 98, in run\n    self.func(context, *args, **kwargs)\n  File \"features\\steps\\test_perfil_de_acesso_portfolio_trading_steps.py\", line 153, in step_preencher_campos_obrigatorios\n    context.perfil_de_acesso_page.preencher_campos_obrigatorios()\n  File \"C:\\Automação de Testes\\neo_liberalizados-automacao\\features\\pages\\perfil_de_acesso_portfolio_trading_pages.py\", line 530, in preencher_campos_obrigatorios\n    self._interagir_com_elemento(\n  File \"C:\\Automação de Testes\\neo_liberalizados-automacao\\features\\pages\\perfil_de_acesso_portfolio_trading_pages.py\", line 600, in _interagir_com_elemento\n    elemento = self.driver.find_element(*locator)\n               ^^^^^^^^^^^^^^^^^^^^^^^^^^^^^^^^^^\n  File \"C:\\Users\\mferreio\\AppData\\Local\\Programs\\Python\\Python312\\Lib\\site-packages\\selenium\\webdriver\\remote\\webdriver.py\", line 898, in find_element\n    return self.execute(Command.FIND_ELEMENT, {\"using\": by, \"value\": value})[\"value\"]\n           ^^^^^^^^^^^^^^^^^^^^^^^^^^^^^^^^^^^^^^^^^^^^^^^^^^^^^^^^^^^^^^^^^\n  File \"C:\\Users\\mferreio\\AppData\\Local\\Programs\\Python\\Python312\\Lib\\site-packages\\selenium\\webdriver\\remote\\webdriver.py\", line 429, in execute\n    self.error_handler.check_response(response)\n  File \"C:\\Users\\mferreio\\AppData\\Local\\Programs\\Python\\Python312\\Lib\\site-packages\\selenium\\webdriver\\remote\\errorhandler.py\", line 232, in check_response\n    raise exception_class(message, screen, stacktrace)\n","steps":[],"attachments":[],"parameters":[],"hasContent":true,"attachmentStep":false,"stepsCount":0,"shouldDisplayMessage":true,"attachmentsCount":0},{"name":"When Usuário clica em cadastrar produto","time":{"start":1747950965742,"stop":1747950965742,"duration":0},"status":"skipped","steps":[],"attachments":[],"parameters":[],"hasContent":false,"attachmentStep":false,"stepsCount":0,"shouldDisplayMessage":false,"attachmentsCount":0},{"name":"Then eu devo conseguir criar dados","time":{"start":1747950965742,"stop":1747950965742,"duration":0},"status":"broken","statusMessage":"\nYou can implement step definitions for undefined steps with these snippets:\n\n@then(u'eu devo conseguir criar dados')\ndef step_impl(context):\n    raise NotImplementedError(u'STEP: Then eu devo conseguir criar dados')\n\n","steps":[],"attachments":[],"parameters":[],"hasContent":true,"attachmentStep":false,"stepsCount":0,"shouldDisplayMessage":true,"attachmentsCount":0}],"attachments":[],"parameters":[],"hasContent":true,"attachmentStep":false,"stepsCount":8,"shouldDisplayMessage":false,"attachmentsCount":0},"afterStages":[],"labels":[{"name":"severity","value":"normal"},{"name":"feature","value":"Tela cadastro de produtos diaria/semanal"},{"name":"framework","value":"behave"},{"name":"language","value":"cpython3"},{"name":"resultFormat","value":"allure2"}],"parameters":[],"links":[],"hidden":false,"retry":false,"extra":{"severity":"normal","retries":[],"categories":[{"name":"Test defects","matchedStatuses":[]}],"tags":[]},"source":"9ff0edc098b4db6b.json","parameterValues":[]}