{"uid":"cca95763e39a26ac","name":"Adição de um novo produto para diretrizes I-REC","fullName":"Tela de Produtos: Adição de um novo produto para diretrizes I-REC","historyId":"b7f6289b2617f0995a9cde67fd920581","time":{"start":1747950709811,"stop":1747950712912,"duration":3101},"status":"broken","statusMessage":"selenium.common.exceptions.StaleElementReferenceException: Message: stale element reference: stale element not found in the current frame\n  (Session info: chrome=136.0.7103.114); For documentation on this error, please visit: https://www.selenium.dev/documentation/webdriver/troubleshooting/errors#stale-element-reference-exception\nStacktrace:\n\tGetHandleVerifier [0x00007FF70F56CF45+75717]\n\tGetHandleVerifier [0x00007FF70F56CFA0+75808]\n\t(No symbol) [0x00007FF70F338F9A]\n\t(No symbol) [0x00007FF70F340998]\n\t(No symbol) [0x00007FF70F343A0C]\n\t(No symbol) [0x00007FF70F343ADF]\n\t(No symbol) [0x00007FF70F3895C1]\n\t(No symbol) [0x00007FF70F3B737A]\n\t(No symbol) [0x00007FF70F381C46]\n\t(No symbol) [0x00007FF70F3B7590]\n\t(No symbol) [0x00007FF70F3DF39C]\n\t(No symbol) [0x00007FF70F3B7153]\n\t(No symbol) [0x00007FF70F380421]\n\t(No symbol) [0x00007FF70F3811B3]\n\tGetHandleVerifier [0x00007FF70F86D71D+3223453]\n\tGetHandleVerifier [0x00007FF70F867CC2+3200322]\n\tGetHandleVerifier [0x00007FF70F885AF3+3322739]\n\tGetHandleVerifier [0x00007FF70F586A1A+180890]\n\tGetHandleVerifier [0x00007FF70F58E11F+211359]\n\tGetHandleVerifier [0x00007FF70F575294+109332]\n\tGetHandleVerifier [0x00007FF70F575442+109762]\n\tGetHandleVerifier [0x00007FF70F55BA59+4825]\n\tBaseThreadInitThunk [0x00007FF891CBE8D7+23]\n\tRtlUserThreadStart [0x00007FF892E514FC+44]\n\n","statusTrace":"  File \"C:\\Users\\mferreio\\AppData\\Local\\Programs\\Python\\Python312\\Lib\\site-packages\\behave\\model.py\", line 1329, in run\n    match.run(runner.context)\n  File \"C:\\Users\\mferreio\\AppData\\Local\\Programs\\Python\\Python312\\Lib\\site-packages\\behave\\matchers.py\", line 98, in run\n    self.func(context, *args, **kwargs)\n  File \"features\\steps\\test_perfil_de_acesso_portfolio_trading_steps.py\", line 145, in step_clicar_em_novo_produto\n    context.perfil_de_acesso_page.clicar_em_novo_produto()\n  File \"C:\\Automação de Testes\\neo_liberalizados-automacao\\features\\pages\\perfil_de_acesso_portfolio_trading_pages.py\", line 150, in clicar_em_novo_produto\n    WebDriverWait(self.driver, 10).until(\n  File \"C:\\Users\\mferreio\\AppData\\Local\\Programs\\Python\\Python312\\Lib\\site-packages\\selenium\\webdriver\\support\\wait.py\", line 137, in until\n    value = method(self._driver)\n            ^^^^^^^^^^^^^^^^^^^^\n  File \"C:\\Users\\mferreio\\AppData\\Local\\Programs\\Python\\Python312\\Lib\\site-packages\\selenium\\webdriver\\support\\expected_conditions.py\", line 633, in _predicate\n    if element and element.is_enabled():\n                   ^^^^^^^^^^^^^^^^^^^^\n  File \"C:\\Users\\mferreio\\AppData\\Local\\Programs\\Python\\Python312\\Lib\\site-packages\\selenium\\webdriver\\remote\\webelement.py\", line 257, in is_enabled\n    return self._execute(Command.IS_ELEMENT_ENABLED)[\"value\"]\n           ^^^^^^^^^^^^^^^^^^^^^^^^^^^^^^^^^^^^^^^^^\n  File \"C:\\Users\\mferreio\\AppData\\Local\\Programs\\Python\\Python312\\Lib\\site-packages\\selenium\\webdriver\\remote\\webelement.py\", line 572, in _execute\n    return self._parent.execute(command, params)\n           ^^^^^^^^^^^^^^^^^^^^^^^^^^^^^^^^^^^^^\n  File \"C:\\Users\\mferreio\\AppData\\Local\\Programs\\Python\\Python312\\Lib\\site-packages\\selenium\\webdriver\\remote\\webdriver.py\", line 429, in execute\n    self.error_handler.check_response(response)\n  File \"C:\\Users\\mferreio\\AppData\\Local\\Programs\\Python\\Python312\\Lib\\site-packages\\selenium\\webdriver\\remote\\errorhandler.py\", line 232, in check_response\n    raise exception_class(message, screen, stacktrace)\n","flaky":false,"newFailed":false,"newBroken":false,"newPassed":false,"retriesCount":0,"retriesStatusChange":false,"beforeStages":[],"testStage":{"status":"broken","statusMessage":"selenium.common.exceptions.StaleElementReferenceException: Message: stale element reference: stale element not found in the current frame\n  (Session info: chrome=136.0.7103.114); For documentation on this error, please visit: https://www.selenium.dev/documentation/webdriver/troubleshooting/errors#stale-element-reference-exception\nStacktrace:\n\tGetHandleVerifier [0x00007FF70F56CF45+75717]\n\tGetHandleVerifier [0x00007FF70F56CFA0+75808]\n\t(No symbol) [0x00007FF70F338F9A]\n\t(No symbol) [0x00007FF70F340998]\n\t(No symbol) [0x00007FF70F343A0C]\n\t(No symbol) [0x00007FF70F343ADF]\n\t(No symbol) [0x00007FF70F3895C1]\n\t(No symbol) [0x00007FF70F3B737A]\n\t(No symbol) [0x00007FF70F381C46]\n\t(No symbol) [0x00007FF70F3B7590]\n\t(No symbol) [0x00007FF70F3DF39C]\n\t(No symbol) [0x00007FF70F3B7153]\n\t(No symbol) [0x00007FF70F380421]\n\t(No symbol) [0x00007FF70F3811B3]\n\tGetHandleVerifier [0x00007FF70F86D71D+3223453]\n\tGetHandleVerifier [0x00007FF70F867CC2+3200322]\n\tGetHandleVerifier [0x00007FF70F885AF3+3322739]\n\tGetHandleVerifier [0x00007FF70F586A1A+180890]\n\tGetHandleVerifier [0x00007FF70F58E11F+211359]\n\tGetHandleVerifier [0x00007FF70F575294+109332]\n\tGetHandleVerifier [0x00007FF70F575442+109762]\n\tGetHandleVerifier [0x00007FF70F55BA59+4825]\n\tBaseThreadInitThunk [0x00007FF891CBE8D7+23]\n\tRtlUserThreadStart [0x00007FF892E514FC+44]\n\n","statusTrace":"  File \"C:\\Users\\mferreio\\AppData\\Local\\Programs\\Python\\Python312\\Lib\\site-packages\\behave\\model.py\", line 1329, in run\n    match.run(runner.context)\n  File \"C:\\Users\\mferreio\\AppData\\Local\\Programs\\Python\\Python312\\Lib\\site-packages\\behave\\matchers.py\", line 98, in run\n    self.func(context, *args, **kwargs)\n  File \"features\\steps\\test_perfil_de_acesso_portfolio_trading_steps.py\", line 145, in step_clicar_em_novo_produto\n    context.perfil_de_acesso_page.clicar_em_novo_produto()\n  File \"C:\\Automação de Testes\\neo_liberalizados-automacao\\features\\pages\\perfil_de_acesso_portfolio_trading_pages.py\", line 150, in clicar_em_novo_produto\n    WebDriverWait(self.driver, 10).until(\n  File \"C:\\Users\\mferreio\\AppData\\Local\\Programs\\Python\\Python312\\Lib\\site-packages\\selenium\\webdriver\\support\\wait.py\", line 137, in until\n    value = method(self._driver)\n            ^^^^^^^^^^^^^^^^^^^^\n  File \"C:\\Users\\mferreio\\AppData\\Local\\Programs\\Python\\Python312\\Lib\\site-packages\\selenium\\webdriver\\support\\expected_conditions.py\", line 633, in _predicate\n    if element and element.is_enabled():\n                   ^^^^^^^^^^^^^^^^^^^^\n  File \"C:\\Users\\mferreio\\AppData\\Local\\Programs\\Python\\Python312\\Lib\\site-packages\\selenium\\webdriver\\remote\\webelement.py\", line 257, in is_enabled\n    return self._execute(Command.IS_ELEMENT_ENABLED)[\"value\"]\n           ^^^^^^^^^^^^^^^^^^^^^^^^^^^^^^^^^^^^^^^^^\n  File \"C:\\Users\\mferreio\\AppData\\Local\\Programs\\Python\\Python312\\Lib\\site-packages\\selenium\\webdriver\\remote\\webelement.py\", line 572, in _execute\n    return self._parent.execute(command, params)\n           ^^^^^^^^^^^^^^^^^^^^^^^^^^^^^^^^^^^^^\n  File \"C:\\Users\\mferreio\\AppData\\Local\\Programs\\Python\\Python312\\Lib\\site-packages\\selenium\\webdriver\\remote\\webdriver.py\", line 429, in execute\n    self.error_handler.check_response(response)\n  File \"C:\\Users\\mferreio\\AppData\\Local\\Programs\\Python\\Python312\\Lib\\site-packages\\selenium\\webdriver\\remote\\errorhandler.py\", line 232, in check_response\n    raise exception_class(message, screen, stacktrace)\n","steps":[{"name":"Given que o usuário está logado no sistema","time":{"start":1747950709812,"stop":1747950709954,"duration":142},"status":"passed","steps":[],"attachments":[],"parameters":[],"hasContent":false,"attachmentStep":false,"stepsCount":0,"shouldDisplayMessage":false,"attachmentsCount":0},{"name":"When o usuário seleciona o módulo \"Produtos\"","time":{"start":1747950709954,"stop":1747950711200,"duration":1246},"status":"passed","steps":[],"attachments":[],"parameters":[],"hasContent":false,"attachmentStep":false,"stepsCount":0,"shouldDisplayMessage":false,"attachmentsCount":0},{"name":"When o usuário seleciona o módulo \"IREC\"","time":{"start":1747950711201,"stop":1747950712626,"duration":1425},"status":"passed","steps":[],"attachments":[],"parameters":[],"hasContent":false,"attachmentStep":false,"stepsCount":0,"shouldDisplayMessage":false,"attachmentsCount":0},{"name":"When Usuário clica em novo produto","time":{"start":1747950712627,"stop":1747950712911,"duration":284},"status":"broken","statusMessage":"selenium.common.exceptions.StaleElementReferenceException: Message: stale element reference: stale element not found in the current frame\n  (Session info: chrome=136.0.7103.114); For documentation on this error, please visit: https://www.selenium.dev/documentation/webdriver/troubleshooting/errors#stale-element-reference-exception\nStacktrace:\n\tGetHandleVerifier [0x00007FF70F56CF45+75717]\n\tGetHandleVerifier [0x00007FF70F56CFA0+75808]\n\t(No symbol) [0x00007FF70F338F9A]\n\t(No symbol) [0x00007FF70F340998]\n\t(No symbol) [0x00007FF70F343A0C]\n\t(No symbol) [0x00007FF70F343ADF]\n\t(No symbol) [0x00007FF70F3895C1]\n\t(No symbol) [0x00007FF70F3B737A]\n\t(No symbol) [0x00007FF70F381C46]\n\t(No symbol) [0x00007FF70F3B7590]\n\t(No symbol) [0x00007FF70F3DF39C]\n\t(No symbol) [0x00007FF70F3B7153]\n\t(No symbol) [0x00007FF70F380421]\n\t(No symbol) [0x00007FF70F3811B3]\n\tGetHandleVerifier [0x00007FF70F86D71D+3223453]\n\tGetHandleVerifier [0x00007FF70F867CC2+3200322]\n\tGetHandleVerifier [0x00007FF70F885AF3+3322739]\n\tGetHandleVerifier [0x00007FF70F586A1A+180890]\n\tGetHandleVerifier [0x00007FF70F58E11F+211359]\n\tGetHandleVerifier [0x00007FF70F575294+109332]\n\tGetHandleVerifier [0x00007FF70F575442+109762]\n\tGetHandleVerifier [0x00007FF70F55BA59+4825]\n\tBaseThreadInitThunk [0x00007FF891CBE8D7+23]\n\tRtlUserThreadStart [0x00007FF892E514FC+44]\n\n","statusTrace":"  File \"C:\\Users\\mferreio\\AppData\\Local\\Programs\\Python\\Python312\\Lib\\site-packages\\behave\\model.py\", line 1329, in run\n    match.run(runner.context)\n  File \"C:\\Users\\mferreio\\AppData\\Local\\Programs\\Python\\Python312\\Lib\\site-packages\\behave\\matchers.py\", line 98, in run\n    self.func(context, *args, **kwargs)\n  File \"features\\steps\\test_perfil_de_acesso_portfolio_trading_steps.py\", line 145, in step_clicar_em_novo_produto\n    context.perfil_de_acesso_page.clicar_em_novo_produto()\n  File \"C:\\Automação de Testes\\neo_liberalizados-automacao\\features\\pages\\perfil_de_acesso_portfolio_trading_pages.py\", line 150, in clicar_em_novo_produto\n    WebDriverWait(self.driver, 10).until(\n  File \"C:\\Users\\mferreio\\AppData\\Local\\Programs\\Python\\Python312\\Lib\\site-packages\\selenium\\webdriver\\support\\wait.py\", line 137, in until\n    value = method(self._driver)\n            ^^^^^^^^^^^^^^^^^^^^\n  File \"C:\\Users\\mferreio\\AppData\\Local\\Programs\\Python\\Python312\\Lib\\site-packages\\selenium\\webdriver\\support\\expected_conditions.py\", line 633, in _predicate\n    if element and element.is_enabled():\n                   ^^^^^^^^^^^^^^^^^^^^\n  File \"C:\\Users\\mferreio\\AppData\\Local\\Programs\\Python\\Python312\\Lib\\site-packages\\selenium\\webdriver\\remote\\webelement.py\", line 257, in is_enabled\n    return self._execute(Command.IS_ELEMENT_ENABLED)[\"value\"]\n           ^^^^^^^^^^^^^^^^^^^^^^^^^^^^^^^^^^^^^^^^^\n  File \"C:\\Users\\mferreio\\AppData\\Local\\Programs\\Python\\Python312\\Lib\\site-packages\\selenium\\webdriver\\remote\\webelement.py\", line 572, in _execute\n    return self._parent.execute(command, params)\n           ^^^^^^^^^^^^^^^^^^^^^^^^^^^^^^^^^^^^^\n  File \"C:\\Users\\mferreio\\AppData\\Local\\Programs\\Python\\Python312\\Lib\\site-packages\\selenium\\webdriver\\remote\\webdriver.py\", line 429, in execute\n    self.error_handler.check_response(response)\n  File \"C:\\Users\\mferreio\\AppData\\Local\\Programs\\Python\\Python312\\Lib\\site-packages\\selenium\\webdriver\\remote\\errorhandler.py\", line 232, in check_response\n    raise exception_class(message, screen, stacktrace)\n","steps":[],"attachments":[],"parameters":[],"hasContent":true,"attachmentStep":false,"stepsCount":0,"shouldDisplayMessage":true,"attachmentsCount":0},{"name":"When o usuário é direcionado para a tela de cadastros","time":{"start":1747950712912,"stop":1747950712912,"duration":0},"status":"skipped","steps":[],"attachments":[],"parameters":[],"hasContent":false,"attachmentStep":false,"stepsCount":0,"shouldDisplayMessage":false,"attachmentsCount":0},{"name":"When Usuário preenche os campos obrigatórios","time":{"start":1747950712912,"stop":1747950712912,"duration":0},"status":"skipped","steps":[],"attachments":[],"parameters":[],"hasContent":false,"attachmentStep":false,"stepsCount":0,"shouldDisplayMessage":false,"attachmentsCount":0},{"name":"When Usuário clica em cadastrar produto","time":{"start":1747950712912,"stop":1747950712912,"duration":0},"status":"skipped","steps":[],"attachments":[],"parameters":[],"hasContent":false,"attachmentStep":false,"stepsCount":0,"shouldDisplayMessage":false,"attachmentsCount":0},{"name":"Then eu devo conseguir criar dados","time":{"start":1747950712912,"stop":1747950712912,"duration":0},"status":"broken","statusMessage":"\nYou can implement step definitions for undefined steps with these snippets:\n\n@then(u'eu devo conseguir criar dados')\ndef step_impl(context):\n    raise NotImplementedError(u'STEP: Then eu devo conseguir criar dados')\n\n","steps":[],"attachments":[],"parameters":[],"hasContent":true,"attachmentStep":false,"stepsCount":0,"shouldDisplayMessage":true,"attachmentsCount":0}],"attachments":[],"parameters":[],"hasContent":true,"attachmentStep":false,"stepsCount":8,"shouldDisplayMessage":false,"attachmentsCount":0},"afterStages":[],"labels":[{"name":"severity","value":"normal"},{"name":"feature","value":"Tela de Produtos"},{"name":"framework","value":"behave"},{"name":"language","value":"cpython3"},{"name":"resultFormat","value":"allure2"}],"parameters":[],"links":[],"hidden":false,"retry":false,"extra":{"severity":"normal","retries":[],"categories":[{"name":"Test defects","matchedStatuses":[]}],"tags":[]},"source":"cca95763e39a26ac.json","parameterValues":[]}