{"uid":"40ba07bae275b7f3","name":"Campos obrigatórios não preenchidos","fullName":"Tela de cadastro de usuário: Campos obrigatórios não preenchidos","historyId":"b2491bd1e907593bcf63782f808a7737","time":{"start":1747847474792,"stop":1747847486477,"duration":11685},"status":"broken","statusMessage":"selenium.common.exceptions.ElementClickInterceptedException: Message: element click intercepted: Element <li app-menuitem=\"\" class=\"ng-tns-c773887693-5 ng-tns-c773887693-4 ng-star-inserted active-menuitem\" style=\"\">...</li> is not clickable at point (142, 276). Other element would receive the click: <div class=\"ng-tns-c1729407856-24 p-dialog-mask p-component-overlay p-component-overlay-enter p-dialog-mask-scrollblocker ng-star-inserted\" style=\"z-index: 1101;\">...</div>\n  (Session info: chrome=136.0.7103.114)\nStacktrace:\n\tGetHandleVerifier [0x00007FF726E9CF45+75717]\n\tGetHandleVerifier [0x00007FF726E9CFA0+75808]\n\t(No symbol) [0x00007FF726C68F9A]\n\t(No symbol) [0x00007FF726CC7439]\n\t(No symbol) [0x00007FF726CC4DF2]\n\t(No symbol) [0x00007FF726CC1EA1]\n\t(No symbol) [0x00007FF726CC0DA1]\n\t(No symbol) [0x00007FF726CB2394]\n\t(No symbol) [0x00007FF726CE737A]\n\t(No symbol) [0x00007FF726CB1C46]\n\t(No symbol) [0x00007FF726CE7590]\n\t(No symbol) [0x00007FF726D0F39C]\n\t(No symbol) [0x00007FF726CE7153]\n\t(No symbol) [0x00007FF726CB0421]\n\t(No symbol) [0x00007FF726CB11B3]\n\tGetHandleVerifier [0x00007FF72719D71D+3223453]\n\tGetHandleVerifier [0x00007FF727197CC2+3200322]\n\tGetHandleVerifier [0x00007FF7271B5AF3+3322739]\n\tGetHandleVerifier [0x00007FF726EB6A1A+180890]\n\tGetHandleVerifier [0x00007FF726EBE11F+211359]\n\tGetHandleVerifier [0x00007FF726EA5294+109332]\n\tGetHandleVerifier [0x00007FF726EA5442+109762]\n\tGetHandleVerifier [0x00007FF726E8BA59+4825]\n\tBaseThreadInitThunk [0x00007FF9E11BE8D7+23]\n\tRtlUserThreadStart [0x00007FF9E31114FC+44]\n\n","statusTrace":"  File \"C:\\Automação de Testes\\neo_liberalizados-automacao\\venv\\Lib\\site-packages\\behave\\model.py\", line 1329, in run\n    match.run(runner.context)\n  File \"C:\\Automação de Testes\\neo_liberalizados-automacao\\venv\\Lib\\site-packages\\behave\\matchers.py\", line 98, in run\n    self.func(context, *args, **kwargs)\n  File \"C:\\Automação de Testes\\neo_liberalizados-automacao\\venv\\Lib\\site-packages\\allure_commons\\_allure.py\", line 202, in impl\n    return func(*a, **kw)\n           ^^^^^^^^^^^^^^\n  File \"features\\steps\\test_tela_de_usuarios_steps.py\", line 22, in navegar_tela_usuarios\n    context.tela_de_usuarios_page.clicar_botao_perfil()\n  File \"C:\\Automação de Testes\\neo_liberalizados-automacao\\features\\pages\\tela_de_usuarios_pages.py\", line 119, in clicar_botao_perfil\n    botao_perfil.click()\n  File \"C:\\Automação de Testes\\neo_liberalizados-automacao\\venv\\Lib\\site-packages\\selenium\\webdriver\\remote\\webelement.py\", line 119, in click\n    self._execute(Command.CLICK_ELEMENT)\n  File \"C:\\Automação de Testes\\neo_liberalizados-automacao\\venv\\Lib\\site-packages\\selenium\\webdriver\\remote\\webelement.py\", line 572, in _execute\n    return self._parent.execute(command, params)\n           ^^^^^^^^^^^^^^^^^^^^^^^^^^^^^^^^^^^^^\n  File \"C:\\Automação de Testes\\neo_liberalizados-automacao\\venv\\Lib\\site-packages\\selenium\\webdriver\\remote\\webdriver.py\", line 448, in execute\n    self.error_handler.check_response(response)\n  File \"C:\\Automação de Testes\\neo_liberalizados-automacao\\venv\\Lib\\site-packages\\selenium\\webdriver\\remote\\errorhandler.py\", line 232, in check_response\n    raise exception_class(message, screen, stacktrace)\n","flaky":false,"newFailed":false,"newBroken":false,"newPassed":false,"retriesCount":0,"retriesStatusChange":false,"beforeStages":[],"testStage":{"status":"broken","statusMessage":"selenium.common.exceptions.ElementClickInterceptedException: Message: element click intercepted: Element <li app-menuitem=\"\" class=\"ng-tns-c773887693-5 ng-tns-c773887693-4 ng-star-inserted active-menuitem\" style=\"\">...</li> is not clickable at point (142, 276). Other element would receive the click: <div class=\"ng-tns-c1729407856-24 p-dialog-mask p-component-overlay p-component-overlay-enter p-dialog-mask-scrollblocker ng-star-inserted\" style=\"z-index: 1101;\">...</div>\n  (Session info: chrome=136.0.7103.114)\nStacktrace:\n\tGetHandleVerifier [0x00007FF726E9CF45+75717]\n\tGetHandleVerifier [0x00007FF726E9CFA0+75808]\n\t(No symbol) [0x00007FF726C68F9A]\n\t(No symbol) [0x00007FF726CC7439]\n\t(No symbol) [0x00007FF726CC4DF2]\n\t(No symbol) [0x00007FF726CC1EA1]\n\t(No symbol) [0x00007FF726CC0DA1]\n\t(No symbol) [0x00007FF726CB2394]\n\t(No symbol) [0x00007FF726CE737A]\n\t(No symbol) [0x00007FF726CB1C46]\n\t(No symbol) [0x00007FF726CE7590]\n\t(No symbol) [0x00007FF726D0F39C]\n\t(No symbol) [0x00007FF726CE7153]\n\t(No symbol) [0x00007FF726CB0421]\n\t(No symbol) [0x00007FF726CB11B3]\n\tGetHandleVerifier [0x00007FF72719D71D+3223453]\n\tGetHandleVerifier [0x00007FF727197CC2+3200322]\n\tGetHandleVerifier [0x00007FF7271B5AF3+3322739]\n\tGetHandleVerifier [0x00007FF726EB6A1A+180890]\n\tGetHandleVerifier [0x00007FF726EBE11F+211359]\n\tGetHandleVerifier [0x00007FF726EA5294+109332]\n\tGetHandleVerifier [0x00007FF726EA5442+109762]\n\tGetHandleVerifier [0x00007FF726E8BA59+4825]\n\tBaseThreadInitThunk [0x00007FF9E11BE8D7+23]\n\tRtlUserThreadStart [0x00007FF9E31114FC+44]\n\n","statusTrace":"  File \"C:\\Automação de Testes\\neo_liberalizados-automacao\\venv\\Lib\\site-packages\\behave\\model.py\", line 1329, in run\n    match.run(runner.context)\n  File \"C:\\Automação de Testes\\neo_liberalizados-automacao\\venv\\Lib\\site-packages\\behave\\matchers.py\", line 98, in run\n    self.func(context, *args, **kwargs)\n  File \"C:\\Automação de Testes\\neo_liberalizados-automacao\\venv\\Lib\\site-packages\\allure_commons\\_allure.py\", line 202, in impl\n    return func(*a, **kw)\n           ^^^^^^^^^^^^^^\n  File \"features\\steps\\test_tela_de_usuarios_steps.py\", line 22, in navegar_tela_usuarios\n    context.tela_de_usuarios_page.clicar_botao_perfil()\n  File \"C:\\Automação de Testes\\neo_liberalizados-automacao\\features\\pages\\tela_de_usuarios_pages.py\", line 119, in clicar_botao_perfil\n    botao_perfil.click()\n  File \"C:\\Automação de Testes\\neo_liberalizados-automacao\\venv\\Lib\\site-packages\\selenium\\webdriver\\remote\\webelement.py\", line 119, in click\n    self._execute(Command.CLICK_ELEMENT)\n  File \"C:\\Automação de Testes\\neo_liberalizados-automacao\\venv\\Lib\\site-packages\\selenium\\webdriver\\remote\\webelement.py\", line 572, in _execute\n    return self._parent.execute(command, params)\n           ^^^^^^^^^^^^^^^^^^^^^^^^^^^^^^^^^^^^^\n  File \"C:\\Automação de Testes\\neo_liberalizados-automacao\\venv\\Lib\\site-packages\\selenium\\webdriver\\remote\\webdriver.py\", line 448, in execute\n    self.error_handler.check_response(response)\n  File \"C:\\Automação de Testes\\neo_liberalizados-automacao\\venv\\Lib\\site-packages\\selenium\\webdriver\\remote\\errorhandler.py\", line 232, in check_response\n    raise exception_class(message, screen, stacktrace)\n","steps":[{"name":"Given que o usuário está logado como \"Administrador\"","time":{"start":1747847474792,"stop":1747847474960,"duration":168},"status":"passed","steps":[{"name":"Validando que o usuário está logado como Administrador","time":{"start":1747847474793,"stop":1747847474808,"duration":15},"status":"passed","steps":[],"attachments":[],"parameters":[{"name":"context","value":"<behave.runner.Context object at 0x000001ED0FD8D9D0>"}],"attachmentsCount":0,"shouldDisplayMessage":false,"hasContent":true,"stepsCount":0,"attachmentStep":false}],"attachments":[],"parameters":[],"attachmentsCount":0,"shouldDisplayMessage":false,"hasContent":true,"stepsCount":1,"attachmentStep":false},{"name":"When navega até a tela de usuários - Perfil","time":{"start":1747847474962,"stop":1747847486476,"duration":11514},"status":"broken","statusMessage":"selenium.common.exceptions.ElementClickInterceptedException: Message: element click intercepted: Element <li app-menuitem=\"\" class=\"ng-tns-c773887693-5 ng-tns-c773887693-4 ng-star-inserted active-menuitem\" style=\"\">...</li> is not clickable at point (142, 276). Other element would receive the click: <div class=\"ng-tns-c1729407856-24 p-dialog-mask p-component-overlay p-component-overlay-enter p-dialog-mask-scrollblocker ng-star-inserted\" style=\"z-index: 1101;\">...</div>\n  (Session info: chrome=136.0.7103.114)\nStacktrace:\n\tGetHandleVerifier [0x00007FF726E9CF45+75717]\n\tGetHandleVerifier [0x00007FF726E9CFA0+75808]\n\t(No symbol) [0x00007FF726C68F9A]\n\t(No symbol) [0x00007FF726CC7439]\n\t(No symbol) [0x00007FF726CC4DF2]\n\t(No symbol) [0x00007FF726CC1EA1]\n\t(No symbol) [0x00007FF726CC0DA1]\n\t(No symbol) [0x00007FF726CB2394]\n\t(No symbol) [0x00007FF726CE737A]\n\t(No symbol) [0x00007FF726CB1C46]\n\t(No symbol) [0x00007FF726CE7590]\n\t(No symbol) [0x00007FF726D0F39C]\n\t(No symbol) [0x00007FF726CE7153]\n\t(No symbol) [0x00007FF726CB0421]\n\t(No symbol) [0x00007FF726CB11B3]\n\tGetHandleVerifier [0x00007FF72719D71D+3223453]\n\tGetHandleVerifier [0x00007FF727197CC2+3200322]\n\tGetHandleVerifier [0x00007FF7271B5AF3+3322739]\n\tGetHandleVerifier [0x00007FF726EB6A1A+180890]\n\tGetHandleVerifier [0x00007FF726EBE11F+211359]\n\tGetHandleVerifier [0x00007FF726EA5294+109332]\n\tGetHandleVerifier [0x00007FF726EA5442+109762]\n\tGetHandleVerifier [0x00007FF726E8BA59+4825]\n\tBaseThreadInitThunk [0x00007FF9E11BE8D7+23]\n\tRtlUserThreadStart [0x00007FF9E31114FC+44]\n\n","statusTrace":"  File \"C:\\Automação de Testes\\neo_liberalizados-automacao\\venv\\Lib\\site-packages\\behave\\model.py\", line 1329, in run\n    match.run(runner.context)\n  File \"C:\\Automação de Testes\\neo_liberalizados-automacao\\venv\\Lib\\site-packages\\behave\\matchers.py\", line 98, in run\n    self.func(context, *args, **kwargs)\n  File \"C:\\Automação de Testes\\neo_liberalizados-automacao\\venv\\Lib\\site-packages\\allure_commons\\_allure.py\", line 202, in impl\n    return func(*a, **kw)\n           ^^^^^^^^^^^^^^\n  File \"features\\steps\\test_tela_de_usuarios_steps.py\", line 22, in navegar_tela_usuarios\n    context.tela_de_usuarios_page.clicar_botao_perfil()\n  File \"C:\\Automação de Testes\\neo_liberalizados-automacao\\features\\pages\\tela_de_usuarios_pages.py\", line 119, in clicar_botao_perfil\n    botao_perfil.click()\n  File \"C:\\Automação de Testes\\neo_liberalizados-automacao\\venv\\Lib\\site-packages\\selenium\\webdriver\\remote\\webelement.py\", line 119, in click\n    self._execute(Command.CLICK_ELEMENT)\n  File \"C:\\Automação de Testes\\neo_liberalizados-automacao\\venv\\Lib\\site-packages\\selenium\\webdriver\\remote\\webelement.py\", line 572, in _execute\n    return self._parent.execute(command, params)\n           ^^^^^^^^^^^^^^^^^^^^^^^^^^^^^^^^^^^^^\n  File \"C:\\Automação de Testes\\neo_liberalizados-automacao\\venv\\Lib\\site-packages\\selenium\\webdriver\\remote\\webdriver.py\", line 448, in execute\n    self.error_handler.check_response(response)\n  File \"C:\\Automação de Testes\\neo_liberalizados-automacao\\venv\\Lib\\site-packages\\selenium\\webdriver\\remote\\errorhandler.py\", line 232, in check_response\n    raise exception_class(message, screen, stacktrace)\n","steps":[{"name":"Navegando até a tela de usuários - Perfil","time":{"start":1747847474962,"stop":1747847486329,"duration":11367},"status":"broken","statusMessage":"selenium.common.exceptions.ElementClickInterceptedException: Message: element click intercepted: Element <li app-menuitem=\"\" class=\"ng-tns-c773887693-5 ng-tns-c773887693-4 ng-star-inserted active-menuitem\" style=\"\">...</li> is not clickable at point (142, 276). Other element would receive the click: <div class=\"ng-tns-c1729407856-24 p-dialog-mask p-component-overlay p-component-overlay-enter p-dialog-mask-scrollblocker ng-star-inserted\" style=\"z-index: 1101;\">...</div>\n  (Session info: chrome=136.0.7103.114)\nStacktrace:\n\tGetHandleVerifier [0x00007FF726E9CF45+75717]\n\tGetHandleVerifier [0x00007FF726E9CFA0+75808]\n\t(No symbol) [0x00007FF726C68F9A]\n\t(No symbol) [0x00007FF726CC7439]\n\t(No symbol) [0x00007FF726CC4DF2]\n\t(No symbol) [0x00007FF726CC1EA1]\n\t(No symbol) [0x00007FF726CC0DA1]\n\t(No symbol) [0x00007FF726CB2394]\n\t(No symbol) [0x00007FF726CE737A]\n\t(No symbol) [0x00007FF726CB1C46]\n\t(No symbol) [0x00007FF726CE7590]\n\t(No symbol) [0x00007FF726D0F39C]\n\t(No symbol) [0x00007FF726CE7153]\n\t(No symbol) [0x00007FF726CB0421]\n\t(No symbol) [0x00007FF726CB11B3]\n\tGetHandleVerifier [0x00007FF72719D71D+3223453]\n\tGetHandleVerifier [0x00007FF727197CC2+3200322]\n\tGetHandleVerifier [0x00007FF7271B5AF3+3322739]\n\tGetHandleVerifier [0x00007FF726EB6A1A+180890]\n\tGetHandleVerifier [0x00007FF726EBE11F+211359]\n\tGetHandleVerifier [0x00007FF726EA5294+109332]\n\tGetHandleVerifier [0x00007FF726EA5442+109762]\n\tGetHandleVerifier [0x00007FF726E8BA59+4825]\n\tBaseThreadInitThunk [0x00007FF9E11BE8D7+23]\n\tRtlUserThreadStart [0x00007FF9E31114FC+44]\n\n","statusTrace":"  File \"C:\\Automação de Testes\\neo_liberalizados-automacao\\venv\\Lib\\site-packages\\allure_commons\\_allure.py\", line 202, in impl\n    return func(*a, **kw)\n           ^^^^^^^^^^^^^^\n  File \"features\\steps\\test_tela_de_usuarios_steps.py\", line 22, in navegar_tela_usuarios\n    context.tela_de_usuarios_page.clicar_botao_perfil()\n  File \"C:\\Automação de Testes\\neo_liberalizados-automacao\\features\\pages\\tela_de_usuarios_pages.py\", line 119, in clicar_botao_perfil\n    botao_perfil.click()\n  File \"C:\\Automação de Testes\\neo_liberalizados-automacao\\venv\\Lib\\site-packages\\selenium\\webdriver\\remote\\webelement.py\", line 119, in click\n    self._execute(Command.CLICK_ELEMENT)\n  File \"C:\\Automação de Testes\\neo_liberalizados-automacao\\venv\\Lib\\site-packages\\selenium\\webdriver\\remote\\webelement.py\", line 572, in _execute\n    return self._parent.execute(command, params)\n           ^^^^^^^^^^^^^^^^^^^^^^^^^^^^^^^^^^^^^\n  File \"C:\\Automação de Testes\\neo_liberalizados-automacao\\venv\\Lib\\site-packages\\selenium\\webdriver\\remote\\webdriver.py\", line 448, in execute\n    self.error_handler.check_response(response)\n  File \"C:\\Automação de Testes\\neo_liberalizados-automacao\\venv\\Lib\\site-packages\\selenium\\webdriver\\remote\\errorhandler.py\", line 232, in check_response\n    raise exception_class(message, screen, stacktrace)\n","steps":[],"attachments":[],"parameters":[{"name":"context","value":"<behave.runner.Context object at 0x000001ED0FD8D9D0>"}],"attachmentsCount":0,"shouldDisplayMessage":true,"hasContent":true,"stepsCount":0,"attachmentStep":false}],"attachments":[],"parameters":[],"attachmentsCount":0,"shouldDisplayMessage":false,"hasContent":true,"stepsCount":1,"attachmentStep":false},{"name":"When o usuário clica no botão \"Novo\" para adicionar usuario","time":{"start":1747847486477,"stop":1747847486477,"duration":0},"status":"skipped","steps":[],"attachments":[],"parameters":[],"attachmentsCount":0,"shouldDisplayMessage":false,"hasContent":false,"stepsCount":0,"attachmentStep":false},{"name":"When clica no dropdown de perfil","time":{"start":1747847486477,"stop":1747847486477,"duration":0},"status":"skipped","steps":[],"attachments":[],"parameters":[],"attachmentsCount":0,"shouldDisplayMessage":false,"hasContent":false,"stepsCount":0,"attachmentStep":false},{"name":"When o usuário não preenche os campos obrigatórios","time":{"start":1747847486477,"stop":1747847486477,"duration":0},"status":"skipped","steps":[],"attachments":[],"parameters":[],"attachmentsCount":0,"shouldDisplayMessage":false,"hasContent":false,"stepsCount":0,"attachmentStep":false},{"name":"When o usuário clica em \"Salvar\" para salvar o novo usuário","time":{"start":1747847486477,"stop":1747847486477,"duration":0},"status":"skipped","steps":[],"attachments":[],"parameters":[],"attachmentsCount":0,"shouldDisplayMessage":false,"hasContent":false,"stepsCount":0,"attachmentStep":false},{"name":"Then a notificação 'Campos obrigatórios não preenchidos' deve ser exibida","time":{"start":1747847486477,"stop":1747847486477,"duration":0},"status":"skipped","steps":[],"attachments":[],"parameters":[],"attachmentsCount":0,"shouldDisplayMessage":false,"hasContent":false,"stepsCount":0,"attachmentStep":false},{"name":"When navega até a tela de usuários - Perfil","time":{"start":1747847486477,"stop":1747847486477,"duration":0},"status":"skipped","steps":[],"attachments":[],"parameters":[],"attachmentsCount":0,"shouldDisplayMessage":false,"hasContent":false,"stepsCount":0,"attachmentStep":false}],"attachments":[],"parameters":[],"attachmentsCount":0,"shouldDisplayMessage":false,"hasContent":true,"stepsCount":10,"attachmentStep":false},"afterStages":[],"labels":[{"name":"severity","value":"normal"},{"name":"feature","value":"Tela de cadastro de usuário"},{"name":"framework","value":"behave"},{"name":"language","value":"cpython3"},{"name":"resultFormat","value":"allure2"}],"parameters":[],"links":[],"hidden":false,"retry":false,"extra":{"severity":"normal","retries":[],"categories":[{"name":"Test defects","matchedStatuses":[]}],"tags":[]},"source":"40ba07bae275b7f3.json","parameterValues":[]}