{"uid":"8fa303e492bb2d15","name":"Campos obrigatórios não preenchidos","fullName":"Tela de cadastro de usuário: Campos obrigatórios não preenchidos","historyId":"b2491bd1e907593bcf63782f808a7737","time":{"start":1747848887534,"stop":1747848921334,"duration":33800},"status":"broken","statusMessage":"selenium.common.exceptions.ElementClickInterceptedException: Message: element click intercepted: Element <li app-menuitem=\"\" class=\"ng-tns-c773887693-5 ng-tns-c773887693-4 ng-star-inserted active-menuitem\" style=\"\">...</li> is not clickable at point (142, 276). Other element would receive the click: <div class=\"ng-tns-c1729407856-24 p-dialog-mask p-component-overlay p-component-overlay-enter p-dialog-mask-scrollblocker ng-star-inserted\" style=\"z-index: 3207;\">...</div>\n  (Session info: chrome=136.0.7103.114)\nStacktrace:\n\tGetHandleVerifier [0x00007FF77672CF45+75717]\n\tGetHandleVerifier [0x00007FF77672CFA0+75808]\n\t(No symbol) [0x00007FF7764F8F9A]\n\t(No symbol) [0x00007FF776557439]\n\t(No symbol) [0x00007FF776554DF2]\n\t(No symbol) [0x00007FF776551EA1]\n\t(No symbol) [0x00007FF776550DA1]\n\t(No symbol) [0x00007FF776542394]\n\t(No symbol) [0x00007FF77657737A]\n\t(No symbol) [0x00007FF776541C46]\n\t(No symbol) [0x00007FF776577590]\n\t(No symbol) [0x00007FF77659F39C]\n\t(No symbol) [0x00007FF776577153]\n\t(No symbol) [0x00007FF776540421]\n\t(No symbol) [0x00007FF7765411B3]\n\tGetHandleVerifier [0x00007FF776A2D71D+3223453]\n\tGetHandleVerifier [0x00007FF776A27CC2+3200322]\n\tGetHandleVerifier [0x00007FF776A45AF3+3322739]\n\tGetHandleVerifier [0x00007FF776746A1A+180890]\n\tGetHandleVerifier [0x00007FF77674E11F+211359]\n\tGetHandleVerifier [0x00007FF776735294+109332]\n\tGetHandleVerifier [0x00007FF776735442+109762]\n\tGetHandleVerifier [0x00007FF77671BA59+4825]\n\tBaseThreadInitThunk [0x00007FF9E11BE8D7+23]\n\tRtlUserThreadStart [0x00007FF9E31114FC+44]\n\n","statusTrace":"  File \"C:\\Automação de Testes\\neo_liberalizados-automacao\\venv\\Lib\\site-packages\\behave\\model.py\", line 1329, in run\n    match.run(runner.context)\n  File \"C:\\Automação de Testes\\neo_liberalizados-automacao\\venv\\Lib\\site-packages\\behave\\matchers.py\", line 98, in run\n    self.func(context, *args, **kwargs)\n  File \"C:\\Automação de Testes\\neo_liberalizados-automacao\\venv\\Lib\\site-packages\\allure_commons\\_allure.py\", line 202, in impl\n    return func(*a, **kw)\n           ^^^^^^^^^^^^^^\n  File \"features\\steps\\test_tela_de_usuarios_steps.py\", line 20, in navegar_tela_usuarios\n    context.tela_de_usuarios_page.clicar_botao_perfil()\n  File \"C:\\Automação de Testes\\neo_liberalizados-automacao\\features\\pages\\tela_de_usuarios_pages.py\", line 119, in clicar_botao_perfil\n    botao_perfil.click()\n  File \"C:\\Automação de Testes\\neo_liberalizados-automacao\\venv\\Lib\\site-packages\\selenium\\webdriver\\remote\\webelement.py\", line 119, in click\n    self._execute(Command.CLICK_ELEMENT)\n  File \"C:\\Automação de Testes\\neo_liberalizados-automacao\\venv\\Lib\\site-packages\\selenium\\webdriver\\remote\\webelement.py\", line 572, in _execute\n    return self._parent.execute(command, params)\n           ^^^^^^^^^^^^^^^^^^^^^^^^^^^^^^^^^^^^^\n  File \"C:\\Automação de Testes\\neo_liberalizados-automacao\\venv\\Lib\\site-packages\\selenium\\webdriver\\remote\\webdriver.py\", line 448, in execute\n    self.error_handler.check_response(response)\n  File \"C:\\Automação de Testes\\neo_liberalizados-automacao\\venv\\Lib\\site-packages\\selenium\\webdriver\\remote\\errorhandler.py\", line 232, in check_response\n    raise exception_class(message, screen, stacktrace)\n","flaky":false,"newFailed":false,"newBroken":false,"newPassed":false,"retriesCount":0,"retriesStatusChange":false,"beforeStages":[],"testStage":{"status":"broken","statusMessage":"selenium.common.exceptions.ElementClickInterceptedException: Message: element click intercepted: Element <li app-menuitem=\"\" class=\"ng-tns-c773887693-5 ng-tns-c773887693-4 ng-star-inserted active-menuitem\" style=\"\">...</li> is not clickable at point (142, 276). Other element would receive the click: <div class=\"ng-tns-c1729407856-24 p-dialog-mask p-component-overlay p-component-overlay-enter p-dialog-mask-scrollblocker ng-star-inserted\" style=\"z-index: 3207;\">...</div>\n  (Session info: chrome=136.0.7103.114)\nStacktrace:\n\tGetHandleVerifier [0x00007FF77672CF45+75717]\n\tGetHandleVerifier [0x00007FF77672CFA0+75808]\n\t(No symbol) [0x00007FF7764F8F9A]\n\t(No symbol) [0x00007FF776557439]\n\t(No symbol) [0x00007FF776554DF2]\n\t(No symbol) [0x00007FF776551EA1]\n\t(No symbol) [0x00007FF776550DA1]\n\t(No symbol) [0x00007FF776542394]\n\t(No symbol) [0x00007FF77657737A]\n\t(No symbol) [0x00007FF776541C46]\n\t(No symbol) [0x00007FF776577590]\n\t(No symbol) [0x00007FF77659F39C]\n\t(No symbol) [0x00007FF776577153]\n\t(No symbol) [0x00007FF776540421]\n\t(No symbol) [0x00007FF7765411B3]\n\tGetHandleVerifier [0x00007FF776A2D71D+3223453]\n\tGetHandleVerifier [0x00007FF776A27CC2+3200322]\n\tGetHandleVerifier [0x00007FF776A45AF3+3322739]\n\tGetHandleVerifier [0x00007FF776746A1A+180890]\n\tGetHandleVerifier [0x00007FF77674E11F+211359]\n\tGetHandleVerifier [0x00007FF776735294+109332]\n\tGetHandleVerifier [0x00007FF776735442+109762]\n\tGetHandleVerifier [0x00007FF77671BA59+4825]\n\tBaseThreadInitThunk [0x00007FF9E11BE8D7+23]\n\tRtlUserThreadStart [0x00007FF9E31114FC+44]\n\n","statusTrace":"  File \"C:\\Automação de Testes\\neo_liberalizados-automacao\\venv\\Lib\\site-packages\\behave\\model.py\", line 1329, in run\n    match.run(runner.context)\n  File \"C:\\Automação de Testes\\neo_liberalizados-automacao\\venv\\Lib\\site-packages\\behave\\matchers.py\", line 98, in run\n    self.func(context, *args, **kwargs)\n  File \"C:\\Automação de Testes\\neo_liberalizados-automacao\\venv\\Lib\\site-packages\\allure_commons\\_allure.py\", line 202, in impl\n    return func(*a, **kw)\n           ^^^^^^^^^^^^^^\n  File \"features\\steps\\test_tela_de_usuarios_steps.py\", line 20, in navegar_tela_usuarios\n    context.tela_de_usuarios_page.clicar_botao_perfil()\n  File \"C:\\Automação de Testes\\neo_liberalizados-automacao\\features\\pages\\tela_de_usuarios_pages.py\", line 119, in clicar_botao_perfil\n    botao_perfil.click()\n  File \"C:\\Automação de Testes\\neo_liberalizados-automacao\\venv\\Lib\\site-packages\\selenium\\webdriver\\remote\\webelement.py\", line 119, in click\n    self._execute(Command.CLICK_ELEMENT)\n  File \"C:\\Automação de Testes\\neo_liberalizados-automacao\\venv\\Lib\\site-packages\\selenium\\webdriver\\remote\\webelement.py\", line 572, in _execute\n    return self._parent.execute(command, params)\n           ^^^^^^^^^^^^^^^^^^^^^^^^^^^^^^^^^^^^^\n  File \"C:\\Automação de Testes\\neo_liberalizados-automacao\\venv\\Lib\\site-packages\\selenium\\webdriver\\remote\\webdriver.py\", line 448, in execute\n    self.error_handler.check_response(response)\n  File \"C:\\Automação de Testes\\neo_liberalizados-automacao\\venv\\Lib\\site-packages\\selenium\\webdriver\\remote\\errorhandler.py\", line 232, in check_response\n    raise exception_class(message, screen, stacktrace)\n","steps":[{"name":"Given que o usuário está logado como \"Administrador\"","time":{"start":1747848887534,"stop":1747848887686,"duration":152},"status":"passed","steps":[{"name":"Validando que o usuário está logado como Administrador","time":{"start":1747848887534,"stop":1747848887550,"duration":16},"status":"passed","steps":[],"attachments":[],"parameters":[{"name":"context","value":"<behave.runner.Context object at 0x0000027CF160D9D0>"}],"shouldDisplayMessage":false,"attachmentsCount":0,"attachmentStep":false,"stepsCount":0,"hasContent":true}],"attachments":[],"parameters":[],"shouldDisplayMessage":false,"attachmentsCount":0,"attachmentStep":false,"stepsCount":1,"hasContent":true},{"name":"When o usuário clica no botão \"Novo\" para adicionar usuario","time":{"start":1747848887690,"stop":1747848887969,"duration":279},"status":"passed","steps":[],"attachments":[],"parameters":[],"shouldDisplayMessage":false,"attachmentsCount":0,"attachmentStep":false,"stepsCount":0,"hasContent":false},{"name":"When clica no dropdown de perfil","time":{"start":1747848887969,"stop":1747848898588,"duration":10619},"status":"passed","steps":[],"attachments":[],"parameters":[],"shouldDisplayMessage":false,"attachmentsCount":0,"attachmentStep":false,"stepsCount":0,"hasContent":false},{"name":"When o usuário não preenche os campos obrigatórios","time":{"start":1747848898588,"stop":1747848898755,"duration":167},"status":"passed","steps":[],"attachments":[],"parameters":[],"shouldDisplayMessage":false,"attachmentsCount":0,"attachmentStep":false,"stepsCount":0,"hasContent":false},{"name":"When o usuário clica em \"Salvar\" para salvar o novo usuário","time":{"start":1747848898755,"stop":1747848909412,"duration":10657},"status":"passed","steps":[],"attachments":[],"parameters":[],"shouldDisplayMessage":false,"attachmentsCount":0,"attachmentStep":false,"stepsCount":0,"hasContent":false},{"name":"Then a notificação 'Campos obrigatórios não preenchidos' deve ser exibida","time":{"start":1747848909412,"stop":1747848909658,"duration":246},"status":"passed","steps":[],"attachments":[],"parameters":[],"shouldDisplayMessage":false,"attachmentsCount":0,"attachmentStep":false,"stepsCount":0,"hasContent":false},{"name":"When navega até a tela de usuários - Perfil","time":{"start":1747848909658,"stop":1747848921332,"duration":11674},"status":"broken","statusMessage":"selenium.common.exceptions.ElementClickInterceptedException: Message: element click intercepted: Element <li app-menuitem=\"\" class=\"ng-tns-c773887693-5 ng-tns-c773887693-4 ng-star-inserted active-menuitem\" style=\"\">...</li> is not clickable at point (142, 276). Other element would receive the click: <div class=\"ng-tns-c1729407856-24 p-dialog-mask p-component-overlay p-component-overlay-enter p-dialog-mask-scrollblocker ng-star-inserted\" style=\"z-index: 3207;\">...</div>\n  (Session info: chrome=136.0.7103.114)\nStacktrace:\n\tGetHandleVerifier [0x00007FF77672CF45+75717]\n\tGetHandleVerifier [0x00007FF77672CFA0+75808]\n\t(No symbol) [0x00007FF7764F8F9A]\n\t(No symbol) [0x00007FF776557439]\n\t(No symbol) [0x00007FF776554DF2]\n\t(No symbol) [0x00007FF776551EA1]\n\t(No symbol) [0x00007FF776550DA1]\n\t(No symbol) [0x00007FF776542394]\n\t(No symbol) [0x00007FF77657737A]\n\t(No symbol) [0x00007FF776541C46]\n\t(No symbol) [0x00007FF776577590]\n\t(No symbol) [0x00007FF77659F39C]\n\t(No symbol) [0x00007FF776577153]\n\t(No symbol) [0x00007FF776540421]\n\t(No symbol) [0x00007FF7765411B3]\n\tGetHandleVerifier [0x00007FF776A2D71D+3223453]\n\tGetHandleVerifier [0x00007FF776A27CC2+3200322]\n\tGetHandleVerifier [0x00007FF776A45AF3+3322739]\n\tGetHandleVerifier [0x00007FF776746A1A+180890]\n\tGetHandleVerifier [0x00007FF77674E11F+211359]\n\tGetHandleVerifier [0x00007FF776735294+109332]\n\tGetHandleVerifier [0x00007FF776735442+109762]\n\tGetHandleVerifier [0x00007FF77671BA59+4825]\n\tBaseThreadInitThunk [0x00007FF9E11BE8D7+23]\n\tRtlUserThreadStart [0x00007FF9E31114FC+44]\n\n","statusTrace":"  File \"C:\\Automação de Testes\\neo_liberalizados-automacao\\venv\\Lib\\site-packages\\behave\\model.py\", line 1329, in run\n    match.run(runner.context)\n  File \"C:\\Automação de Testes\\neo_liberalizados-automacao\\venv\\Lib\\site-packages\\behave\\matchers.py\", line 98, in run\n    self.func(context, *args, **kwargs)\n  File \"C:\\Automação de Testes\\neo_liberalizados-automacao\\venv\\Lib\\site-packages\\allure_commons\\_allure.py\", line 202, in impl\n    return func(*a, **kw)\n           ^^^^^^^^^^^^^^\n  File \"features\\steps\\test_tela_de_usuarios_steps.py\", line 20, in navegar_tela_usuarios\n    context.tela_de_usuarios_page.clicar_botao_perfil()\n  File \"C:\\Automação de Testes\\neo_liberalizados-automacao\\features\\pages\\tela_de_usuarios_pages.py\", line 119, in clicar_botao_perfil\n    botao_perfil.click()\n  File \"C:\\Automação de Testes\\neo_liberalizados-automacao\\venv\\Lib\\site-packages\\selenium\\webdriver\\remote\\webelement.py\", line 119, in click\n    self._execute(Command.CLICK_ELEMENT)\n  File \"C:\\Automação de Testes\\neo_liberalizados-automacao\\venv\\Lib\\site-packages\\selenium\\webdriver\\remote\\webelement.py\", line 572, in _execute\n    return self._parent.execute(command, params)\n           ^^^^^^^^^^^^^^^^^^^^^^^^^^^^^^^^^^^^^\n  File \"C:\\Automação de Testes\\neo_liberalizados-automacao\\venv\\Lib\\site-packages\\selenium\\webdriver\\remote\\webdriver.py\", line 448, in execute\n    self.error_handler.check_response(response)\n  File \"C:\\Automação de Testes\\neo_liberalizados-automacao\\venv\\Lib\\site-packages\\selenium\\webdriver\\remote\\errorhandler.py\", line 232, in check_response\n    raise exception_class(message, screen, stacktrace)\n","steps":[{"name":"Navegando até a tela de usuários - Perfil","time":{"start":1747848909658,"stop":1747848921166,"duration":11508},"status":"broken","statusMessage":"selenium.common.exceptions.ElementClickInterceptedException: Message: element click intercepted: Element <li app-menuitem=\"\" class=\"ng-tns-c773887693-5 ng-tns-c773887693-4 ng-star-inserted active-menuitem\" style=\"\">...</li> is not clickable at point (142, 276). Other element would receive the click: <div class=\"ng-tns-c1729407856-24 p-dialog-mask p-component-overlay p-component-overlay-enter p-dialog-mask-scrollblocker ng-star-inserted\" style=\"z-index: 3207;\">...</div>\n  (Session info: chrome=136.0.7103.114)\nStacktrace:\n\tGetHandleVerifier [0x00007FF77672CF45+75717]\n\tGetHandleVerifier [0x00007FF77672CFA0+75808]\n\t(No symbol) [0x00007FF7764F8F9A]\n\t(No symbol) [0x00007FF776557439]\n\t(No symbol) [0x00007FF776554DF2]\n\t(No symbol) [0x00007FF776551EA1]\n\t(No symbol) [0x00007FF776550DA1]\n\t(No symbol) [0x00007FF776542394]\n\t(No symbol) [0x00007FF77657737A]\n\t(No symbol) [0x00007FF776541C46]\n\t(No symbol) [0x00007FF776577590]\n\t(No symbol) [0x00007FF77659F39C]\n\t(No symbol) [0x00007FF776577153]\n\t(No symbol) [0x00007FF776540421]\n\t(No symbol) [0x00007FF7765411B3]\n\tGetHandleVerifier [0x00007FF776A2D71D+3223453]\n\tGetHandleVerifier [0x00007FF776A27CC2+3200322]\n\tGetHandleVerifier [0x00007FF776A45AF3+3322739]\n\tGetHandleVerifier [0x00007FF776746A1A+180890]\n\tGetHandleVerifier [0x00007FF77674E11F+211359]\n\tGetHandleVerifier [0x00007FF776735294+109332]\n\tGetHandleVerifier [0x00007FF776735442+109762]\n\tGetHandleVerifier [0x00007FF77671BA59+4825]\n\tBaseThreadInitThunk [0x00007FF9E11BE8D7+23]\n\tRtlUserThreadStart [0x00007FF9E31114FC+44]\n\n","statusTrace":"  File \"C:\\Automação de Testes\\neo_liberalizados-automacao\\venv\\Lib\\site-packages\\allure_commons\\_allure.py\", line 202, in impl\n    return func(*a, **kw)\n           ^^^^^^^^^^^^^^\n  File \"features\\steps\\test_tela_de_usuarios_steps.py\", line 20, in navegar_tela_usuarios\n    context.tela_de_usuarios_page.clicar_botao_perfil()\n  File \"C:\\Automação de Testes\\neo_liberalizados-automacao\\features\\pages\\tela_de_usuarios_pages.py\", line 119, in clicar_botao_perfil\n    botao_perfil.click()\n  File \"C:\\Automação de Testes\\neo_liberalizados-automacao\\venv\\Lib\\site-packages\\selenium\\webdriver\\remote\\webelement.py\", line 119, in click\n    self._execute(Command.CLICK_ELEMENT)\n  File \"C:\\Automação de Testes\\neo_liberalizados-automacao\\venv\\Lib\\site-packages\\selenium\\webdriver\\remote\\webelement.py\", line 572, in _execute\n    return self._parent.execute(command, params)\n           ^^^^^^^^^^^^^^^^^^^^^^^^^^^^^^^^^^^^^\n  File \"C:\\Automação de Testes\\neo_liberalizados-automacao\\venv\\Lib\\site-packages\\selenium\\webdriver\\remote\\webdriver.py\", line 448, in execute\n    self.error_handler.check_response(response)\n  File \"C:\\Automação de Testes\\neo_liberalizados-automacao\\venv\\Lib\\site-packages\\selenium\\webdriver\\remote\\errorhandler.py\", line 232, in check_response\n    raise exception_class(message, screen, stacktrace)\n","steps":[],"attachments":[],"parameters":[{"name":"context","value":"<behave.runner.Context object at 0x0000027CF160D9D0>"}],"shouldDisplayMessage":true,"attachmentsCount":0,"attachmentStep":false,"stepsCount":0,"hasContent":true}],"attachments":[],"parameters":[],"shouldDisplayMessage":false,"attachmentsCount":0,"attachmentStep":false,"stepsCount":1,"hasContent":true}],"attachments":[],"parameters":[],"shouldDisplayMessage":false,"attachmentsCount":0,"attachmentStep":false,"stepsCount":9,"hasContent":true},"afterStages":[],"labels":[{"name":"severity","value":"normal"},{"name":"feature","value":"Tela de cadastro de usuário"},{"name":"framework","value":"behave"},{"name":"language","value":"cpython3"},{"name":"resultFormat","value":"allure2"}],"parameters":[],"links":[],"hidden":false,"retry":false,"extra":{"severity":"normal","retries":[],"categories":[{"name":"Test defects","matchedStatuses":[]}],"tags":[]},"source":"8fa303e492bb2d15.json","parameterValues":[]}