{"uid":"e6994eac5fe0d797","name":"Acesso não logado","fullName":"Perfil de acesso não logado: Acesso não logado","historyId":"5192b7543149c52fbc4f8a736f180a63","time":{"start":1747917045498,"stop":1747917070028,"duration":24530},"status":"broken","statusMessage":"selenium.common.exceptions.TimeoutException: Message: \nStacktrace:\n\tGetHandleVerifier [0x00007FF63B99CF45+75717]\n\tGetHandleVerifier [0x00007FF63B99CFA0+75808]\n\t(No symbol) [0x00007FF63B768F9A]\n\t(No symbol) [0x00007FF63B7BF4C6]\n\t(No symbol) [0x00007FF63B7BF77C]\n\t(No symbol) [0x00007FF63B812577]\n\t(No symbol) [0x00007FF63B7E73BF]\n\t(No symbol) [0x00007FF63B80F39C]\n\t(No symbol) [0x00007FF63B7E7153]\n\t(No symbol) [0x00007FF63B7B0421]\n\t(No symbol) [0x00007FF63B7B11B3]\n\tGetHandleVerifier [0x00007FF63BC9D71D+3223453]\n\tGetHandleVerifier [0x00007FF63BC97CC2+3200322]\n\tGetHandleVerifier [0x00007FF63BCB5AF3+3322739]\n\tGetHandleVerifier [0x00007FF63B9B6A1A+180890]\n\tGetHandleVerifier [0x00007FF63B9BE11F+211359]\n\tGetHandleVerifier [0x00007FF63B9A5294+109332]\n\tGetHandleVerifier [0x00007FF63B9A5442+109762]\n\tGetHandleVerifier [0x00007FF63B98BA59+4825]\n\tBaseThreadInitThunk [0x00007FF9E11BE8D7+23]\n\tRtlUserThreadStart [0x00007FF9E31114FC+44]\n\n","statusTrace":"  File \"C:\\Automação de Testes\\neo_liberalizados-automacao\\venv\\Lib\\site-packages\\behave\\model.py\", line 1329, in run\n    match.run(runner.context)\n  File \"C:\\Automação de Testes\\neo_liberalizados-automacao\\venv\\Lib\\site-packages\\behave\\matchers.py\", line 98, in run\n    self.func(context, *args, **kwargs)\n  File \"features\\steps\\test_perfil_de_acesso_nao_logado_steps.py\", line 26, in step_acessar_aplicacao_com_login\n    step_impl(context)  # @given('que eu acesso a página de login')\n    ^^^^^^^^^^^^^^^^^^\n  File \"C:\\Automação de Testes\\neo_liberalizados-automacao\\features\\steps\\test_login_steps.py\", line 23, in step_impl\n    esperar_e_executar(context, LoginPageLocators.BOTAO_ENTRAR, context.login_page.navegar_para_pagina_de_login)\n  File \"C:\\Automação de Testes\\neo_liberalizados-automacao\\features\\environment.py\", line 198, in esperar_e_executar\n    WebDriverWait(context.driver, 20).until(EC.element_to_be_clickable(locator))\n  File \"C:\\Automação de Testes\\neo_liberalizados-automacao\\venv\\Lib\\site-packages\\selenium\\webdriver\\support\\wait.py\", line 146, in until\n    raise TimeoutException(message, screen, stacktrace)\n","flaky":false,"newFailed":false,"newBroken":false,"newPassed":false,"retriesCount":0,"retriesStatusChange":false,"beforeStages":[],"testStage":{"status":"broken","statusMessage":"selenium.common.exceptions.TimeoutException: Message: \nStacktrace:\n\tGetHandleVerifier [0x00007FF63B99CF45+75717]\n\tGetHandleVerifier [0x00007FF63B99CFA0+75808]\n\t(No symbol) [0x00007FF63B768F9A]\n\t(No symbol) [0x00007FF63B7BF4C6]\n\t(No symbol) [0x00007FF63B7BF77C]\n\t(No symbol) [0x00007FF63B812577]\n\t(No symbol) [0x00007FF63B7E73BF]\n\t(No symbol) [0x00007FF63B80F39C]\n\t(No symbol) [0x00007FF63B7E7153]\n\t(No symbol) [0x00007FF63B7B0421]\n\t(No symbol) [0x00007FF63B7B11B3]\n\tGetHandleVerifier [0x00007FF63BC9D71D+3223453]\n\tGetHandleVerifier [0x00007FF63BC97CC2+3200322]\n\tGetHandleVerifier [0x00007FF63BCB5AF3+3322739]\n\tGetHandleVerifier [0x00007FF63B9B6A1A+180890]\n\tGetHandleVerifier [0x00007FF63B9BE11F+211359]\n\tGetHandleVerifier [0x00007FF63B9A5294+109332]\n\tGetHandleVerifier [0x00007FF63B9A5442+109762]\n\tGetHandleVerifier [0x00007FF63B98BA59+4825]\n\tBaseThreadInitThunk [0x00007FF9E11BE8D7+23]\n\tRtlUserThreadStart [0x00007FF9E31114FC+44]\n\n","statusTrace":"  File \"C:\\Automação de Testes\\neo_liberalizados-automacao\\venv\\Lib\\site-packages\\behave\\model.py\", line 1329, in run\n    match.run(runner.context)\n  File \"C:\\Automação de Testes\\neo_liberalizados-automacao\\venv\\Lib\\site-packages\\behave\\matchers.py\", line 98, in run\n    self.func(context, *args, **kwargs)\n  File \"features\\steps\\test_perfil_de_acesso_nao_logado_steps.py\", line 26, in step_acessar_aplicacao_com_login\n    step_impl(context)  # @given('que eu acesso a página de login')\n    ^^^^^^^^^^^^^^^^^^\n  File \"C:\\Automação de Testes\\neo_liberalizados-automacao\\features\\steps\\test_login_steps.py\", line 23, in step_impl\n    esperar_e_executar(context, LoginPageLocators.BOTAO_ENTRAR, context.login_page.navegar_para_pagina_de_login)\n  File \"C:\\Automação de Testes\\neo_liberalizados-automacao\\features\\environment.py\", line 198, in esperar_e_executar\n    WebDriverWait(context.driver, 20).until(EC.element_to_be_clickable(locator))\n  File \"C:\\Automação de Testes\\neo_liberalizados-automacao\\venv\\Lib\\site-packages\\selenium\\webdriver\\support\\wait.py\", line 146, in until\n    raise TimeoutException(message, screen, stacktrace)\n","steps":[{"name":"Given que o usuário não está logado","time":{"start":1747917045502,"stop":1747917048658,"duration":3156},"status":"passed","steps":[],"attachments":[],"parameters":[],"hasContent":false,"stepsCount":0,"attachmentStep":false,"shouldDisplayMessage":false,"attachmentsCount":0},{"name":"When eu tento acessar a aplicação","time":{"start":1747917048658,"stop":1747917070027,"duration":21369},"status":"broken","statusMessage":"selenium.common.exceptions.TimeoutException: Message: \nStacktrace:\n\tGetHandleVerifier [0x00007FF63B99CF45+75717]\n\tGetHandleVerifier [0x00007FF63B99CFA0+75808]\n\t(No symbol) [0x00007FF63B768F9A]\n\t(No symbol) [0x00007FF63B7BF4C6]\n\t(No symbol) [0x00007FF63B7BF77C]\n\t(No symbol) [0x00007FF63B812577]\n\t(No symbol) [0x00007FF63B7E73BF]\n\t(No symbol) [0x00007FF63B80F39C]\n\t(No symbol) [0x00007FF63B7E7153]\n\t(No symbol) [0x00007FF63B7B0421]\n\t(No symbol) [0x00007FF63B7B11B3]\n\tGetHandleVerifier [0x00007FF63BC9D71D+3223453]\n\tGetHandleVerifier [0x00007FF63BC97CC2+3200322]\n\tGetHandleVerifier [0x00007FF63BCB5AF3+3322739]\n\tGetHandleVerifier [0x00007FF63B9B6A1A+180890]\n\tGetHandleVerifier [0x00007FF63B9BE11F+211359]\n\tGetHandleVerifier [0x00007FF63B9A5294+109332]\n\tGetHandleVerifier [0x00007FF63B9A5442+109762]\n\tGetHandleVerifier [0x00007FF63B98BA59+4825]\n\tBaseThreadInitThunk [0x00007FF9E11BE8D7+23]\n\tRtlUserThreadStart [0x00007FF9E31114FC+44]\n\n","statusTrace":"  File \"C:\\Automação de Testes\\neo_liberalizados-automacao\\venv\\Lib\\site-packages\\behave\\model.py\", line 1329, in run\n    match.run(runner.context)\n  File \"C:\\Automação de Testes\\neo_liberalizados-automacao\\venv\\Lib\\site-packages\\behave\\matchers.py\", line 98, in run\n    self.func(context, *args, **kwargs)\n  File \"features\\steps\\test_perfil_de_acesso_nao_logado_steps.py\", line 26, in step_acessar_aplicacao_com_login\n    step_impl(context)  # @given('que eu acesso a página de login')\n    ^^^^^^^^^^^^^^^^^^\n  File \"C:\\Automação de Testes\\neo_liberalizados-automacao\\features\\steps\\test_login_steps.py\", line 23, in step_impl\n    esperar_e_executar(context, LoginPageLocators.BOTAO_ENTRAR, context.login_page.navegar_para_pagina_de_login)\n  File \"C:\\Automação de Testes\\neo_liberalizados-automacao\\features\\environment.py\", line 198, in esperar_e_executar\n    WebDriverWait(context.driver, 20).until(EC.element_to_be_clickable(locator))\n  File \"C:\\Automação de Testes\\neo_liberalizados-automacao\\venv\\Lib\\site-packages\\selenium\\webdriver\\support\\wait.py\", line 146, in until\n    raise TimeoutException(message, screen, stacktrace)\n","steps":[],"attachments":[],"parameters":[],"hasContent":true,"stepsCount":0,"attachmentStep":false,"shouldDisplayMessage":true,"attachmentsCount":0},{"name":"Then eu não devo visualizar nada","time":{"start":1747917070028,"stop":1747917070028,"duration":0},"status":"skipped","steps":[],"attachments":[],"parameters":[],"hasContent":false,"stepsCount":0,"attachmentStep":false,"shouldDisplayMessage":false,"attachmentsCount":0}],"attachments":[],"parameters":[],"hasContent":true,"stepsCount":3,"attachmentStep":false,"shouldDisplayMessage":false,"attachmentsCount":0},"afterStages":[],"labels":[{"name":"severity","value":"normal"},{"name":"feature","value":"Perfil de acesso não logado"},{"name":"framework","value":"behave"},{"name":"language","value":"cpython3"},{"name":"resultFormat","value":"allure2"}],"parameters":[],"links":[],"hidden":false,"retry":false,"extra":{"severity":"normal","retries":[],"categories":[{"name":"Test defects","matchedStatuses":[]}],"tags":[]},"source":"e6994eac5fe0d797.json","parameterValues":[]}