{"uid":"2968fc1de929348f","name":"Acesso não logado","fullName":"Perfil de acesso não logado: Acesso não logado","historyId":"5192b7543149c52fbc4f8a736f180a63","time":{"start":1747860447351,"stop":1747860472189,"duration":24838},"status":"broken","statusMessage":"selenium.common.exceptions.TimeoutException: Message: \nStacktrace:\n\tGetHandleVerifier [0x00007FF76892CF45+75717]\n\tGetHandleVerifier [0x00007FF76892CFA0+75808]\n\t(No symbol) [0x00007FF7686F8F9A]\n\t(No symbol) [0x00007FF76874F4C6]\n\t(No symbol) [0x00007FF76874F77C]\n\t(No symbol) [0x00007FF7687A2577]\n\t(No symbol) [0x00007FF7687773BF]\n\t(No symbol) [0x00007FF76879F39C]\n\t(No symbol) [0x00007FF768777153]\n\t(No symbol) [0x00007FF768740421]\n\t(No symbol) [0x00007FF7687411B3]\n\tGetHandleVerifier [0x00007FF768C2D71D+3223453]\n\tGetHandleVerifier [0x00007FF768C27CC2+3200322]\n\tGetHandleVerifier [0x00007FF768C45AF3+3322739]\n\tGetHandleVerifier [0x00007FF768946A1A+180890]\n\tGetHandleVerifier [0x00007FF76894E11F+211359]\n\tGetHandleVerifier [0x00007FF768935294+109332]\n\tGetHandleVerifier [0x00007FF768935442+109762]\n\tGetHandleVerifier [0x00007FF76891BA59+4825]\n\tBaseThreadInitThunk [0x00007FF9E11BE8D7+23]\n\tRtlUserThreadStart [0x00007FF9E31114FC+44]\n\n","statusTrace":"  File \"C:\\Automação de Testes\\neo_liberalizados-automacao\\venv\\Lib\\site-packages\\behave\\model.py\", line 1329, in run\n    match.run(runner.context)\n  File \"C:\\Automação de Testes\\neo_liberalizados-automacao\\venv\\Lib\\site-packages\\behave\\matchers.py\", line 98, in run\n    self.func(context, *args, **kwargs)\n  File \"features\\steps\\test_perfil_de_acesso_nao_logado_steps.py\", line 26, in step_acessar_aplicacao_com_login\n    step_impl(context)  # @given('que eu acesso a página de login')\n    ^^^^^^^^^^^^^^^^^^\n  File \"C:\\Automação de Testes\\neo_liberalizados-automacao\\features\\steps\\test_login_steps.py\", line 23, in step_impl\n    esperar_e_executar(context, LoginPageLocators.BOTAO_ENTRAR, context.login_page.navegar_para_pagina_de_login)\n  File \"C:\\Automação de Testes\\neo_liberalizados-automacao\\features\\environment.py\", line 198, in esperar_e_executar\n    WebDriverWait(context.driver, 20).until(EC.element_to_be_clickable(locator))\n  File \"C:\\Automação de Testes\\neo_liberalizados-automacao\\venv\\Lib\\site-packages\\selenium\\webdriver\\support\\wait.py\", line 146, in until\n    raise TimeoutException(message, screen, stacktrace)\n","flaky":false,"newFailed":false,"newBroken":false,"newPassed":false,"retriesCount":0,"retriesStatusChange":false,"beforeStages":[],"testStage":{"status":"broken","statusMessage":"selenium.common.exceptions.TimeoutException: Message: \nStacktrace:\n\tGetHandleVerifier [0x00007FF76892CF45+75717]\n\tGetHandleVerifier [0x00007FF76892CFA0+75808]\n\t(No symbol) [0x00007FF7686F8F9A]\n\t(No symbol) [0x00007FF76874F4C6]\n\t(No symbol) [0x00007FF76874F77C]\n\t(No symbol) [0x00007FF7687A2577]\n\t(No symbol) [0x00007FF7687773BF]\n\t(No symbol) [0x00007FF76879F39C]\n\t(No symbol) [0x00007FF768777153]\n\t(No symbol) [0x00007FF768740421]\n\t(No symbol) [0x00007FF7687411B3]\n\tGetHandleVerifier [0x00007FF768C2D71D+3223453]\n\tGetHandleVerifier [0x00007FF768C27CC2+3200322]\n\tGetHandleVerifier [0x00007FF768C45AF3+3322739]\n\tGetHandleVerifier [0x00007FF768946A1A+180890]\n\tGetHandleVerifier [0x00007FF76894E11F+211359]\n\tGetHandleVerifier [0x00007FF768935294+109332]\n\tGetHandleVerifier [0x00007FF768935442+109762]\n\tGetHandleVerifier [0x00007FF76891BA59+4825]\n\tBaseThreadInitThunk [0x00007FF9E11BE8D7+23]\n\tRtlUserThreadStart [0x00007FF9E31114FC+44]\n\n","statusTrace":"  File \"C:\\Automação de Testes\\neo_liberalizados-automacao\\venv\\Lib\\site-packages\\behave\\model.py\", line 1329, in run\n    match.run(runner.context)\n  File \"C:\\Automação de Testes\\neo_liberalizados-automacao\\venv\\Lib\\site-packages\\behave\\matchers.py\", line 98, in run\n    self.func(context, *args, **kwargs)\n  File \"features\\steps\\test_perfil_de_acesso_nao_logado_steps.py\", line 26, in step_acessar_aplicacao_com_login\n    step_impl(context)  # @given('que eu acesso a página de login')\n    ^^^^^^^^^^^^^^^^^^\n  File \"C:\\Automação de Testes\\neo_liberalizados-automacao\\features\\steps\\test_login_steps.py\", line 23, in step_impl\n    esperar_e_executar(context, LoginPageLocators.BOTAO_ENTRAR, context.login_page.navegar_para_pagina_de_login)\n  File \"C:\\Automação de Testes\\neo_liberalizados-automacao\\features\\environment.py\", line 198, in esperar_e_executar\n    WebDriverWait(context.driver, 20).until(EC.element_to_be_clickable(locator))\n  File \"C:\\Automação de Testes\\neo_liberalizados-automacao\\venv\\Lib\\site-packages\\selenium\\webdriver\\support\\wait.py\", line 146, in until\n    raise TimeoutException(message, screen, stacktrace)\n","steps":[{"name":"Given que o usuário não está logado","time":{"start":1747860447354,"stop":1747860450506,"duration":3152},"status":"passed","steps":[],"attachments":[],"parameters":[],"attachmentStep":false,"stepsCount":0,"hasContent":false,"shouldDisplayMessage":false,"attachmentsCount":0},{"name":"When eu tento acessar a aplicação","time":{"start":1747860450506,"stop":1747860472189,"duration":21683},"status":"broken","statusMessage":"selenium.common.exceptions.TimeoutException: Message: \nStacktrace:\n\tGetHandleVerifier [0x00007FF76892CF45+75717]\n\tGetHandleVerifier [0x00007FF76892CFA0+75808]\n\t(No symbol) [0x00007FF7686F8F9A]\n\t(No symbol) [0x00007FF76874F4C6]\n\t(No symbol) [0x00007FF76874F77C]\n\t(No symbol) [0x00007FF7687A2577]\n\t(No symbol) [0x00007FF7687773BF]\n\t(No symbol) [0x00007FF76879F39C]\n\t(No symbol) [0x00007FF768777153]\n\t(No symbol) [0x00007FF768740421]\n\t(No symbol) [0x00007FF7687411B3]\n\tGetHandleVerifier [0x00007FF768C2D71D+3223453]\n\tGetHandleVerifier [0x00007FF768C27CC2+3200322]\n\tGetHandleVerifier [0x00007FF768C45AF3+3322739]\n\tGetHandleVerifier [0x00007FF768946A1A+180890]\n\tGetHandleVerifier [0x00007FF76894E11F+211359]\n\tGetHandleVerifier [0x00007FF768935294+109332]\n\tGetHandleVerifier [0x00007FF768935442+109762]\n\tGetHandleVerifier [0x00007FF76891BA59+4825]\n\tBaseThreadInitThunk [0x00007FF9E11BE8D7+23]\n\tRtlUserThreadStart [0x00007FF9E31114FC+44]\n\n","statusTrace":"  File \"C:\\Automação de Testes\\neo_liberalizados-automacao\\venv\\Lib\\site-packages\\behave\\model.py\", line 1329, in run\n    match.run(runner.context)\n  File \"C:\\Automação de Testes\\neo_liberalizados-automacao\\venv\\Lib\\site-packages\\behave\\matchers.py\", line 98, in run\n    self.func(context, *args, **kwargs)\n  File \"features\\steps\\test_perfil_de_acesso_nao_logado_steps.py\", line 26, in step_acessar_aplicacao_com_login\n    step_impl(context)  # @given('que eu acesso a página de login')\n    ^^^^^^^^^^^^^^^^^^\n  File \"C:\\Automação de Testes\\neo_liberalizados-automacao\\features\\steps\\test_login_steps.py\", line 23, in step_impl\n    esperar_e_executar(context, LoginPageLocators.BOTAO_ENTRAR, context.login_page.navegar_para_pagina_de_login)\n  File \"C:\\Automação de Testes\\neo_liberalizados-automacao\\features\\environment.py\", line 198, in esperar_e_executar\n    WebDriverWait(context.driver, 20).until(EC.element_to_be_clickable(locator))\n  File \"C:\\Automação de Testes\\neo_liberalizados-automacao\\venv\\Lib\\site-packages\\selenium\\webdriver\\support\\wait.py\", line 146, in until\n    raise TimeoutException(message, screen, stacktrace)\n","steps":[],"attachments":[],"parameters":[],"attachmentStep":false,"stepsCount":0,"hasContent":true,"shouldDisplayMessage":true,"attachmentsCount":0},{"name":"Then eu não devo visualizar nada","time":{"start":1747860472189,"stop":1747860472189,"duration":0},"status":"skipped","steps":[],"attachments":[],"parameters":[],"attachmentStep":false,"stepsCount":0,"hasContent":false,"shouldDisplayMessage":false,"attachmentsCount":0}],"attachments":[],"parameters":[],"attachmentStep":false,"stepsCount":3,"hasContent":true,"shouldDisplayMessage":false,"attachmentsCount":0},"afterStages":[],"labels":[{"name":"severity","value":"normal"},{"name":"feature","value":"Perfil de acesso não logado"},{"name":"framework","value":"behave"},{"name":"language","value":"cpython3"},{"name":"resultFormat","value":"allure2"}],"parameters":[],"links":[],"hidden":false,"retry":false,"extra":{"severity":"normal","retries":[],"categories":[{"name":"Test defects","matchedStatuses":[]}],"tags":[]},"source":"2968fc1de929348f.json","parameterValues":[]}