{"uid":"72a11dbdf62486d8","name":"Campos obrigatórios não preenchidos","fullName":"Tela de cadastro de usuário: Campos obrigatórios não preenchidos","historyId":"b2491bd1e907593bcf63782f808a7737","time":{"start":1747839020348,"stop":1747839032173,"duration":11825},"status":"broken","statusMessage":"selenium.common.exceptions.ElementClickInterceptedException: Message: element click intercepted: Element <button pbutton=\"\" pripple=\"\" label=\"Novo\" class=\"p-element p-ripple p-button-success mr-2 w-8rem p-button p-component\">...</button> is not clickable at point (469, 179). Other element would receive the click: <div class=\"ng-tns-c1729407856-24 p-dialog-mask p-component-overlay p-component-overlay-enter p-dialog-mask-scrollblocker ng-star-inserted\" style=\"z-index: 1107;\">...</div>\n  (Session info: chrome=136.0.7103.114)\nStacktrace:\n\tGetHandleVerifier [0x00007FF67CA1CF65+75717]\n\tGetHandleVerifier [0x00007FF67CA1CFC0+75808]\n\t(No symbol) [0x00007FF67C7E8F9A]\n\t(No symbol) [0x00007FF67C847439]\n\t(No symbol) [0x00007FF67C844DF2]\n\t(No symbol) [0x00007FF67C841EA1]\n\t(No symbol) [0x00007FF67C840DA1]\n\t(No symbol) [0x00007FF67C832394]\n\t(No symbol) [0x00007FF67C86737A]\n\t(No symbol) [0x00007FF67C831C46]\n\t(No symbol) [0x00007FF67C867590]\n\t(No symbol) [0x00007FF67C88F39C]\n\t(No symbol) [0x00007FF67C867153]\n\t(No symbol) [0x00007FF67C830421]\n\t(No symbol) [0x00007FF67C8311B3]\n\tGetHandleVerifier [0x00007FF67CD1D74D+3223469]\n\tGetHandleVerifier [0x00007FF67CD17CF2+3200338]\n\tGetHandleVerifier [0x00007FF67CD35B23+3322755]\n\tGetHandleVerifier [0x00007FF67CA36A3A+180890]\n\tGetHandleVerifier [0x00007FF67CA3E13F+211359]\n\tGetHandleVerifier [0x00007FF67CA252B4+109332]\n\tGetHandleVerifier [0x00007FF67CA25462+109762]\n\tGetHandleVerifier [0x00007FF67CA0BA79+4825]\n\tBaseThreadInitThunk [0x00007FF9E11BE8D7+23]\n\tRtlUserThreadStart [0x00007FF9E31114FC+44]\n\n","statusTrace":"  File \"C:\\Automação de Testes\\neo_liberalizados-automacao\\venv\\Lib\\site-packages\\behave\\model.py\", line 1329, in run\n    match.run(runner.context)\n  File \"C:\\Automação de Testes\\neo_liberalizados-automacao\\venv\\Lib\\site-packages\\behave\\matchers.py\", line 98, in run\n    self.func(context, *args, **kwargs)\n  File \"features\\steps\\test_tela_de_usuarios_steps.py\", line 62, in step_clica_botao_novo\n    context.tela_de_usuarios_page.clicar_botao_novo()\n  File \"C:\\Automação de Testes\\neo_liberalizados-automacao\\features\\pages\\tela_de_usuarios_pages.py\", line 197, in clicar_botao_novo\n    botao_novo.click()\n  File \"C:\\Automação de Testes\\neo_liberalizados-automacao\\venv\\Lib\\site-packages\\selenium\\webdriver\\remote\\webelement.py\", line 119, in click\n    self._execute(Command.CLICK_ELEMENT)\n  File \"C:\\Automação de Testes\\neo_liberalizados-automacao\\venv\\Lib\\site-packages\\selenium\\webdriver\\remote\\webelement.py\", line 572, in _execute\n    return self._parent.execute(command, params)\n           ^^^^^^^^^^^^^^^^^^^^^^^^^^^^^^^^^^^^^\n  File \"C:\\Automação de Testes\\neo_liberalizados-automacao\\venv\\Lib\\site-packages\\selenium\\webdriver\\remote\\webdriver.py\", line 448, in execute\n    self.error_handler.check_response(response)\n  File \"C:\\Automação de Testes\\neo_liberalizados-automacao\\venv\\Lib\\site-packages\\selenium\\webdriver\\remote\\errorhandler.py\", line 232, in check_response\n    raise exception_class(message, screen, stacktrace)\n","flaky":false,"newFailed":false,"newBroken":false,"newPassed":false,"retriesCount":0,"retriesStatusChange":false,"beforeStages":[],"testStage":{"status":"broken","statusMessage":"selenium.common.exceptions.ElementClickInterceptedException: Message: element click intercepted: Element <button pbutton=\"\" pripple=\"\" label=\"Novo\" class=\"p-element p-ripple p-button-success mr-2 w-8rem p-button p-component\">...</button> is not clickable at point (469, 179). Other element would receive the click: <div class=\"ng-tns-c1729407856-24 p-dialog-mask p-component-overlay p-component-overlay-enter p-dialog-mask-scrollblocker ng-star-inserted\" style=\"z-index: 1107;\">...</div>\n  (Session info: chrome=136.0.7103.114)\nStacktrace:\n\tGetHandleVerifier [0x00007FF67CA1CF65+75717]\n\tGetHandleVerifier [0x00007FF67CA1CFC0+75808]\n\t(No symbol) [0x00007FF67C7E8F9A]\n\t(No symbol) [0x00007FF67C847439]\n\t(No symbol) [0x00007FF67C844DF2]\n\t(No symbol) [0x00007FF67C841EA1]\n\t(No symbol) [0x00007FF67C840DA1]\n\t(No symbol) [0x00007FF67C832394]\n\t(No symbol) [0x00007FF67C86737A]\n\t(No symbol) [0x00007FF67C831C46]\n\t(No symbol) [0x00007FF67C867590]\n\t(No symbol) [0x00007FF67C88F39C]\n\t(No symbol) [0x00007FF67C867153]\n\t(No symbol) [0x00007FF67C830421]\n\t(No symbol) [0x00007FF67C8311B3]\n\tGetHandleVerifier [0x00007FF67CD1D74D+3223469]\n\tGetHandleVerifier [0x00007FF67CD17CF2+3200338]\n\tGetHandleVerifier [0x00007FF67CD35B23+3322755]\n\tGetHandleVerifier [0x00007FF67CA36A3A+180890]\n\tGetHandleVerifier [0x00007FF67CA3E13F+211359]\n\tGetHandleVerifier [0x00007FF67CA252B4+109332]\n\tGetHandleVerifier [0x00007FF67CA25462+109762]\n\tGetHandleVerifier [0x00007FF67CA0BA79+4825]\n\tBaseThreadInitThunk [0x00007FF9E11BE8D7+23]\n\tRtlUserThreadStart [0x00007FF9E31114FC+44]\n\n","statusTrace":"  File \"C:\\Automação de Testes\\neo_liberalizados-automacao\\venv\\Lib\\site-packages\\behave\\model.py\", line 1329, in run\n    match.run(runner.context)\n  File \"C:\\Automação de Testes\\neo_liberalizados-automacao\\venv\\Lib\\site-packages\\behave\\matchers.py\", line 98, in run\n    self.func(context, *args, **kwargs)\n  File \"features\\steps\\test_tela_de_usuarios_steps.py\", line 62, in step_clica_botao_novo\n    context.tela_de_usuarios_page.clicar_botao_novo()\n  File \"C:\\Automação de Testes\\neo_liberalizados-automacao\\features\\pages\\tela_de_usuarios_pages.py\", line 197, in clicar_botao_novo\n    botao_novo.click()\n  File \"C:\\Automação de Testes\\neo_liberalizados-automacao\\venv\\Lib\\site-packages\\selenium\\webdriver\\remote\\webelement.py\", line 119, in click\n    self._execute(Command.CLICK_ELEMENT)\n  File \"C:\\Automação de Testes\\neo_liberalizados-automacao\\venv\\Lib\\site-packages\\selenium\\webdriver\\remote\\webelement.py\", line 572, in _execute\n    return self._parent.execute(command, params)\n           ^^^^^^^^^^^^^^^^^^^^^^^^^^^^^^^^^^^^^\n  File \"C:\\Automação de Testes\\neo_liberalizados-automacao\\venv\\Lib\\site-packages\\selenium\\webdriver\\remote\\webdriver.py\", line 448, in execute\n    self.error_handler.check_response(response)\n  File \"C:\\Automação de Testes\\neo_liberalizados-automacao\\venv\\Lib\\site-packages\\selenium\\webdriver\\remote\\errorhandler.py\", line 232, in check_response\n    raise exception_class(message, screen, stacktrace)\n","steps":[{"name":"When que o usuário está logado como \"Administrador\"","time":{"start":1747839020349,"stop":1747839020596,"duration":247},"status":"passed","steps":[{"name":"Validando que o usuário está logado como Administrador","time":{"start":1747839020349,"stop":1747839020380,"duration":31},"status":"passed","steps":[],"attachments":[],"parameters":[{"name":"context","value":"<behave.runner.Context object at 0x00000293AE39D9D0>"}],"shouldDisplayMessage":false,"attachmentsCount":0,"attachmentStep":false,"stepsCount":0,"hasContent":true}],"attachments":[],"parameters":[],"shouldDisplayMessage":false,"attachmentsCount":0,"attachmentStep":false,"stepsCount":1,"hasContent":true},{"name":"When o usuário clica no botão \"Novo\" para adicionar usuario","time":{"start":1747839020596,"stop":1747839032172,"duration":11576},"status":"broken","statusMessage":"selenium.common.exceptions.ElementClickInterceptedException: Message: element click intercepted: Element <button pbutton=\"\" pripple=\"\" label=\"Novo\" class=\"p-element p-ripple p-button-success mr-2 w-8rem p-button p-component\">...</button> is not clickable at point (469, 179). Other element would receive the click: <div class=\"ng-tns-c1729407856-24 p-dialog-mask p-component-overlay p-component-overlay-enter p-dialog-mask-scrollblocker ng-star-inserted\" style=\"z-index: 1107;\">...</div>\n  (Session info: chrome=136.0.7103.114)\nStacktrace:\n\tGetHandleVerifier [0x00007FF67CA1CF65+75717]\n\tGetHandleVerifier [0x00007FF67CA1CFC0+75808]\n\t(No symbol) [0x00007FF67C7E8F9A]\n\t(No symbol) [0x00007FF67C847439]\n\t(No symbol) [0x00007FF67C844DF2]\n\t(No symbol) [0x00007FF67C841EA1]\n\t(No symbol) [0x00007FF67C840DA1]\n\t(No symbol) [0x00007FF67C832394]\n\t(No symbol) [0x00007FF67C86737A]\n\t(No symbol) [0x00007FF67C831C46]\n\t(No symbol) [0x00007FF67C867590]\n\t(No symbol) [0x00007FF67C88F39C]\n\t(No symbol) [0x00007FF67C867153]\n\t(No symbol) [0x00007FF67C830421]\n\t(No symbol) [0x00007FF67C8311B3]\n\tGetHandleVerifier [0x00007FF67CD1D74D+3223469]\n\tGetHandleVerifier [0x00007FF67CD17CF2+3200338]\n\tGetHandleVerifier [0x00007FF67CD35B23+3322755]\n\tGetHandleVerifier [0x00007FF67CA36A3A+180890]\n\tGetHandleVerifier [0x00007FF67CA3E13F+211359]\n\tGetHandleVerifier [0x00007FF67CA252B4+109332]\n\tGetHandleVerifier [0x00007FF67CA25462+109762]\n\tGetHandleVerifier [0x00007FF67CA0BA79+4825]\n\tBaseThreadInitThunk [0x00007FF9E11BE8D7+23]\n\tRtlUserThreadStart [0x00007FF9E31114FC+44]\n\n","statusTrace":"  File \"C:\\Automação de Testes\\neo_liberalizados-automacao\\venv\\Lib\\site-packages\\behave\\model.py\", line 1329, in run\n    match.run(runner.context)\n  File \"C:\\Automação de Testes\\neo_liberalizados-automacao\\venv\\Lib\\site-packages\\behave\\matchers.py\", line 98, in run\n    self.func(context, *args, **kwargs)\n  File \"features\\steps\\test_tela_de_usuarios_steps.py\", line 62, in step_clica_botao_novo\n    context.tela_de_usuarios_page.clicar_botao_novo()\n  File \"C:\\Automação de Testes\\neo_liberalizados-automacao\\features\\pages\\tela_de_usuarios_pages.py\", line 197, in clicar_botao_novo\n    botao_novo.click()\n  File \"C:\\Automação de Testes\\neo_liberalizados-automacao\\venv\\Lib\\site-packages\\selenium\\webdriver\\remote\\webelement.py\", line 119, in click\n    self._execute(Command.CLICK_ELEMENT)\n  File \"C:\\Automação de Testes\\neo_liberalizados-automacao\\venv\\Lib\\site-packages\\selenium\\webdriver\\remote\\webelement.py\", line 572, in _execute\n    return self._parent.execute(command, params)\n           ^^^^^^^^^^^^^^^^^^^^^^^^^^^^^^^^^^^^^\n  File \"C:\\Automação de Testes\\neo_liberalizados-automacao\\venv\\Lib\\site-packages\\selenium\\webdriver\\remote\\webdriver.py\", line 448, in execute\n    self.error_handler.check_response(response)\n  File \"C:\\Automação de Testes\\neo_liberalizados-automacao\\venv\\Lib\\site-packages\\selenium\\webdriver\\remote\\errorhandler.py\", line 232, in check_response\n    raise exception_class(message, screen, stacktrace)\n","steps":[],"attachments":[],"parameters":[],"shouldDisplayMessage":true,"attachmentsCount":0,"attachmentStep":false,"stepsCount":0,"hasContent":true},{"name":"When clica no dropdown de perfil","time":{"start":1747839032173,"stop":1747839032173,"duration":0},"status":"skipped","steps":[],"attachments":[],"parameters":[],"shouldDisplayMessage":false,"attachmentsCount":0,"attachmentStep":false,"stepsCount":0,"hasContent":false},{"name":"When o usuário não preenche os campos obrigatórios","time":{"start":1747839032173,"stop":1747839032173,"duration":0},"status":"skipped","steps":[],"attachments":[],"parameters":[],"shouldDisplayMessage":false,"attachmentsCount":0,"attachmentStep":false,"stepsCount":0,"hasContent":false},{"name":"When o usuário clica em \"Salvar\" para salvar o novo usuário","time":{"start":1747839032173,"stop":1747839032173,"duration":0},"status":"skipped","steps":[],"attachments":[],"parameters":[],"shouldDisplayMessage":false,"attachmentsCount":0,"attachmentStep":false,"stepsCount":0,"hasContent":false},{"name":"Then a notificação 'Campos obrigatórios não preenchidos' deve ser exibida","time":{"start":1747839032173,"stop":1747839032173,"duration":0},"status":"skipped","steps":[],"attachments":[],"parameters":[],"shouldDisplayMessage":false,"attachmentsCount":0,"attachmentStep":false,"stepsCount":0,"hasContent":false},{"name":"When navega até a tela de usuários - Perfil","time":{"start":1747839032173,"stop":1747839032173,"duration":0},"status":"skipped","steps":[],"attachments":[],"parameters":[],"shouldDisplayMessage":false,"attachmentsCount":0,"attachmentStep":false,"stepsCount":0,"hasContent":false}],"attachments":[],"parameters":[],"shouldDisplayMessage":false,"attachmentsCount":0,"attachmentStep":false,"stepsCount":8,"hasContent":true},"afterStages":[],"labels":[{"name":"severity","value":"normal"},{"name":"feature","value":"Tela de cadastro de usuário"},{"name":"framework","value":"behave"},{"name":"language","value":"cpython3"},{"name":"resultFormat","value":"allure2"}],"parameters":[],"links":[],"hidden":false,"retry":false,"extra":{"severity":"normal","retries":[],"categories":[{"name":"Test defects","matchedStatuses":[]}],"tags":[]},"source":"72a11dbdf62486d8.json","parameterValues":[]}